#
# A fatal error has been detected by the Java Runtime Environment:
#
#  EXCEPTION_ACCESS_VIOLATION (0xc0000005) at pc=0x0000000055e0f040, pid=5572, tid=9356
#
# JRE version: Java(TM) SE Runtime Environment (8.0_91-b15) (build 1.8.0_91-b15)
# Java VM: Java HotSpot(TM) 64-Bit Server VM (25.91-b15 mixed mode windows-amd64 compressed oops)
# Problematic frame:
# V  [jvm.dll+0x4ef040]
#
# Failed to write core dump. Minidumps are not enabled by default on client versions of Windows
#
# If you would like to submit a bug report, please visit:
#   http://bugreport.java.com/bugreport/crash.jsp
#

---------------  T H R E A D  ---------------

Current thread (0x000000001569d000):  JavaThread "C2 CompilerThread1" daemon [_thread_in_native, id=9356, stack(0x00000000170f0000,0x00000000171f0000)]

siginfo: ExceptionCode=0xc0000005, reading address 0x000000000000002c

Registers:
RAX=0x0000000019888060, RBX=0x0000000018d76900, RCX=0x0000000000000000, RDX=0x00000000000039ac
RSP=0x00000000171ebe98, RBP=0x00000000171ebfa0, RSI=0x0000000000000001, RDI=0x0000000018d75050
R8 =0x0000000000000001, R9 =0x0000000000000022, R10=0x000000001a51d388, R11=0x0000000000000015
R12=0x0000000000000008, R13=0x0000000019a1ad50, R14=0x0000000000000034, R15=0x0000000000000000
RIP=0x0000000055e0f040, EFLAGS=0x0000000000010202

Top of Stack: (sp=0x00000000171ebe98)
0x00000000171ebe98:   0000000055e2feeb 0000000000000cd6
0x00000000171ebea8:   0000000000000e87 00000000171ebfa0
0x00000000171ebeb8:   0000000000000003 0000000000000009
0x00000000171ebec8:   0000000000004a6b 0000000000000001
0x00000000171ebed8:   0000000019880000 00000000171ec080
0x00000000171ebee8:   0000000000000000 000000000000000c
0x00000000171ebef8:   0000000017daa558 0000000000000005
0x00000000171ebf08:   0000000000000005 00000000561336d0
0x00000000171ebf18:   00000005000000f1 0000186000000000
0x00000000171ebf28:   00000000171ec270 000000000000000f
0x00000000171ebf38:   0000000019878080 0000000000000001
0x00000000171ebf48:   00001860000000f1 00000000171ec270
0x00000000171ebf58:   000000000000000f 0000000019870090
0x00000000171ebf68:   0000000000000001 00000000196a5b40
0x00000000171ebf78:   0000000016d86e70 00000000000000b3
0x00000000171ebf88:   00000000000003d8 0000000016d87248 

Instructions: (pc=0x0000000055e0f040)
0x0000000055e0f020:   01 ff 10 c1 eb 02 03 c3 48 8b 5c 24 30 03 47 18
0x0000000055e0f030:   48 83 c4 20 5f c3 cc cc cc cc cc cc cc cc cc cc
0x0000000055e0f040:   0f b6 41 2c 24 03 3c 02 75 05 e9 a1 39 fe ff 0f
0x0000000055e0f050:   b7 41 2e d1 e8 83 e0 01 c3 cc cc cc cc cc cc cc 


Register to memory mapping:

RAX=0x0000000019888060 is an unknown value
RBX=0x0000000018d76900 is an unknown value
RCX=0x0000000000000000 is an unknown value
RDX=0x00000000000039ac is an unknown value
RSP=0x00000000171ebe98 is pointing into the stack for thread: 0x000000001569d000
RBP=0x00000000171ebfa0 is pointing into the stack for thread: 0x000000001569d000
RSI=0x0000000000000001 is an unknown value
RDI=0x0000000018d75050 is an unknown value
R8 =0x0000000000000001 is an unknown value
R9 =0x0000000000000022 is an unknown value
R10=0x000000001a51d388 is an unknown value
R11=0x0000000000000015 is an unknown value
R12=0x0000000000000008 is an unknown value
R13=0x0000000019a1ad50 is an unknown value
R14=0x0000000000000034 is an unknown value
R15=0x0000000000000000 is an unknown value


Stack: [0x00000000170f0000,0x00000000171f0000],  sp=0x00000000171ebe98,  free space=1007k
Native frames: (J=compiled Java code, j=interpreted, Vv=VM code, C=native code)
V  [jvm.dll+0x4ef040]


Current CompileTask:
C2:  10389 1741   !   4       com.android.dx.cf.cst.ConstantPoolParser::parse0 (731 bytes)


---------------  P R O C E S S  ---------------

Java Threads: ( => current thread )
  0x0000000016f68000 JavaThread "pool-2-thread-4" [_thread_in_Java, id=10796, stack(0x00000000178f0000,0x00000000179f0000)]
  0x0000000016f67800 JavaThread "pool-2-thread-3" [_thread_in_Java, id=23848, stack(0x00000000177f0000,0x00000000178f0000)]
  0x0000000016f66800 JavaThread "pool-2-thread-2" [_thread_blocked, id=23132, stack(0x00000000176f0000,0x00000000177f0000)]
  0x0000000016f66000 JavaThread "pool-3-thread-1" [_thread_blocked, id=24756, stack(0x00000000175f0000,0x00000000176f0000)]
  0x00000000170ae800 JavaThread "pool-2-thread-1" [_thread_blocked, id=17080, stack(0x00000000174f0000,0x00000000175f0000)]
  0x0000000016d50800 JavaThread "Service Thread" daemon [_thread_blocked, id=15688, stack(0x00000000172f0000,0x00000000173f0000)]
  0x0000000016d47000 JavaThread "C1 CompilerThread2" daemon [_thread_blocked, id=17964, stack(0x00000000171f0000,0x00000000172f0000)]
=>0x000000001569d000 JavaThread "C2 CompilerThread1" daemon [_thread_in_native, id=9356, stack(0x00000000170f0000,0x00000000171f0000)]
  0x0000000015699800 JavaThread "C2 CompilerThread0" daemon [_thread_in_native, id=8016, stack(0x0000000016bf0000,0x0000000016cf0000)]
  0x0000000015698800 JavaThread "Attach Listener" daemon [_thread_blocked, id=8112, stack(0x0000000016af0000,0x0000000016bf0000)]
  0x000000001564d000 JavaThread "Signal Dispatcher" daemon [_thread_blocked, id=13612, stack(0x00000000169f0000,0x0000000016af0000)]
  0x000000001562a800 JavaThread "Finalizer" daemon [_thread_blocked, id=15620, stack(0x0000000016890000,0x0000000016990000)]
  0x0000000002f3f000 JavaThread "Reference Handler" daemon [_thread_blocked, id=8676, stack(0x0000000016790000,0x0000000016890000)]
  0x0000000002e50800 JavaThread "main" [_thread_in_Java, id=17952, stack(0x0000000002d50000,0x0000000002e50000)]

Other Threads:
  0x0000000015607800 VMThread [stack: 0x0000000016690000,0x0000000016790000] [id=24700]
  0x0000000016db3000 WatcherThread [stack: 0x00000000173f0000,0x00000000174f0000] [id=16472]

VM state:not at safepoint (normal execution)

VM Mutex/Monitor currently owned by a thread: None

Heap:
 PSYoungGen      total 71680K, used 65988K [0x00000000eab00000, 0x00000000ef600000, 0x0000000100000000)
  eden space 66560K, 91% used [0x00000000eab00000,0x00000000ee673fc8,0x00000000eec00000)
  from space 5120K, 99% used [0x00000000ef100000,0x00000000ef5fd360,0x00000000ef600000)
  to   space 5120K, 0% used [0x00000000eec00000,0x00000000eec00000,0x00000000ef100000)
 ParOldGen       total 87552K, used 4041K [0x00000000c0000000, 0x00000000c5580000, 0x00000000eab00000)
  object space 87552K, 4% used [0x00000000c0000000,0x00000000c03f24b0,0x00000000c5580000)
 Metaspace       used 6330K, capacity 7156K, committed 7296K, reserved 1056768K
  class space    used 605K, capacity 620K, committed 640K, reserved 1048576K

Card table byte_map: [0x0000000012310000,0x0000000012520000] byte_map_base: 0x0000000011d10000

Marking Bits: (ParMarkBitMap*) 0x0000000056132f70
 Begin Bits: [0x0000000012a80000, 0x0000000013a80000)
 End Bits:   [0x0000000013a80000, 0x0000000014a80000)

Polling page: 0x0000000001170000

CodeCache: size=245760Kb used=8006Kb max_used=8006Kb free=237753Kb
 bounds [0x0000000002f50000, 0x0000000003730000, 0x0000000011f50000]
 total_blobs=2048 nmethods=1776 adapters=184
 compilation: enabled

Compilation events (10 events):
Event: 9.890 Thread 0x0000000016d47000 1793       2       java.util.concurrent.locks.ReentrantLock$Sync::isHeldExclusively (16 bytes)
Event: 9.890 Thread 0x0000000016d47000 nmethod 1793 0x0000000003727750 code [0x00000000037278a0, 0x0000000003727a10]
Event: 9.897 Thread 0x0000000016d47000 1794       2       com.android.dx.rop.code.Rop::<init> (15 bytes)
Event: 9.898 Thread 0x0000000016d47000 nmethod 1794 0x0000000003727a90 code [0x0000000003727c00, 0x0000000003727da8]
Event: 9.904 Thread 0x0000000016d47000 1795       2       com.android.dx.rop.code.Rops::opInvokeStatic (17 bytes)
Event: 9.904 Thread 0x0000000016d47000 nmethod 1795 0x0000000003727e50 code [0x0000000003727fc0, 0x00000000037281d8]
Event: 9.909 Thread 0x0000000016d47000 1796       2       com.android.dx.rop.annotation.NameValuePair::<init> (43 bytes)
Event: 9.909 Thread 0x0000000016d47000 nmethod 1796 0x0000000003728310 code [0x00000000037284a0, 0x0000000003728778]
Event: 9.909 Thread 0x0000000016d47000 1797       2       com.android.dx.rop.annotation.Annotation::put (32 bytes)
Event: 9.909 Thread 0x0000000016d47000 nmethod 1797 0x00000000037288d0 code [0x0000000003728a60, 0x0000000003728d68]

GC Heap History (4 events):
Event: 5.167 GC heap before
{Heap before GC invocations=1 (full 0):
 PSYoungGen      total 38400K, used 33280K [0x00000000eab00000, 0x00000000ed580000, 0x0000000100000000)
  eden space 33280K, 100% used [0x00000000eab00000,0x00000000ecb80000,0x00000000ecb80000)
  from space 5120K, 0% used [0x00000000ed080000,0x00000000ed080000,0x00000000ed580000)
  to   space 5120K, 0% used [0x00000000ecb80000,0x00000000ecb80000,0x00000000ed080000)
 ParOldGen       total 87552K, used 0K [0x00000000c0000000, 0x00000000c5580000, 0x00000000eab00000)
  object space 87552K, 0% used [0x00000000c0000000,0x00000000c0000000,0x00000000c5580000)
 Metaspace       used 5995K, capacity 6834K, committed 7040K, reserved 1056768K
  class space    used 602K, capacity 618K, committed 640K, reserved 1048576K
Event: 5.251 GC heap after
Heap after GC invocations=1 (full 0):
 PSYoungGen      total 38400K, used 5117K [0x00000000eab00000, 0x00000000ef600000, 0x0000000100000000)
  eden space 33280K, 0% used [0x00000000eab00000,0x00000000eab00000,0x00000000ecb80000)
  from space 5120K, 99% used [0x00000000ecb80000,0x00000000ed07f718,0x00000000ed080000)
  to   space 5120K, 0% used [0x00000000ef100000,0x00000000ef100000,0x00000000ef600000)
 ParOldGen       total 87552K, used 289K [0x00000000c0000000, 0x00000000c5580000, 0x00000000eab00000)
  object space 87552K, 0% used [0x00000000c0000000,0x00000000c0048538,0x00000000c5580000)
 Metaspace       used 5995K, capacity 6834K, committed 7040K, reserved 1056768K
  class space    used 602K, capacity 618K, committed 640K, reserved 1048576K
}
Event: 8.482 GC heap before
{Heap before GC invocations=2 (full 0):
 PSYoungGen      total 38400K, used 38397K [0x00000000eab00000, 0x00000000ef600000, 0x0000000100000000)
  eden space 33280K, 100% used [0x00000000eab00000,0x00000000ecb80000,0x00000000ecb80000)
  from space 5120K, 99% used [0x00000000ecb80000,0x00000000ed07f718,0x00000000ed080000)
  to   space 5120K, 0% used [0x00000000ef100000,0x00000000ef100000,0x00000000ef600000)
 ParOldGen       total 87552K, used 289K [0x00000000c0000000, 0x00000000c5580000, 0x00000000eab00000)
  object space 87552K, 0% used [0x00000000c0000000,0x00000000c0048538,0x00000000c5580000)
 Metaspace       used 6251K, capacity 7092K, committed 7296K, reserved 1056768K
  class space    used 604K, capacity 620K, committed 640K, reserved 1048576K
Event: 8.666 GC heap after
Heap after GC invocations=2 (full 0):
 PSYoungGen      total 71680K, used 5108K [0x00000000eab00000, 0x00000000ef600000, 0x0000000100000000)
  eden space 66560K, 0% used [0x00000000eab00000,0x00000000eab00000,0x00000000eec00000)
  from space 5120K, 99% used [0x00000000ef100000,0x00000000ef5fd360,0x00000000ef600000)
  to   space 5120K, 0% used [0x00000000eec00000,0x00000000eec00000,0x00000000ef100000)
 ParOldGen       total 87552K, used 4041K [0x00000000c0000000, 0x00000000c5580000, 0x00000000eab00000)
  object space 87552K, 4% used [0x00000000c0000000,0x00000000c03f24b0,0x00000000c5580000)
 Metaspace       used 6251K, capacity 7092K, committed 7296K, reserved 1056768K
  class space    used 604K, capacity 620K, committed 640K, reserved 1048576K
}

Deoptimization events (10 events):
Event: 8.758 Thread 0x0000000016f66800 Uncommon trap: reason=unstable_if action=reinterpret pc=0x00000000033aa0ec method=com.android.dx.rop.code.RegisterSpecSet.put(Lcom/android/dx/rop/code/RegisterSpec;)V @ 77
Event: 8.759 Thread 0x0000000016f66800 Uncommon trap: reason=unstable_if action=reinterpret pc=0x0000000003536840 method=com.android.dx.rop.code.RegisterSpecSet.put(Lcom/android/dx/rop/code/RegisterSpec;)V @ 77
Event: 8.761 Thread 0x0000000016f66800 Uncommon trap: reason=unstable_if action=reinterpret pc=0x00000000035ee5bc method=com.android.dx.rop.code.RegisterSpecSet.put(Lcom/android/dx/rop/code/RegisterSpec;)V @ 77
Event: 8.761 Thread 0x0000000016f66800 Uncommon trap: reason=unstable_if action=reinterpret pc=0x00000000035c6b54 method=com.android.dx.rop.code.RegisterSpecSet.put(Lcom/android/dx/rop/code/RegisterSpec;)V @ 77
Event: 9.019 Thread 0x0000000002e50800 Uncommon trap: reason=unstable_if action=reinterpret pc=0x00000000035c3a4c method=com.android.dx.ssa.SsaRenamer$BlockRenamer.process()V @ 90
Event: 9.042 Thread 0x0000000016f67800 Uncommon trap: reason=class_check action=maybe_recompile pc=0x0000000003674f6c method=com.android.dx.cf.code.RopperMachine.run(Lcom/android/dx/cf/code/Frame;II)V @ 988
Event: 9.043 Thread 0x0000000016f67800 Uncommon trap: reason=unstable_if action=reinterpret pc=0x0000000003570510 method=com.android.dx.ssa.SCCP.simulateBranch(Lcom/android/dx/ssa/SsaInsn;)V @ 64
Event: 9.047 Thread 0x0000000016f67800 Uncommon trap: reason=unstable_if action=reinterpret pc=0x00000000034d71c0 method=com.android.dx.ssa.LiteralOpUpgrader$1.visitNonMoveInsn(Lcom/android/dx/ssa/NormalSsaInsn;)V @ 55
Event: 9.048 Thread 0x0000000016f67800 Uncommon trap: reason=unstable_if action=reinterpret pc=0x000000000337ae5c method=com.android.dx.ssa.SsaMethod.updateOneDefinition(Lcom/android/dx/ssa/SsaInsn;Lcom/android/dx/rop/code/RegisterSpec;)V @ 4
Event: 9.119 Thread 0x00000000170ae800 Uncommon trap: reason=unstable_if action=reinterpret pc=0x0000000003674b98 method=com.android.dx.cf.code.RopperMachine.run(Lcom/android/dx/cf/code/Frame;II)V @ 1250

Internal exceptions (5 events):
Event: 0.115 Thread 0x0000000002e50800 Exception <a 'java/lang/NoSuchMethodError': Method sun.misc.Unsafe.defineClass(Ljava/lang/String;[BII)Ljava/lang/Class; name or signature does not match> (0x00000000eab07cc0) thrown at [C:\re\workspace\8-2-build-windows-amd64-cygwin\jdk8u91\7017\hotspot\srA\´¹âe½?
Event: 0.115 Thread 0x0000000002e50800 Exception <a 'java/lang/NoSuchMethodError': Method sun.misc.Unsafe.prefetchRead(Ljava/lang/Object;J)V name or signature does not match> (0x00000000eab07fa8) thrown at [C:\re\workspace\8-2-build-windows-amd64-cygwin\jdk8u91\7017\hotspot\src\share\vm\prims\j$æ~¼êù@
Event: 5.494 Thread 0x0000000016f68000 Implicit null exception at 0x0000000003374ba2 to 0x0000000003374ca9
Event: 6.894 Thread 0x0000000002e50800 Implicit null exception at 0x000000000337c710 to 0x000000000337d839
Event: 8.694 Thread 0x0000000016f67800 Implicit null exception at 0x000000000335d104 to 0x000000000335e02d

Events (10 events):
Event: 9.047 Thread 0x0000000016f67800 DEOPT PACKING pc=0x00000000034d71c0 sp=0x00000000178ee4d0
Event: 9.047 Thread 0x0000000016f67800 DEOPT UNPACKING pc=0x0000000002f9582a sp=0x00000000178ee4c0 mode 2
Event: 9.047 loading class com/android/dx/rop/code/RegOps
Event: 9.047 loading class com/android/dx/rop/code/RegOps done
Event: 9.047 Thread 0x0000000016f67800 Uncommon trap: trap_request=0xffffff65 fr.pc=0x000000000337ae5c
Event: 9.048 Thread 0x0000000016f67800 DEOPT PACKING pc=0x000000000337ae5c sp=0x00000000178ee320
Event: 9.048 Thread 0x0000000016f67800 DEOPT UNPACKING pc=0x0000000002f9582a sp=0x00000000178ee2c8 mode 2
Event: 9.119 Thread 0x00000000170ae800 Uncommon trap: trap_request=0xffffff65 fr.pc=0x0000000003674b98
Event: 9.119 Thread 0x00000000170ae800 DEOPT PACKING pc=0x0000000003674b98 sp=0x00000000175ee770
Event: 9.119 Thread 0x00000000170ae800 DEOPT UNPACKING pc=0x0000000002f9582a sp=0x00000000175ee738 mode 2


Dynamic libraries:
0x00007ff657b70000 - 0x00007ff657ba7000 	D:\JAVA\Java\Jdk_8.0\bin\java.exe
0x00007ffc09e10000 - 0x00007ffc09fe1000 	C:\WINDOWS\SYSTEM32\ntdll.dll
0x00007ffc07690000 - 0x00007ffc0773b000 	C:\WINDOWS\System32\KERNEL32.DLL
0x00007ffc06d50000 - 0x00007ffc06f6d000 	C:\WINDOWS\System32\KERNELBASE.dll
0x00007ffc074b0000 - 0x00007ffc07552000 	C:\WINDOWS\System32\ADVAPI32.dll
0x00007ffc073a0000 - 0x00007ffc0743e000 	C:\WINDOWS\System32\msvcrt.dll
0x00007ffc099d0000 - 0x00007ffc09a29000 	C:\WINDOWS\System32\sechost.dll
0x00007ffc07560000 - 0x00007ffc07681000 	C:\WINDOWS\System32\RPCRT4.dll
0x00007ffc08ef0000 - 0x00007ffc09055000 	C:\WINDOWS\System32\USER32.dll
0x00007ffc07020000 - 0x00007ffc0703e000 	C:\WINDOWS\System32\win32u.dll
0x00007ffc09290000 - 0x00007ffc092c4000 	C:\WINDOWS\System32\GDI32.dll
0x00007ffc07040000 - 0x00007ffc071c2000 	C:\WINDOWS\System32\gdi32full.dll
0x00007ffbfee70000 - 0x00007ffbff0ea000 	C:\WINDOWS\WinSxS\amd64_microsoft.windows.common-controls_6595b64144ccf1df_6.0.14393.351_none_4213128bc687e6d3\COMCTL32.dll
0x00007ffc092d0000 - 0x00007ffc09597000 	C:\WINDOWS\System32\combase.dll
0x00007ffc06450000 - 0x00007ffc06545000 	C:\WINDOWS\System32\ucrtbase.dll
0x00007ffc06600000 - 0x00007ffc0666a000 	C:\WINDOWS\System32\bcryptPrimitives.dll
0x00007ffc09a30000 - 0x00007ffc09a5e000 	C:\WINDOWS\System32\IMM32.DLL
0x00007ffc05160000 - 0x00007ffc05191000 	C:\WINDOWS\system32\nvinitx.dll
0x00007ffc05150000 - 0x00007ffc0515a000 	C:\WINDOWS\SYSTEM32\VERSION.dll
0x00000000553c0000 - 0x0000000055492000 	D:\JAVA\Java\Jdk_8.0\jre\bin\msvcr100.dll
0x0000000055920000 - 0x00000000561b3000 	D:\JAVA\Java\Jdk_8.0\jre\bin\server\jvm.dll
0x00007ffc09280000 - 0x00007ffc09288000 	C:\WINDOWS\System32\PSAPI.DLL
0x00007ffbfd930000 - 0x00007ffbfd939000 	C:\WINDOWS\SYSTEM32\WSOCK32.dll
0x00007ffc09bf0000 - 0x00007ffc09c5a000 	C:\WINDOWS\System32\WS2_32.dll
0x00007ffc045f0000 - 0x00007ffc04613000 	C:\WINDOWS\SYSTEM32\WINMM.dll
0x00007ffc04510000 - 0x00007ffc0453b000 	C:\WINDOWS\SYSTEM32\WINMMBASE.dll
0x00007ffc06360000 - 0x00007ffc063a2000 	C:\WINDOWS\System32\cfgmgr32.dll
0x0000000055830000 - 0x000000005583f000 	D:\JAVA\Java\Jdk_8.0\jre\bin\verify.dll
0x0000000055800000 - 0x0000000055829000 	D:\JAVA\Java\Jdk_8.0\jre\bin\java.dll
0x00000000557e0000 - 0x00000000557f6000 	D:\JAVA\Java\Jdk_8.0\jre\bin\zip.dll
0x00007ffc078e0000 - 0x00007ffc08de9000 	C:\WINDOWS\System32\SHELL32.dll
0x00007ffc06670000 - 0x00007ffc06d4a000 	C:\WINDOWS\System32\windows.storage.dll
0x00007ffc062b0000 - 0x00007ffc062fc000 	C:\WINDOWS\System32\powrprof.dll
0x00007ffc09ac0000 - 0x00007ffc09b12000 	C:\WINDOWS\System32\shlwapi.dll
0x00007ffc06270000 - 0x00007ffc0627f000 	C:\WINDOWS\System32\kernel.appcore.dll
0x00007ffc06550000 - 0x00007ffc065f9000 	C:\WINDOWS\System32\shcore.dll
0x00007ffc06280000 - 0x00007ffc06294000 	C:\WINDOWS\System32\profapi.dll
0x00007ffbf6750000 - 0x00007ffbf68e2000 	C:\WINDOWS\SYSTEM32\dbghelp.dll

VM Arguments:
jvm_args: -Djava.awt.headless=true -Xmx1024M -Dfile.encoding=GBK -Duser.country=CN -Duser.language=zh -Duser.variant 
java_command: com.android.dx.command.Main --dex --force-jumbo --num-threads=4 --multi-dex --output D:\Android_Studio_WorkPace\MyApp\app\build\intermediates\transforms\dex\debug\folders\1000\10\com.android.support-support-v4-23.4.0_cfbe4dc7e6f432ba89131c9d283bd10858e48312 D:\Android_Studio_WorkPace\MyApp\app\build\intermediates\exploded-aar\com.android.support\support-v4\23.4.0\jars\classes.jar
java_class_path (initial): D:\Android_Studio_SDK\build-tools\24.0.2\lib\dx.jar
Launcher Type: SUN_STANDARD

Environment Variables:
JAVA_HOME=D:\JAVA\Java\Jdk_8.0
CLASSPATH=.;D:\JAVA\Java\Jdk_8.0\lib\dt.jar;D:\JAVA\Java\Jdk_8.0\lib\tools.jar
PATH=C:\Program Files (x86)\NVIDIA Corporation\PhysX\Common;C:\WINDOWS\system32;C:\WINDOWS;C:\WINDOWS\System32\Wbem;C:\WINDOWS\System32\WindowsPowerShell\v1.0\;D:\JAVA\Java\Jdk_8.0\bin;D:\JAVA\Java\Jdk_8.0\jre\bin;D:\SVN2\bin;D:\Git\Git\cmd;C:\Users\longl\AppData\Local\Microsoft\WindowsApps
USERNAME=longl
OS=Windows_NT
PROCESSOR_IDENTIFIER=Intel64 Family 6 Model 60 Stepping 3, GenuineIntel



---------------  S Y S T E M  ---------------

OS: Windows 10.0 , 64 bit Build 14393 (10.0.14393.0)

CPU:total 4 (2 cores per cpu, 2 threads per core) family 6 model 60 stepping 3, cmov, cx8, fxsr, mmx, sse, sse2, sse3, ssse3, sse4.1, sse4.2, popcnt, avx, avx2, aes, clmul, erms, lzcnt, ht, tsc, tscinvbit, bmi1, bmi2

Memory: 4k page, physical 8268828k(1217652k free), swap 11204300k(1326660k free)

vm_info: Java HotSpot(TM) 64-Bit Server VM (25.91-b15) for windows-amd64 JRE (1.8.0_91-b15), built on May 20 2016 17:43:15 by "java_re" with MS VC++ 10.0 (VS2010)

time: Mon Feb 13 21:53:39 2017
elapsed time: 10 seconds (0d 0h 0m 10s)

