#
# A fatal error has been detected by the Java Runtime Environment:
#
#  EXCEPTION_ACCESS_VIOLATION (0xc0000005) at pc=0x0000000055d78b90, pid=10604, tid=16856
#
# JRE version: Java(TM) SE Runtime Environment (8.0_91-b15) (build 1.8.0_91-b15)
# Java VM: Java HotSpot(TM) 64-Bit Server VM (25.91-b15 mixed mode windows-amd64 compressed oops)
# Problematic frame:
# V  [jvm.dll+0x458b90]
#
# Failed to write core dump. Minidumps are not enabled by default on client versions of Windows
#
# If you would like to submit a bug report, please visit:
#   http://bugreport.java.com/bugreport/crash.jsp
#

---------------  T H R E A D  ---------------

Current thread (0x000000001513a800):  JavaThread "C2 CompilerThread0" daemon [_thread_in_native, id=16856, stack(0x0000000016670000,0x0000000016770000)]

siginfo: ExceptionCode=0xc0000005, reading address 0xffffffffffffffff

Registers:
RAX=0xf7c0000000000000, RBX=0x0000000000000005, RCX=0x000000000000df08, RDX=0x00000000188064c0
RSP=0x000000001676c808, RBP=0x000000001676c858, RSI=0x0000000000000005, RDI=0x00000000187c32b8
R8 =0x0000000000000000, R9 =0x0000000000000007, R10=0x0000000000000000, R11=0x000000000000035f
R12=0x0000000000000005, R13=0x0000000017940d70, R14=0x0000000000000001, R15=0x000000001676cb40
RIP=0x0000000055d78b90, EFLAGS=0x0000000000010202

Top of Stack: (sp=0x000000001676c808)
0x000000001676c808:   0000000055e00efd 0000000000000001
0x000000001676c818:   000000000000a7b0 0000000018ab1a28
0x000000001676c828:   0000000000000000 0000000018cf00e0
0x000000001676c838:   0000000018d5d330 0000000018cee770
0x000000001676c848:   00000000150a6fb0 0000000000000001
0x000000001676c858:   000000001676ef50 0000000000000010
0x000000001676c868:   0000000000001baf 000000001676c8d0
0x000000001676c878:   0000000055e017bd 000000001676ed90
0x000000001676c888:   000000001676cb40 000000001676cb40
0x000000001676c898:   0000000000000000 0000000000000000
0x000000001676c8a8:   0000000000000000 4000000000000000
0x000000001676c8b8:   0000000000000000 0000000000000000
0x000000001676c8c8:   0000000055dfbb0c 0000000055efa6f8
0x000000001676c8d8:   000000001676ed90 0000000000000001
0x000000001676c8e8:   00000000176b3ab8 000000001676ca00
0x000000001676c8f8:   0000000055d8f371 00000000187f5150 

Instructions: (pc=0x0000000055d78b90)
0x0000000055d78b70:   74 c3 48 8b 42 30 48 39 41 30 74 d4 32 c0 c3 cc
0x0000000055d78b80:   48 8b c1 8b 49 08 ff c9 85 c9 7e 0d 0f 1f 40 00
0x0000000055d78b90:   48 8b 00 ff c9 85 c9 7f f7 8b 40 0c c3 cc cc cc
0x0000000055d78ba0:   8b 41 1c c3 cc cc cc cc cc cc cc cc cc cc cc cc 


Register to memory mapping:

RAX=0xf7c0000000000000 is an unknown value
RBX=0x0000000000000005 is an unknown value
RCX=0x000000000000df08 is an unknown value
RDX=0x00000000188064c0 is an unknown value
RSP=0x000000001676c808 is pointing into the stack for thread: 0x000000001513a800
RBP=0x000000001676c858 is pointing into the stack for thread: 0x000000001513a800
RSI=0x0000000000000005 is an unknown value
RDI=0x00000000187c32b8 is an unknown value
R8 =0x0000000000000000 is an unknown value
R9 =0x0000000000000007 is an unknown value
R10=0x0000000000000000 is an unknown value
R11=0x000000000000035f is an unknown value
R12=0x0000000000000005 is an unknown value
R13=0x0000000017940d70 is an unknown value
R14=0x0000000000000001 is an unknown value
R15=0x000000001676cb40 is pointing into the stack for thread: 0x000000001513a800


Stack: [0x0000000016670000,0x0000000016770000],  sp=0x000000001676c808,  free space=1010k
Native frames: (J=compiled Java code, j=interpreted, Vv=VM code, C=native code)
V  [jvm.dll+0x458b90]


Current CompileTask:
C2:   3308 1262   !   4       com.android.dx.cf.code.Ropper::processBlock (1101 bytes)


---------------  P R O C E S S  ---------------

Java Threads: ( => current thread )
  0x00000000169ec000 JavaThread "pool-2-thread-4" [_thread_in_Java, id=13552, stack(0x0000000017370000,0x0000000017470000)]
  0x00000000169eb000 JavaThread "pool-2-thread-3" [_thread_in_Java, id=21196, stack(0x0000000017270000,0x0000000017370000)]
  0x00000000168e7000 JavaThread "pool-2-thread-2" [_thread_in_Java, id=7660, stack(0x0000000017170000,0x0000000017270000)]
  0x00000000168a8000 JavaThread "pool-3-thread-1" [_thread_blocked, id=464, stack(0x0000000017070000,0x0000000017170000)]
  0x00000000168a7000 JavaThread "pool-2-thread-1" [_thread_blocked, id=9156, stack(0x0000000016f70000,0x0000000017070000)]
  0x00000000167ce800 JavaThread "Service Thread" daemon [_thread_blocked, id=1688, stack(0x0000000016d70000,0x0000000016e70000)]
  0x00000000167c8000 JavaThread "C1 CompilerThread2" daemon [_thread_blocked, id=1992, stack(0x0000000016c70000,0x0000000016d70000)]
  0x000000001513e000 JavaThread "C2 CompilerThread1" daemon [_thread_in_native, id=12992, stack(0x0000000016b70000,0x0000000016c70000)]
=>0x000000001513a800 JavaThread "C2 CompilerThread0" daemon [_thread_in_native, id=16856, stack(0x0000000016670000,0x0000000016770000)]
  0x00000000150ed800 JavaThread "Attach Listener" daemon [_thread_blocked, id=10532, stack(0x0000000016570000,0x0000000016670000)]
  0x0000000015139800 JavaThread "Signal Dispatcher" daemon [_thread_blocked, id=23736, stack(0x0000000016470000,0x0000000016570000)]
  0x0000000002a04800 JavaThread "Finalizer" daemon [_thread_blocked, id=24772, stack(0x0000000016370000,0x0000000016470000)]
  0x00000000029ff000 JavaThread "Reference Handler" daemon [_thread_blocked, id=4608, stack(0x0000000016270000,0x0000000016370000)]
  0x0000000002910800 JavaThread "main" [_thread_blocked, id=14800, stack(0x00000000026b0000,0x00000000027b0000)]

Other Threads:
  0x00000000150a8000 VMThread [stack: 0x0000000016170000,0x0000000016270000] [id=19300]
  0x0000000016817800 WatcherThread [stack: 0x0000000016e70000,0x0000000016f70000] [id=23788]

VM state:not at safepoint (normal execution)

VM Mutex/Monitor currently owned by a thread: None

Heap:
 PSYoungGen      total 38400K, used 20952K [0x00000000eab00000, 0x00000000ef600000, 0x0000000100000000)
  eden space 33280K, 47% used [0x00000000eab00000,0x00000000eba7a920,0x00000000ecb80000)
  from space 5120K, 99% used [0x00000000ed080000,0x00000000ed57b9c0,0x00000000ed580000)
  to   space 5120K, 0% used [0x00000000ecb80000,0x00000000ecb80000,0x00000000ed080000)
 ParOldGen       total 87552K, used 16934K [0x00000000c0000000, 0x00000000c5580000, 0x00000000eab00000)
  object space 87552K, 19% used [0x00000000c0000000,0x00000000c10898c8,0x00000000c5580000)
 Metaspace       used 5920K, capacity 6960K, committed 7040K, reserved 1056768K
  class space    used 589K, capacity 616K, committed 640K, reserved 1048576K

Card table byte_map: [0x0000000011dd0000,0x0000000011fe0000] byte_map_base: 0x00000000117d0000

Marking Bits: (ParMarkBitMap*) 0x0000000056132f70
 Begin Bits: [0x0000000012540000, 0x0000000013540000)
 End Bits:   [0x0000000013540000, 0x0000000014540000)

Polling page: 0x0000000000cc0000

CodeCache: size=245760Kb used=5398Kb max_used=5398Kb free=240361Kb
 bounds [0x0000000002a10000, 0x0000000002f60000, 0x0000000011a10000]
 total_blobs=1562 nmethods=1298 adapters=177
 compilation: enabled

Compilation events (10 events):
Event: 3.192 Thread 0x00000000167c8000 nmethod 1312 0x0000000002f51e90 code [0x0000000002f52000, 0x0000000002f521d8]
Event: 3.192 Thread 0x00000000167c8000 1313       2       com.android.dx.util.IntList::insert (115 bytes)
Event: 3.192 Thread 0x00000000167c8000 nmethod 1313 0x0000000002f522d0 code [0x0000000002f52460, 0x0000000002f52848]
Event: 3.194 Thread 0x00000000167c8000 1315 %     3       com.android.dx.ssa.DomFront::calcDomFronts @ 67 (154 bytes)
Event: 3.196 Thread 0x00000000167c8000 nmethod 1315% 0x0000000002f52a50 code [0x0000000002f52ca0, 0x0000000002f539a8]
Event: 3.196 Thread 0x00000000167c8000 1316       3       com.android.dx.ssa.DomFront::calcDomFronts (154 bytes)
Event: 3.197 Thread 0x00000000167c8000 nmethod 1316 0x0000000002f54310 code [0x0000000002f54560, 0x0000000002f550c8]
Event: 3.198 Thread 0x00000000167c8000 1317       2       com.android.dx.ssa.SsaConverter::placePhiFunctions (394 bytes)
Event: 3.201 Thread 0x00000000167c8000 nmethod 1317 0x0000000002f55990 code [0x0000000002f55d60, 0x0000000002f57368]
Event: 3.294 Thread 0x00000000167c8000 1318       2       com.android.dx.ssa.SsaConverter::placePhiFunctions (394 bytes)

GC Heap History (4 events):
Event: 2.688 GC heap before
{Heap before GC invocations=1 (full 0):
 PSYoungGen      total 38400K, used 33280K [0x00000000eab00000, 0x00000000ed580000, 0x0000000100000000)
  eden space 33280K, 100% used [0x00000000eab00000,0x00000000ecb80000,0x00000000ecb80000)
  from space 5120K, 0% used [0x00000000ed080000,0x00000000ed080000,0x00000000ed580000)
  to   space 5120K, 0% used [0x00000000ecb80000,0x00000000ecb80000,0x00000000ed080000)
 ParOldGen       total 87552K, used 0K [0x00000000c0000000, 0x00000000c5580000, 0x00000000eab00000)
  object space 87552K, 0% used [0x00000000c0000000,0x00000000c0000000,0x00000000c5580000)
 Metaspace       used 5780K, capacity 6832K, committed 7040K, reserved 1056768K
  class space    used 584K, capacity 616K, committed 640K, reserved 1048576K
Event: 2.703 GC heap after
Heap after GC invocations=1 (full 0):
 PSYoungGen      total 38400K, used 5093K [0x00000000eab00000, 0x00000000ed580000, 0x0000000100000000)
  eden space 33280K, 0% used [0x00000000eab00000,0x00000000eab00000,0x00000000ecb80000)
  from space 5120K, 99% used [0x00000000ecb80000,0x00000000ed0797d0,0x00000000ed080000)
  to   space 5120K, 0% used [0x00000000ed080000,0x00000000ed080000,0x00000000ed580000)
 ParOldGen       total 87552K, used 2974K [0x00000000c0000000, 0x00000000c5580000, 0x00000000eab00000)
  object space 87552K, 3% used [0x00000000c0000000,0x00000000c02e79d8,0x00000000c5580000)
 Metaspace       used 5780K, capacity 6832K, committed 7040K, reserved 1056768K
  class space    used 584K, capacity 616K, committed 640K, reserved 1048576K
}
Event: 3.089 GC heap before
{Heap before GC invocations=2 (full 0):
 PSYoungGen      total 38400K, used 38373K [0x00000000eab00000, 0x00000000ed580000, 0x0000000100000000)
  eden space 33280K, 100% used [0x00000000eab00000,0x00000000ecb80000,0x00000000ecb80000)
  from space 5120K, 99% used [0x00000000ecb80000,0x00000000ed0797d0,0x00000000ed080000)
  to   space 5120K, 0% used [0x00000000ed080000,0x00000000ed080000,0x00000000ed580000)
 ParOldGen       total 87552K, used 2974K [0x00000000c0000000, 0x00000000c5580000, 0x00000000eab00000)
  object space 87552K, 3% used [0x00000000c0000000,0x00000000c02e79d8,0x00000000c5580000)
 Metaspace       used 5895K, capacity 6960K, committed 7040K, reserved 1056768K
  class space    used 587K, capacity 616K, committed 640K, reserved 1048576K
Event: 3.133 GC heap after
Heap after GC invocations=2 (full 0):
 PSYoungGen      total 38400K, used 5102K [0x00000000eab00000, 0x00000000ef600000, 0x0000000100000000)
  eden space 33280K, 0% used [0x00000000eab00000,0x00000000eab00000,0x00000000ecb80000)
  from space 5120K, 99% used [0x00000000ed080000,0x00000000ed57b9c0,0x00000000ed580000)
  to   space 5120K, 0% used [0x00000000ecb80000,0x00000000ecb80000,0x00000000ed080000)
 ParOldGen       total 87552K, used 16934K [0x00000000c0000000, 0x00000000c5580000, 0x00000000eab00000)
  object space 87552K, 19% used [0x00000000c0000000,0x00000000c10898c8,0x00000000c5580000)
 Metaspace       used 5895K, capacity 6960K, committed 7040K, reserved 1056768K
  class space    used 587K, capacity 616K, committed 640K, reserved 1048576K
}

Deoptimization events (10 events):
Event: 2.067 Thread 0x00000000169eb000 Uncommon trap: reason=class_check action=maybe_recompile pc=0x0000000002cfff38 method=com.android.dx.rop.type.Type.equals(Ljava/lang/Object;)Z @ 8
Event: 2.527 Thread 0x00000000168e7000 Uncommon trap: reason=class_check action=maybe_recompile pc=0x0000000002cfff38 method=com.android.dx.rop.type.Type.equals(Ljava/lang/Object;)Z @ 8
Event: 2.527 Thread 0x00000000168e7000 Uncommon trap: reason=class_check action=maybe_recompile pc=0x0000000002cfff38 method=com.android.dx.rop.type.Type.equals(Ljava/lang/Object;)Z @ 8
Event: 2.541 Thread 0x00000000168e7000 Uncommon trap: reason=unstable_if action=reinterpret pc=0x0000000002e6c6c8 method=com.android.dx.ssa.SCCP.simulateStmt(Lcom/android/dx/ssa/SsaInsn;)V @ 469
Event: 2.554 Thread 0x00000000168e7000 Uncommon trap: reason=class_check action=maybe_recompile pc=0x0000000002d88b24 method=com.android.dx.ssa.NormalSsaInsn.accept(Lcom/android/dx/ssa/SsaInsn$Visitor;)V @ 9
Event: 2.727 Thread 0x00000000168a7000 Uncommon trap: reason=unstable_if action=reinterpret pc=0x0000000002d109f8 method=com.android.dx.rop.code.RegisterSpecSet.put(Lcom/android/dx/rop/code/RegisterSpec;)V @ 77
Event: 2.870 Thread 0x0000000002910800 Uncommon trap: reason=bimorphic action=maybe_recompile pc=0x0000000002e7d558 method=com.android.dx.cf.code.BytecodeArray.parseInstruction(ILcom/android/dx/cf/code/BytecodeArray$Visitor;)I @ 923
Event: 2.870 Thread 0x0000000002910800 Uncommon trap: reason=bimorphic action=maybe_recompile pc=0x0000000002e7d5d8 method=com.android.dx.cf.code.BytecodeArray.parseInstruction(ILcom/android/dx/cf/code/BytecodeArray$Visitor;)I @ 907
Event: 2.870 Thread 0x0000000002910800 Uncommon trap: reason=bimorphic action=maybe_recompile pc=0x0000000002e7bbac method=com.android.dx.cf.code.BytecodeArray.parseInstruction(ILcom/android/dx/cf/code/BytecodeArray$Visitor;)I @ 1224
Event: 3.167 Thread 0x0000000002910800 Uncommon trap: reason=bimorphic action=maybe_recompile pc=0x0000000002e7d558 method=com.android.dx.cf.code.BytecodeArray.parseInstruction(ILcom/android/dx/cf/code/BytecodeArray$Visitor;)I @ 923

Internal exceptions (3 events):
Event: 0.387 Thread 0x0000000002910800 Exception <a 'java/lang/NoSuchMethodError': Method sun.misc.Unsafe.defineClass(Ljava/lang/String;[BII)Ljava/lang/Class; name or signature does not match> (0x00000000eab07cc0) thrown at [C:\re\workspace\8-2-build-windows-amd64-cygwin\jdk8u91\7017\hotspot\srAØ¬ªò¾Ø?
Event: 0.387 Thread 0x0000000002910800 Exception <a 'java/lang/NoSuchMethodError': Method sun.misc.Unsafe.prefetchRead(Ljava/lang/Object;J)V name or signature does not match> (0x00000000eab07fa8) thrown at [C:\re\workspace\8-2-build-windows-amd64-cygwin\jdk8u91\7017\hotspot\src\share\vm\prims\jRŠPF¿Gú?
Event: 1.643 Thread 0x00000000169eb000 Implicit null exception at 0x0000000002c8ad4b to 0x0000000002c8c8d5

Events (10 events):
Event: 3.196 Thread 0x00000000169ec000 DEOPT PACKING pc=0x0000000002f50a05 sp=0x000000001746e900
Event: 3.196 Thread 0x00000000169ec000 DEOPT UNPACKING pc=0x0000000002a5787f sp=0x000000001746e670 mode 0
Event: 3.196 Thread 0x00000000169ec000 DEOPT PACKING pc=0x0000000002ece8ec sp=0x000000001746ea50
Event: 3.196 Thread 0x00000000169ec000 DEOPT UNPACKING pc=0x0000000002a5787f sp=0x000000001746e898 mode 0
Event: 3.206 loading class com/android/dx/util/ListIntSet$1
Event: 3.206 loading class com/android/dx/util/ListIntSet$1 done
Event: 3.206 Executing VM operation: Deoptimize
Event: 3.292 Executing VM operation: Deoptimize done
Event: 3.294 Thread 0x00000000168a7000 DEOPT PACKING pc=0x0000000002ece8ec sp=0x000000001706e720
Event: 3.294 Thread 0x00000000168a7000 DEOPT UNPACKING pc=0x0000000002a5787f sp=0x000000001706e568 mode 0


Dynamic libraries:
0x00007ff657b70000 - 0x00007ff657ba7000 	D:\JAVA\Java\Jdk_8.0\bin\java.exe
0x00007ffc09e10000 - 0x00007ffc09fe1000 	C:\WINDOWS\SYSTEM32\ntdll.dll
0x00007ffc07690000 - 0x00007ffc0773b000 	C:\WINDOWS\System32\KERNEL32.DLL
0x00007ffc06d50000 - 0x00007ffc06f6d000 	C:\WINDOWS\System32\KERNELBASE.dll
0x00007ffc074b0000 - 0x00007ffc07552000 	C:\WINDOWS\System32\ADVAPI32.dll
0x00007ffc073a0000 - 0x00007ffc0743e000 	C:\WINDOWS\System32\msvcrt.dll
0x00007ffc099d0000 - 0x00007ffc09a29000 	C:\WINDOWS\System32\sechost.dll
0x00007ffc07560000 - 0x00007ffc07681000 	C:\WINDOWS\System32\RPCRT4.dll
0x00007ffc08ef0000 - 0x00007ffc09055000 	C:\WINDOWS\System32\USER32.dll
0x00007ffc07020000 - 0x00007ffc0703e000 	C:\WINDOWS\System32\win32u.dll
0x00007ffc09290000 - 0x00007ffc092c4000 	C:\WINDOWS\System32\GDI32.dll
0x00007ffc07040000 - 0x00007ffc071c2000 	C:\WINDOWS\System32\gdi32full.dll
0x00007ffbfee70000 - 0x00007ffbff0ea000 	C:\WINDOWS\WinSxS\amd64_microsoft.windows.common-controls_6595b64144ccf1df_6.0.14393.351_none_4213128bc687e6d3\COMCTL32.dll
0x00007ffc092d0000 - 0x00007ffc09597000 	C:\WINDOWS\System32\combase.dll
0x00007ffc06450000 - 0x00007ffc06545000 	C:\WINDOWS\System32\ucrtbase.dll
0x00007ffc06600000 - 0x00007ffc0666a000 	C:\WINDOWS\System32\bcryptPrimitives.dll
0x00007ffc09a30000 - 0x00007ffc09a5e000 	C:\WINDOWS\System32\IMM32.DLL
0x00007ffc05160000 - 0x00007ffc05191000 	C:\WINDOWS\system32\nvinitx.dll
0x00007ffc05150000 - 0x00007ffc0515a000 	C:\WINDOWS\SYSTEM32\VERSION.dll
0x00000000553c0000 - 0x0000000055492000 	D:\JAVA\Java\Jdk_8.0\jre\bin\msvcr100.dll
0x0000000055920000 - 0x00000000561b3000 	D:\JAVA\Java\Jdk_8.0\jre\bin\server\jvm.dll
0x00007ffc09280000 - 0x00007ffc09288000 	C:\WINDOWS\System32\PSAPI.DLL
0x00007ffbfd930000 - 0x00007ffbfd939000 	C:\WINDOWS\SYSTEM32\WSOCK32.dll
0x00007ffc09bf0000 - 0x00007ffc09c5a000 	C:\WINDOWS\System32\WS2_32.dll
0x00007ffc045f0000 - 0x00007ffc04613000 	C:\WINDOWS\SYSTEM32\WINMM.dll
0x00007ffc04510000 - 0x00007ffc0453b000 	C:\WINDOWS\SYSTEM32\WINMMBASE.dll
0x00007ffc06360000 - 0x00007ffc063a2000 	C:\WINDOWS\System32\cfgmgr32.dll
0x0000000055830000 - 0x000000005583f000 	D:\JAVA\Java\Jdk_8.0\jre\bin\verify.dll
0x0000000055800000 - 0x0000000055829000 	D:\JAVA\Java\Jdk_8.0\jre\bin\java.dll
0x00000000557e0000 - 0x00000000557f6000 	D:\JAVA\Java\Jdk_8.0\jre\bin\zip.dll
0x00007ffc078e0000 - 0x00007ffc08de9000 	C:\WINDOWS\System32\SHELL32.dll
0x00007ffc06670000 - 0x00007ffc06d4a000 	C:\WINDOWS\System32\windows.storage.dll
0x00007ffc062b0000 - 0x00007ffc062fc000 	C:\WINDOWS\System32\powrprof.dll
0x00007ffc09ac0000 - 0x00007ffc09b12000 	C:\WINDOWS\System32\shlwapi.dll
0x00007ffc06270000 - 0x00007ffc0627f000 	C:\WINDOWS\System32\kernel.appcore.dll
0x00007ffc06550000 - 0x00007ffc065f9000 	C:\WINDOWS\System32\shcore.dll
0x00007ffc06280000 - 0x00007ffc06294000 	C:\WINDOWS\System32\profapi.dll
0x00007ffbf6750000 - 0x00007ffbf68e2000 	C:\WINDOWS\SYSTEM32\dbghelp.dll

VM Arguments:
jvm_args: -Djava.awt.headless=true -Xmx1024M -Dfile.encoding=GBK -Duser.country=CN -Duser.language=zh -Duser.variant 
java_command: com.android.dx.command.Main --dex --force-jumbo --num-threads=4 --multi-dex --output D:\Android_Studio_WorkPace\MyApp\app\build\intermediates\transforms\dex\debug\folders\1000\5\slice_4 D:\Android_Studio_WorkPace\MyApp\app\build\intermediates\transforms\instantRunSlicer\debug\folders\1\5\slice_4
java_class_path (initial): D:\Android_Studio_SDK\build-tools\24.0.2\lib\dx.jar
Launcher Type: SUN_STANDARD

Environment Variables:
JAVA_HOME=D:\JAVA\Java\Jdk_8.0
CLASSPATH=.;D:\JAVA\Java\Jdk_8.0\lib\dt.jar;D:\JAVA\Java\Jdk_8.0\lib\tools.jar
PATH=C:\Program Files (x86)\NVIDIA Corporation\PhysX\Common;C:\WINDOWS\system32;C:\WINDOWS;C:\WINDOWS\System32\Wbem;C:\WINDOWS\System32\WindowsPowerShell\v1.0\;D:\JAVA\Java\Jdk_8.0\bin;D:\JAVA\Java\Jdk_8.0\jre\bin;D:\SVN2\bin;D:\Git\Git\cmd;C:\Users\longl\AppData\Local\Microsoft\WindowsApps
USERNAME=longl
OS=Windows_NT
PROCESSOR_IDENTIFIER=Intel64 Family 6 Model 60 Stepping 3, GenuineIntel



---------------  S Y S T E M  ---------------

OS: Windows 10.0 , 64 bit Build 14393 (10.0.14393.0)

CPU:total 4 (2 cores per cpu, 2 threads per core) family 6 model 60 stepping 3, cmov, cx8, fxsr, mmx, sse, sse2, sse3, ssse3, sse4.1, sse4.2, popcnt, avx, avx2, aes, clmul, erms, lzcnt, ht, tsc, tscinvbit, bmi1, bmi2

Memory: 4k page, physical 8268828k(1410308k free), swap 11204300k(1685720k free)

vm_info: Java HotSpot(TM) 64-Bit Server VM (25.91-b15) for windows-amd64 JRE (1.8.0_91-b15), built on May 20 2016 17:43:15 by "java_re" with MS VC++ 10.0 (VS2010)

time: Mon Feb 13 21:53:45 2017
elapsed time: 3 seconds (0d 0h 0m 3s)

