#
# A fatal error has been detected by the Java Runtime Environment:
#
#  EXCEPTION_ACCESS_VIOLATION (0xc0000005) at pc=0x0000000055dd4d19, pid=21164, tid=3980
#
# JRE version: Java(TM) SE Runtime Environment (8.0_91-b15) (build 1.8.0_91-b15)
# Java VM: Java HotSpot(TM) 64-Bit Server VM (25.91-b15 mixed mode windows-amd64 compressed oops)
# Problematic frame:
# V  [jvm.dll+0x4b4d19]
#
# Failed to write core dump. Minidumps are not enabled by default on client versions of Windows
#
# If you would like to submit a bug report, please visit:
#   http://bugreport.java.com/bugreport/crash.jsp
#

---------------  T H R E A D  ---------------

Current thread (0x00000000155ce000):  JavaThread "C2 CompilerThread1" daemon [_thread_in_native, id=3980, stack(0x0000000016fc0000,0x00000000170c0000)]

siginfo: ExceptionCode=0xc0000005, reading address 0x0000561336a80000

Registers:
RAX=0x0000000018de5a86, RBX=0x0000000000000001, RCX=0x0000561336a80000, RDX=0x0000000000000000
RSP=0x00000000170bc1d0, RBP=0x0000000018d9b2d0, RSI=0x0000000000000000, RDI=0x0000000000000000
R8 =0x000000001884f6e0, R9 =0x0000000000000002, R10=0x00000000561336a8, R11=0x0000000055920000
R12=0x000000001842f1a0, R13=0x0000000018dd1530, R14=0x0000000000014500, R15=0x0000000000000001
RIP=0x0000000055dd4d19, EFLAGS=0x0000000000010246

Top of Stack: (sp=0x00000000170bc1d0)
0x00000000170bc1d0:   0000000000000001 0000000000000000
0x00000000170bc1e0:   0000000018d9b2d0 0000000000000000
0x00000000170bc1f0:   0000000018dd1530 0000000000000000
0x00000000170bc200:   0000000200010207 0000000000000001
0x00000000170bc210:   0000000018848860 0000000000000001
0x00000000170bc220:   000000001842ef30 000000000000000e
0x00000000170bc230:   000000001842ef20 0000000055e48dde
0x00000000170bc240:   000000001790d030 00000000170bc400
0x00000000170bc250:   0000000000000000 0000000000000001
0x00000000170bc260:   0000000000000008 0000000016dae2c0
0x00000000170bc270:   0000000000000001 0000000055dd54de
0x00000000170bc280:   00000000170bc400 000000001790d030
0x00000000170bc290:   000000001842ef20 00000000170bc2d0
0x00000000170bc2a0:   0000000000002a30 0000000015536b50
0x00000000170bc2b0:   000000001897ab80 000000000025dd70
0x00000000170bc2c0:   00000000189822f0 0000000018982b68 

Instructions: (pc=0x0000000055dd4d19)
0x0000000055dd4cf9:   ff 84 c0 0f 84 24 ff ff ff 4b 8b 44 2e 08 48 c1
0x0000000055dd4d09:   ef 05 4c 8d 1d ee b2 b4 ff 48 8b 0c f0 83 e7 07
0x0000000055dd4d19:   44 85 0c b9 0f 85 03 ff ff ff 8b d3 49 8b cc e8
0x0000000055dd4d29:   d3 c1 fa ff e9 e6 fe ff ff 41 83 3c 24 00 4c 8b 


Register to memory mapping:

RAX=0x0000000018de5a86 is an unknown value
RBX=0x0000000000000001 is an unknown value
RCX=0x0000561336a80000 is an unknown value
RDX=0x0000000000000000 is an unknown value
RSP=0x00000000170bc1d0 is pointing into the stack for thread: 0x00000000155ce000
RBP=0x0000000018d9b2d0 is an unknown value
RSI=0x0000000000000000 is an unknown value
RDI=0x0000000000000000 is an unknown value
R8 =0x000000001884f6e0 is an unknown value
R9 =0x0000000000000002 is an unknown value
R10=0x00000000561336a8 is an unknown value
R11=0x0000000055920000 is an unknown value
R12=0x000000001842f1a0 is an unknown value
R13=0x0000000018dd1530 is an unknown value
R14=0x0000000000014500 is an unknown value
R15=0x0000000000000001 is an unknown value


Stack: [0x0000000016fc0000,0x00000000170c0000],  sp=0x00000000170bc1d0,  free space=1008k
Native frames: (J=compiled Java code, j=interpreted, Vv=VM code, C=native code)
V  [jvm.dll+0x4b4d19]
V  [jvm.dll+0x4b54de]
V  [jvm.dll+0x4641b3]
V  [jvm.dll+0x46f55b]
V  [jvm.dll+0x471b72]
V  [jvm.dll+0x454ce2]
V  [jvm.dll+0xa4be2]
V  [jvm.dll+0xa551f]
V  [jvm.dll+0x243ae4]
V  [jvm.dll+0x29a99a]
C  [msvcr100.dll+0x21d9f]
C  [msvcr100.dll+0x21e3b]
C  [KERNEL32.DLL+0x8364]
C  [ntdll.dll+0x65e91]


Current CompileTask:
C2:   4664 1540   !   4       com.android.dx.cf.cst.ConstantPoolParser::parse0 (731 bytes)


---------------  P R O C E S S  ---------------

Java Threads: ( => current thread )
  0x0000000016e2c000 JavaThread "pool-2-thread-4" [_thread_blocked, id=6568, stack(0x00000000177c0000,0x00000000178c0000)]
  0x0000000016e8e800 JavaThread "pool-2-thread-3" [_thread_blocked, id=17228, stack(0x00000000176c0000,0x00000000177c0000)]
  0x0000000016e28000 JavaThread "pool-2-thread-2" [_thread_blocked, id=16616, stack(0x00000000175c0000,0x00000000176c0000)]
  0x0000000016ec2000 JavaThread "pool-3-thread-1" [_thread_blocked, id=23860, stack(0x00000000174c0000,0x00000000175c0000)]
  0x0000000016ea2800 JavaThread "pool-2-thread-1" [_thread_in_Java, id=11864, stack(0x00000000173c0000,0x00000000174c0000)]
  0x0000000016c32000 JavaThread "Service Thread" daemon [_thread_blocked, id=21560, stack(0x00000000171c0000,0x00000000172c0000)]
  0x0000000016c1b800 JavaThread "C1 CompilerThread2" daemon [_thread_blocked, id=24360, stack(0x00000000170c0000,0x00000000171c0000)]
=>0x00000000155ce000 JavaThread "C2 CompilerThread1" daemon [_thread_in_native, id=3980, stack(0x0000000016fc0000,0x00000000170c0000)]
  0x00000000155ca800 JavaThread "C2 CompilerThread0" daemon [_thread_in_native, id=9916, stack(0x0000000016ac0000,0x0000000016bc0000)]
  0x000000001557e000 JavaThread "Attach Listener" daemon [_thread_blocked, id=1160, stack(0x00000000169c0000,0x0000000016ac0000)]
  0x00000000155c9800 JavaThread "Signal Dispatcher" daemon [_thread_blocked, id=19436, stack(0x00000000168c0000,0x00000000169c0000)]
  0x000000001555a800 JavaThread "Finalizer" daemon [_thread_blocked, id=22352, stack(0x00000000167c0000,0x00000000168c0000)]
  0x0000000002e8f000 JavaThread "Reference Handler" daemon [_thread_blocked, id=22488, stack(0x00000000166c0000,0x00000000167c0000)]
  0x0000000002da0800 JavaThread "main" [_thread_blocked, id=19908, stack(0x0000000002ca0000,0x0000000002da0000)]

Other Threads:
  0x0000000015538000 VMThread [stack: 0x00000000165c0000,0x00000000166c0000] [id=12636]
  0x0000000016c7e800 WatcherThread [stack: 0x00000000172c0000,0x00000000173c0000] [id=5972]

VM state:not at safepoint (normal execution)

VM Mutex/Monitor currently owned by a thread: None

Heap:
 PSYoungGen      total 71680K, used 16120K [0x00000000eab00000, 0x00000000ef600000, 0x0000000100000000)
  eden space 66560K, 16% used [0x00000000eab00000,0x00000000eb5c4308,0x00000000eec00000)
  from space 5120K, 99% used [0x00000000ef100000,0x00000000ef5f9d38,0x00000000ef600000)
  to   space 5120K, 0% used [0x00000000eec00000,0x00000000eec00000,0x00000000ef100000)
 ParOldGen       total 87552K, used 6140K [0x00000000c0000000, 0x00000000c5580000, 0x00000000eab00000)
  object space 87552K, 7% used [0x00000000c0000000,0x00000000c05ff2c0,0x00000000c5580000)
 Metaspace       used 6280K, capacity 7092K, committed 7296K, reserved 1056768K
  class space    used 602K, capacity 620K, committed 640K, reserved 1048576K

Card table byte_map: [0x0000000012260000,0x0000000012470000] byte_map_base: 0x0000000011c60000

Marking Bits: (ParMarkBitMap*) 0x0000000056132f70
 Begin Bits: [0x00000000129d0000, 0x00000000139d0000)
 End Bits:   [0x00000000139d0000, 0x00000000149d0000)

Polling page: 0x0000000001100000

CodeCache: size=245760Kb used=6885Kb max_used=6885Kb free=238874Kb
 bounds [0x0000000002ea0000, 0x0000000003560000, 0x0000000011ea0000]
 total_blobs=1878 nmethods=1606 adapters=184
 compilation: enabled

Compilation events (10 events):
Event: 4.618 Thread 0x0000000016c1b800 1607       1       sun.util.calendar.CalendarDate::isStandardTime (5 bytes)
Event: 4.618 Thread 0x0000000016c1b800 nmethod 1607 0x0000000003558b90 code [0x0000000003558ce0, 0x0000000003558df0]
Event: 4.618 Thread 0x0000000016c1b800 1609       1       sun.util.calendar.BaseCalendar$Date::getCachedYear (5 bytes)
Event: 4.618 Thread 0x0000000016c1b800 nmethod 1609 0x0000000003558e50 code [0x0000000003558fa0, 0x00000000035590b0]
Event: 4.618 Thread 0x0000000016c1b800 1614       1       com.android.dx.cf.direct.DirectClassFile$DcfTypeList::isMutable (2 bytes)
Event: 4.618 Thread 0x0000000016c1b800 nmethod 1614 0x0000000003559110 code [0x0000000003559260, 0x0000000003559370]
Event: 4.618 Thread 0x0000000016c1b800 1616       3       java.io.FilterInputStream::read (9 bytes)
Event: 4.618 Thread 0x0000000016c1b800 nmethod 1616 0x00000000035593d0 code [0x0000000003559540, 0x0000000003559768]
Event: 4.619 Thread 0x0000000016c1b800 1617       3       com.android.dx.cf.direct.StdAttributeFactory::signature (94 bytes)
Event: 4.622 Thread 0x0000000016c1b800 nmethod 1617 0x0000000003559810 code [0x0000000003559c80, 0x000000000355c568]

GC Heap History (4 events):
Event: 2.069 GC heap before
{Heap before GC invocations=1 (full 0):
 PSYoungGen      total 38400K, used 33280K [0x00000000eab00000, 0x00000000ed580000, 0x0000000100000000)
  eden space 33280K, 100% used [0x00000000eab00000,0x00000000ecb80000,0x00000000ecb80000)
  from space 5120K, 0% used [0x00000000ed080000,0x00000000ed080000,0x00000000ed580000)
  to   space 5120K, 0% used [0x00000000ecb80000,0x00000000ecb80000,0x00000000ed080000)
 ParOldGen       total 87552K, used 0K [0x00000000c0000000, 0x00000000c5580000, 0x00000000eab00000)
  object space 87552K, 0% used [0x00000000c0000000,0x00000000c0000000,0x00000000c5580000)
 Metaspace       used 6134K, capacity 7028K, committed 7296K, reserved 1056768K
  class space    used 601K, capacity 620K, committed 640K, reserved 1048576K
Event: 2.156 GC heap after
Heap after GC invocations=1 (full 0):
 PSYoungGen      total 38400K, used 5107K [0x00000000eab00000, 0x00000000ef600000, 0x0000000100000000)
  eden space 33280K, 0% used [0x00000000eab00000,0x00000000eab00000,0x00000000ecb80000)
  from space 5120K, 99% used [0x00000000ecb80000,0x00000000ed07cee8,0x00000000ed080000)
  to   space 5120K, 0% used [0x00000000ef100000,0x00000000ef100000,0x00000000ef600000)
 ParOldGen       total 87552K, used 1480K [0x00000000c0000000, 0x00000000c5580000, 0x00000000eab00000)
  object space 87552K, 1% used [0x00000000c0000000,0x00000000c0172098,0x00000000c5580000)
 Metaspace       used 6134K, capacity 7028K, committed 7296K, reserved 1056768K
  class space    used 601K, capacity 620K, committed 640K, reserved 1048576K
}
Event: 3.593 GC heap before
{Heap before GC invocations=2 (full 0):
 PSYoungGen      total 38400K, used 38387K [0x00000000eab00000, 0x00000000ef600000, 0x0000000100000000)
  eden space 33280K, 100% used [0x00000000eab00000,0x00000000ecb80000,0x00000000ecb80000)
  from space 5120K, 99% used [0x00000000ecb80000,0x00000000ed07cee8,0x00000000ed080000)
  to   space 5120K, 0% used [0x00000000ef100000,0x00000000ef100000,0x00000000ef600000)
 ParOldGen       total 87552K, used 1480K [0x00000000c0000000, 0x00000000c5580000, 0x00000000eab00000)
  object space 87552K, 1% used [0x00000000c0000000,0x00000000c0172098,0x00000000c5580000)
 Metaspace       used 6258K, capacity 7092K, committed 7296K, reserved 1056768K
  class space    used 601K, capacity 620K, committed 640K, reserved 1048576K
Event: 4.536 GC heap after
Heap after GC invocations=2 (full 0):
 PSYoungGen      total 71680K, used 5095K [0x00000000eab00000, 0x00000000ef600000, 0x0000000100000000)
  eden space 66560K, 0% used [0x00000000eab00000,0x00000000eab00000,0x00000000eec00000)
  from space 5120K, 99% used [0x00000000ef100000,0x00000000ef5f9d38,0x00000000ef600000)
  to   space 5120K, 0% used [0x00000000eec00000,0x00000000eec00000,0x00000000ef100000)
 ParOldGen       total 87552K, used 6140K [0x00000000c0000000, 0x00000000c5580000, 0x00000000eab00000)
  object space 87552K, 7% used [0x00000000c0000000,0x00000000c05ff2c0,0x00000000c5580000)
 Metaspace       used 6258K, capacity 7092K, committed 7296K, reserved 1056768K
  class space    used 601K, capacity 620K, committed 640K, reserved 1048576K
}

Deoptimization events (10 events):
Event: 2.320 Thread 0x0000000002da0800 Uncommon trap: reason=unstable_if action=reinterpret pc=0x0000000003404340 method=com.android.dx.rop.code.LocalItem.compareHandlesNulls(Lcom/android/dx/rop/cst/CstString;Lcom/android/dx/rop/cst/CstString;)I @ 8
Event: 2.908 Thread 0x0000000016e8e800 Uncommon trap: reason=unstable_if action=reinterpret pc=0x00000000033c8888 method=com.android.dx.ssa.SCCP.simulateStmt(Lcom/android/dx/ssa/SsaInsn;)V @ 53
Event: 2.912 Thread 0x0000000016e8e800 Uncommon trap: reason=unstable_if action=reinterpret pc=0x00000000034461ec method=com.android.dx.ssa.SsaRenamer$BlockRenamer.visitMoveInsn(Lcom/android/dx/ssa/NormalSsaInsn;)V @ 104
Event: 2.916 Thread 0x0000000016e8e800 Uncommon trap: reason=unstable_if action=reinterpret pc=0x0000000003255d00 method=com.android.dx.rop.code.RegisterSpec.equals(ILcom/android/dx/rop/type/TypeBearer;Lcom/android/dx/rop/code/LocalItem;)Z @ 42
Event: 3.126 Thread 0x0000000002da0800 Uncommon trap: reason=unstable_if action=reinterpret pc=0x00000000034fc98c method=com.android.dx.ssa.MoveParamCombiner$1.visitNonMoveInsn(Lcom/android/dx/ssa/NormalSsaInsn;)V @ 27
Event: 3.535 Thread 0x0000000016e28000 Uncommon trap: reason=unstable_if action=reinterpret pc=0x00000000031c731c method=com.android.dx.rop.cst.Constant.compareTo(Lcom/android/dx/rop/cst/Constant;)I @ 12
Event: 3.583 Thread 0x0000000016ea2800 Uncommon trap: reason=bimorphic action=maybe_recompile pc=0x0000000003431cf8 method=com.android.dx.cf.code.BytecodeArray.parseInstruction(ILcom/android/dx/cf/code/BytecodeArray$Visitor;)I @ 1130
Event: 3.584 Thread 0x0000000016ea2800 Uncommon trap: reason=bimorphic action=maybe_recompile pc=0x0000000003431cf8 method=com.android.dx.cf.code.BytecodeArray.parseInstruction(ILcom/android/dx/cf/code/BytecodeArray$Visitor;)I @ 1130
Event: 4.566 Thread 0x0000000016ea2800 Uncommon trap: reason=bimorphic action=maybe_recompile pc=0x000000000342f114 method=com.android.dx.cf.code.BytecodeArray.parseInstruction(ILcom/android/dx/cf/code/BytecodeArray$Visitor;)I @ 2135
Event: 4.568 Thread 0x0000000016ea2800 Uncommon trap: reason=bimorphic action=maybe_recompile pc=0x000000000342f114 method=com.android.dx.cf.code.BytecodeArray.parseInstruction(ILcom/android/dx/cf/code/BytecodeArray$Visitor;)I @ 2135

Internal exceptions (3 events):
Event: 0.112 Thread 0x0000000002da0800 Exception <a 'java/lang/NoSuchMethodError': Method sun.misc.Unsafe.defineClass(Ljava/lang/String;[BII)Ljava/lang/Class; name or signature does not match> (0x00000000eab07cc0) thrown at [C:\re\workspace\8-2-build-windows-amd64-cygwin\jdk8u91\7017\hotspot\sr³;é²¼?
Event: 0.112 Thread 0x0000000002da0800 Exception <a 'java/lang/NoSuchMethodError': Method sun.misc.Unsafe.prefetchRead(Ljava/lang/Object;J)V name or signature does not match> (0x00000000eab07fa8) thrown at [C:\re\workspace\8-2-build-windows-amd64-cygwin\jdk8u91\7017\hotspot\src\share\vm\prims\j^öì
Event: 2.320 Thread 0x0000000002da0800 Implicit null exception at 0x0000000003402cdd to 0x000000000340430d

Events (10 events):
Event: 3.593 Executing VM operation: ParallelGCFailedAllocation
Event: 4.536 Executing VM operation: ParallelGCFailedAllocation done
Event: 4.566 Thread 0x0000000016ea2800 Uncommon trap: trap_request=0xffffffc6 fr.pc=0x000000000342f114
Event: 4.566 Thread 0x0000000016ea2800 DEOPT PACKING pc=0x000000000342f114 sp=0x00000000174be620
Event: 4.566 Thread 0x0000000016ea2800 DEOPT UNPACKING pc=0x0000000002ee582a sp=0x00000000174be5b0 mode 2
Event: 4.568 Thread 0x0000000016ea2800 Uncommon trap: trap_request=0xffffffc6 fr.pc=0x000000000342f114
Event: 4.568 Thread 0x0000000016ea2800 DEOPT PACKING pc=0x000000000342f114 sp=0x00000000174be470
Event: 4.568 Thread 0x0000000016ea2800 DEOPT UNPACKING pc=0x0000000002ee582a sp=0x00000000174be400 mode 2
Event: 4.600 loading class com/android/dx/cf/code/SwitchList
Event: 4.600 loading class com/android/dx/cf/code/SwitchList done


Dynamic libraries:
0x00007ff657b70000 - 0x00007ff657ba7000 	D:\JAVA\Java\Jdk_8.0\bin\java.exe
0x00007ffc09e10000 - 0x00007ffc09fe1000 	C:\WINDOWS\SYSTEM32\ntdll.dll
0x00007ffc07690000 - 0x00007ffc0773b000 	C:\WINDOWS\System32\KERNEL32.DLL
0x00007ffc06d50000 - 0x00007ffc06f6d000 	C:\WINDOWS\System32\KERNELBASE.dll
0x00007ffc074b0000 - 0x00007ffc07552000 	C:\WINDOWS\System32\ADVAPI32.dll
0x00007ffc073a0000 - 0x00007ffc0743e000 	C:\WINDOWS\System32\msvcrt.dll
0x00007ffc099d0000 - 0x00007ffc09a29000 	C:\WINDOWS\System32\sechost.dll
0x00007ffc07560000 - 0x00007ffc07681000 	C:\WINDOWS\System32\RPCRT4.dll
0x00007ffc08ef0000 - 0x00007ffc09055000 	C:\WINDOWS\System32\USER32.dll
0x00007ffc07020000 - 0x00007ffc0703e000 	C:\WINDOWS\System32\win32u.dll
0x00007ffc09290000 - 0x00007ffc092c4000 	C:\WINDOWS\System32\GDI32.dll
0x00007ffc07040000 - 0x00007ffc071c2000 	C:\WINDOWS\System32\gdi32full.dll
0x00007ffbfee70000 - 0x00007ffbff0ea000 	C:\WINDOWS\WinSxS\amd64_microsoft.windows.common-controls_6595b64144ccf1df_6.0.14393.351_none_4213128bc687e6d3\COMCTL32.dll
0x00007ffc092d0000 - 0x00007ffc09597000 	C:\WINDOWS\System32\combase.dll
0x00007ffc06450000 - 0x00007ffc06545000 	C:\WINDOWS\System32\ucrtbase.dll
0x00007ffc06600000 - 0x00007ffc0666a000 	C:\WINDOWS\System32\bcryptPrimitives.dll
0x00007ffc09a30000 - 0x00007ffc09a5e000 	C:\WINDOWS\System32\IMM32.DLL
0x00007ffc05160000 - 0x00007ffc05191000 	C:\WINDOWS\system32\nvinitx.dll
0x00007ffc05150000 - 0x00007ffc0515a000 	C:\WINDOWS\SYSTEM32\VERSION.dll
0x00000000553c0000 - 0x0000000055492000 	D:\JAVA\Java\Jdk_8.0\jre\bin\msvcr100.dll
0x0000000055920000 - 0x00000000561b3000 	D:\JAVA\Java\Jdk_8.0\jre\bin\server\jvm.dll
0x00007ffc09280000 - 0x00007ffc09288000 	C:\WINDOWS\System32\PSAPI.DLL
0x00007ffbfd930000 - 0x00007ffbfd939000 	C:\WINDOWS\SYSTEM32\WSOCK32.dll
0x00007ffc09bf0000 - 0x00007ffc09c5a000 	C:\WINDOWS\System32\WS2_32.dll
0x00007ffc045f0000 - 0x00007ffc04613000 	C:\WINDOWS\SYSTEM32\WINMM.dll
0x00007ffc04510000 - 0x00007ffc0453b000 	C:\WINDOWS\SYSTEM32\WINMMBASE.dll
0x00007ffc06360000 - 0x00007ffc063a2000 	C:\WINDOWS\System32\cfgmgr32.dll
0x0000000055830000 - 0x000000005583f000 	D:\JAVA\Java\Jdk_8.0\jre\bin\verify.dll
0x0000000055800000 - 0x0000000055829000 	D:\JAVA\Java\Jdk_8.0\jre\bin\java.dll
0x00000000557e0000 - 0x00000000557f6000 	D:\JAVA\Java\Jdk_8.0\jre\bin\zip.dll
0x00007ffc078e0000 - 0x00007ffc08de9000 	C:\WINDOWS\System32\SHELL32.dll
0x00007ffc06670000 - 0x00007ffc06d4a000 	C:\WINDOWS\System32\windows.storage.dll
0x00007ffc062b0000 - 0x00007ffc062fc000 	C:\WINDOWS\System32\powrprof.dll
0x00007ffc09ac0000 - 0x00007ffc09b12000 	C:\WINDOWS\System32\shlwapi.dll
0x00007ffc06270000 - 0x00007ffc0627f000 	C:\WINDOWS\System32\kernel.appcore.dll
0x00007ffc06550000 - 0x00007ffc065f9000 	C:\WINDOWS\System32\shcore.dll
0x00007ffc06280000 - 0x00007ffc06294000 	C:\WINDOWS\System32\profapi.dll
0x00007ffbf6750000 - 0x00007ffbf68e2000 	C:\WINDOWS\SYSTEM32\dbghelp.dll

VM Arguments:
jvm_args: -Djava.awt.headless=true -Xmx1024M -Dfile.encoding=GBK -Duser.country=CN -Duser.language=zh -Duser.variant 
java_command: com.android.dx.command.Main --dex --force-jumbo --num-threads=4 --multi-dex --output D:\Android_Studio_WorkPace\MyApp\app\build\intermediates\transforms\dex\debug\folders\1000\10\gson-2.7_b0efb40340b19508b692f3228a022bf1bf098a87 C:\Users\longl\.gradle\caches\modules-2\files-2.1\com.google.code.gson\gson\2.7\751f548c85fa49f330cecbb1875893f971b33c4e\gson-2.7.jar
java_class_path (initial): D:\Android_Studio_SDK\build-tools\24.0.2\lib\dx.jar
Launcher Type: SUN_STANDARD

Environment Variables:
JAVA_HOME=D:\JAVA\Java\Jdk_8.0
CLASSPATH=.;D:\JAVA\Java\Jdk_8.0\lib\dt.jar;D:\JAVA\Java\Jdk_8.0\lib\tools.jar
PATH=C:\Program Files (x86)\NVIDIA Corporation\PhysX\Common;C:\WINDOWS\system32;C:\WINDOWS;C:\WINDOWS\System32\Wbem;C:\WINDOWS\System32\WindowsPowerShell\v1.0\;D:\JAVA\Java\Jdk_8.0\bin;D:\JAVA\Java\Jdk_8.0\jre\bin;D:\SVN2\bin;D:\Git\Git\cmd;C:\Users\longl\AppData\Local\Microsoft\WindowsApps
USERNAME=longl
OS=Windows_NT
PROCESSOR_IDENTIFIER=Intel64 Family 6 Model 60 Stepping 3, GenuineIntel



---------------  S Y S T E M  ---------------

OS: Windows 10.0 , 64 bit Build 14393 (10.0.14393.0)

CPU:total 4 (2 cores per cpu, 2 threads per core) family 6 model 60 stepping 3, cmov, cx8, fxsr, mmx, sse, sse2, sse3, ssse3, sse4.1, sse4.2, popcnt, avx, avx2, aes, clmul, erms, lzcnt, ht, tsc, tscinvbit, bmi1, bmi2

Memory: 4k page, physical 8268828k(1370772k free), swap 11204300k(1454628k free)

vm_info: Java HotSpot(TM) 64-Bit Server VM (25.91-b15) for windows-amd64 JRE (1.8.0_91-b15), built on May 20 2016 17:43:15 by "java_re" with MS VC++ 10.0 (VS2010)

time: Mon Feb 13 21:53:19 2017
elapsed time: 4 seconds (0d 0h 0m 4s)

