#
# A fatal error has been detected by the Java Runtime Environment:
#
#  EXCEPTION_ILLEGAL_INSTRUCTION (0xc000001d) at pc=0x0000000002e68368, pid=4804, tid=3056
#
# JRE version: Java(TM) SE Runtime Environment (8.0_91-b15) (build 1.8.0_91-b15)
# Java VM: Java HotSpot(TM) 64-Bit Server VM (25.91-b15 mixed mode windows-amd64 compressed oops)
# Problematic frame:
# J 439 C1 com.android.dx.ssa.SsaMethod.getRegCount()I (5 bytes) @ 0x0000000002e68368 [0x0000000002e683a0+0xffffffc8]
#
# Failed to write core dump. Minidumps are not enabled by default on client versions of Windows
#
# If you would like to submit a bug report, please visit:
#   http://bugreport.java.com/bugreport/crash.jsp
#

---------------  T H R E A D  ---------------

Current thread (0x00000000168db800):  JavaThread "pool-2-thread-3" [_thread_in_Java, id=3056, stack(0x0000000017520000,0x0000000017620000)]

siginfo: ExceptionCode=0xc000001d

Registers:
RAX=0x0000000014eba8c0, RBX=0x0000000014eba8c0, RCX=0x00000000ec1a2958, RDX=0x00000000ec1a2958
RSP=0x000000001761eb18, RBP=0x000000001761eb78, RSI=0x00000000149b0480, RDI=0x0000000000110748
R8 =0x0000000000000000, R9 =0x0000000000000001, R10=0x00000000561149a0, R11=0x0000000002e683c0
R12=0x0000000000000000, R13=0x000000001761eb28, R14=0x000000001761eb98, R15=0x00000000168db800
RIP=0x0000000002e68368, EFLAGS=0x0000000000010283

Top of Stack: (sp=0x000000001761eb18)
0x000000001761eb18:   0000000002c67da0 0000000002c67da0
0x000000001761eb28:   00000000ec1a2958 00000000ec1a3e70
0x000000001761eb38:   000000001761eb38 0000000014ec9ea9
0x000000001761eb48:   000000001761eb98 0000000014eca8d8
0x000000001761eb58:   0000000000000000 0000000014ec9f18
0x000000001761eb68:   000000001761eb28 000000001761eb90
0x000000001761eb78:   000000001761ebf0 0000000002c6835d
0x000000001761eb88:   00000000ec1a29a8 00000000ec1a2958
0x000000001761eb98:   00000000ec1a3e70 00000000ec1a3e70
0x000000001761eba8:   00000000ec1a3e50 000000001761ebb0
0x000000001761ebb8:   0000000014ec8aaf 000000001761ec10
0x000000001761ebc8:   0000000014ec9078 0000000000000000
0x000000001761ebd8:   0000000014ec8af8 000000001761eb90
0x000000001761ebe8:   000000001761ec08 000000001761ec60
0x000000001761ebf8:   0000000002c6835d 00000000ec1a29a8
0x000000001761ec08:   00000000ec1a2958 00000000ec1a3e50 

Instructions: (pc=0x0000000002e68368)
0x0000000002e68348:   c0 84 e6 02 00 00 00 00 c0 84 e6 02 00 00 00 00
0x0000000002e68358:   c0 84 e6 02 00 00 00 00 c0 84 e6 02 00 00 00 00
0x0000000002e68368:   ff ff ff ff ff ff ff ff 0b 60 29 b4 37 64 15 00
0x0000000002e68378:   00 64 03 f8 f5 55 30 12 00 00 5b 70 60 f0 0a 80 


Register to memory mapping:

RAX=0x0000000014eba8c0 is pointing into metadata
RBX=0x0000000014eba8c0 is pointing into metadata
RCX=0x00000000ec1a2958 is an oop
com.android.dx.ssa.SsaMethod 
 - klass: 'com/android/dx/ssa/SsaMethod'
RDX=0x00000000ec1a2958 is an oop
com.android.dx.ssa.SsaMethod 
 - klass: 'com/android/dx/ssa/SsaMethod'
RSP=0x000000001761eb18 is pointing into the stack for thread: 0x00000000168db800
RBP=0x000000001761eb78 is pointing into the stack for thread: 0x00000000168db800
RSI={method} {0x00000000149b0488} '<init>' '()V' in 'java/lang/Object'
RDI=0x0000000000110748 is an unknown value
R8 =0x0000000000000000 is an unknown value
R9 =0x0000000000000001 is an unknown value
R10=0x00000000561149a0 is an unknown value
R11=0x0000000002e683c0 is at entry_point+32 in (nmethod*)0x0000000002e68250
R12=0x0000000000000000 is an unknown value
R13=0x000000001761eb28 is pointing into the stack for thread: 0x00000000168db800
R14=0x000000001761eb98 is pointing into the stack for thread: 0x00000000168db800
R15=0x00000000168db800 is a thread


Stack: [0x0000000017520000,0x0000000017620000],  sp=0x000000001761eb18,  free space=1018k
Native frames: (J=compiled Java code, j=interpreted, Vv=VM code, C=native code)
C  0x0000000002e68368


---------------  P R O C E S S  ---------------

Java Threads: ( => current thread )
  0x0000000016924800 JavaThread "pool-2-thread-4" [_thread_in_vm, id=20328, stack(0x0000000017620000,0x0000000017720000)]
=>0x00000000168db800 JavaThread "pool-2-thread-3" [_thread_in_Java, id=3056, stack(0x0000000017520000,0x0000000017620000)]
  0x00000000168db000 JavaThread "pool-2-thread-2" [_thread_blocked, id=14952, stack(0x0000000017420000,0x0000000017520000)]
  0x00000000168d7800 JavaThread "pool-3-thread-1" [_thread_blocked, id=2540, stack(0x0000000017320000,0x0000000017420000)]
  0x00000000168d5800 JavaThread "pool-2-thread-1" [_thread_in_vm, id=9408, stack(0x0000000017220000,0x0000000017320000)]
  0x0000000016784000 JavaThread "Service Thread" daemon [_thread_blocked, id=14812, stack(0x0000000017020000,0x0000000017120000)]
  0x0000000016781000 JavaThread "C1 CompilerThread2" daemon [_thread_in_vm, id=12020, stack(0x0000000016f20000,0x0000000017020000)]
  0x0000000016776000 JavaThread "C2 CompilerThread1" daemon [_thread_in_vm, id=19784, stack(0x0000000016e20000,0x0000000016f20000)]
  0x0000000016763000 JavaThread "C2 CompilerThread0" daemon [_thread_in_vm, id=22156, stack(0x0000000016d20000,0x0000000016e20000)]
  0x0000000015364000 JavaThread "Attach Listener" daemon [_thread_blocked, id=11320, stack(0x0000000016c20000,0x0000000016d20000)]
  0x0000000015363000 JavaThread "Signal Dispatcher" daemon [_thread_blocked, id=11256, stack(0x0000000016b20000,0x0000000016c20000)]
  0x000000001533a800 JavaThread "Finalizer" daemon [_thread_blocked, id=9980, stack(0x00000000165b0000,0x00000000166b0000)]
  0x0000000002c4f000 JavaThread "Reference Handler" daemon [_thread_blocked, id=7936, stack(0x00000000164b0000,0x00000000165b0000)]
  0x0000000002b60800 JavaThread "main" [_thread_in_vm, id=9496, stack(0x0000000002940000,0x0000000002a40000)]

Other Threads:
  0x0000000015318000 VMThread [stack: 0x00000000163b0000,0x00000000164b0000] [id=22240]
  0x0000000016799000 WatcherThread [stack: 0x0000000017120000,0x0000000017220000] [id=6708]

VM state:synchronizing (normal execution)

VM Mutex/Monitor currently owned by a thread:  ([mutex/lock_event])
[0x000000000291c340] Safepoint_lock - owner thread: 0x0000000015318000
[0x000000000291c3c0] Threads_lock - owner thread: 0x0000000015318000
[0x000000000291bfc0] Heap_lock - owner thread: 0x00000000168db000

Heap:
 PSYoungGen      total 38400K, used 33280K [0x00000000eab00000, 0x00000000ed580000, 0x0000000100000000)
  eden space 33280K, 100% used [0x00000000eab00000,0x00000000ecb80000,0x00000000ecb80000)
  from space 5120K, 0% used [0x00000000ed080000,0x00000000ed080000,0x00000000ed580000)
  to   space 5120K, 0% used [0x00000000ecb80000,0x00000000ecb80000,0x00000000ed080000)
 ParOldGen       total 87552K, used 0K [0x00000000c0000000, 0x00000000c5580000, 0x00000000eab00000)
  object space 87552K, 0% used [0x00000000c0000000,0x00000000c0000000,0x00000000c5580000)
 Metaspace       used 6006K, capacity 6900K, committed 7040K, reserved 1056768K
  class space    used 601K, capacity 620K, committed 640K, reserved 1048576K

Card table byte_map: [0x0000000012020000,0x0000000012230000] byte_map_base: 0x0000000011a20000

Marking Bits: (ParMarkBitMap*) 0x0000000056132f70
 Begin Bits: [0x0000000012790000, 0x0000000013790000)
 End Bits:   [0x0000000013790000, 0x0000000014790000)

Polling page: 0x0000000002900000

CodeCache: size=245760Kb used=4933Kb max_used=4948Kb free=240826Kb
 bounds [0x0000000002c60000, 0x0000000003140000, 0x0000000011c60000]
 total_blobs=1461 nmethods=1190 adapters=184
 compilation: enabled

Compilation events (10 events):
Event: 4.289 Thread 0x0000000016781000 1166       3       com.android.dx.rop.code.BasicBlockList$RegCountVisitor::visitThrowingInsn (6 bytes)
Event: 4.289 Thread 0x0000000016781000 nmethod 1166 0x000000000310b7d0 code [0x000000000310b940, 0x000000000310bac8]
Event: 4.294 Thread 0x0000000016763000 nmethod 1165 0x000000000310b250 code [0x000000000310b3a0, 0x000000000310b638]
Event: 4.294 Thread 0x0000000016763000 1167       4       com.android.dx.rop.code.BasicBlockList$RegCountVisitor::visitPlainInsn (6 bytes)
Event: 4.300 Thread 0x0000000016781000 1169       3       com.android.dx.ssa.SsaMethod::buildUseList (112 bytes)
Event: 4.301 Thread 0x0000000016763000 nmethod 1167 0x000000000310a890 code [0x000000000310aa00, 0x000000000310acd8]
Event: 4.301 Thread 0x0000000016763000 1168       4       com.android.dx.ssa.SsaBasicBlock::forEachPhiInsn (54 bytes)
Event: 4.302 Thread 0x0000000016781000 nmethod 1169 0x0000000003113450 code [0x00000000031136e0, 0x00000000031149d8]
Event: 4.312 Thread 0x0000000016781000 1170       3       com.android.dx.util.Bits::isEmpty (26 bytes)
Event: 4.312 Thread 0x0000000016781000 nmethod 1170 0x0000000003112f90 code [0x0000000003113100, 0x0000000003113350]

GC Heap History (0 events):
No events

Deoptimization events (7 events):
Event: 3.357 Thread 0x0000000002b60800 Uncommon trap: reason=unstable_if action=reinterpret pc=0x0000000002edb774 method=java.util.BitSet.ensureCapacity(I)V @ 6
Event: 3.378 Thread 0x00000000168db000 Uncommon trap: reason=null_check action=make_not_entrant pc=0x0000000002f7b6c8 method=com.android.dx.ssa.SsaRenamer.getLocalForNewReg(I)Lcom/android/dx/rop/code/LocalItem; @ 19
Event: 3.381 Thread 0x0000000002b60800 Uncommon trap: reason=bimorphic action=maybe_recompile pc=0x0000000002e810a4 method=java.util.HashMap.getNode(ILjava/lang/Object;)Ljava/util/HashMap$Node; @ 126
Event: 3.381 Thread 0x0000000002b60800 Uncommon trap: reason=bimorphic action=maybe_recompile pc=0x0000000002e810a4 method=java.util.HashMap.getNode(ILjava/lang/Object;)Ljava/util/HashMap$Node; @ 126
Event: 3.381 Thread 0x0000000002b60800 Uncommon trap: reason=bimorphic action=maybe_recompile pc=0x0000000002e810a4 method=java.util.HashMap.getNode(ILjava/lang/Object;)Ljava/util/HashMap$Node; @ 126
Event: 3.381 Thread 0x0000000002b60800 Uncommon trap: reason=bimorphic action=maybe_recompile pc=0x0000000002e810a4 method=java.util.HashMap.getNode(ILjava/lang/Object;)Ljava/util/HashMap$Node; @ 126
Event: 3.381 Thread 0x0000000002b60800 Uncommon trap: reason=bimorphic action=maybe_recompile pc=0x0000000002e7be20 method=java.util.HashMap.getNode(ILjava/lang/Object;)Ljava/util/HashMap$Node; @ 126

Internal exceptions (3 events):
Event: 0.109 Thread 0x0000000002b60800 Exception <a 'java/lang/NoSuchMethodError': Method sun.misc.Unsafe.defineClass(Ljava/lang/String;[BII)Ljava/lang/Class; name or signature does not match> (0x00000000eab07cc0) thrown at [C:\re\workspace\8-2-build-windows-amd64-cygwin\jdk8u91\7017\hotspot\sru‚ê7æ»?
Event: 0.109 Thread 0x0000000002b60800 Exception <a 'java/lang/NoSuchMethodError': Method sun.misc.Unsafe.prefetchRead(Ljava/lang/Object;J)V name or signature does not match> (0x00000000eab07fa8) thrown at [C:\re\workspace\8-2-build-windows-amd64-cygwin\jdk8u91\7017\hotspot\src\share\vm\prims\j®_Ð“,@
Event: 3.378 Thread 0x00000000168db000 Implicit null exception at 0x0000000002f79d70 to 0x0000000002f7b67d

Events (10 events):
Event: 3.381 Thread 0x0000000002b60800 DEOPT PACKING pc=0x0000000002e810a4 sp=0x0000000002a3e050
Event: 3.381 Thread 0x0000000002b60800 DEOPT UNPACKING pc=0x0000000002ca582a sp=0x0000000002a3df68 mode 2
Event: 3.381 Thread 0x0000000002b60800 Uncommon trap: trap_request=0xffffffc6 fr.pc=0x0000000002e810a4
Event: 3.381 Thread 0x0000000002b60800 DEOPT PACKING pc=0x0000000002e810a4 sp=0x0000000002a3e030
Event: 3.381 Thread 0x0000000002b60800 DEOPT UNPACKING pc=0x0000000002ca582a sp=0x0000000002a3df48 mode 2
Event: 3.381 Thread 0x0000000002b60800 Uncommon trap: trap_request=0xffffffc6 fr.pc=0x0000000002e7be20
Event: 3.381 Thread 0x0000000002b60800 DEOPT PACKING pc=0x0000000002e7be20 sp=0x0000000002a3dfd0
Event: 3.381 Thread 0x0000000002b60800 DEOPT UNPACKING pc=0x0000000002ca582a sp=0x0000000002a3df58 mode 2
Event: 4.309 Executing VM operation: EnableBiasedLocking
Event: 4.310 Executing VM operation: EnableBiasedLocking done


Dynamic libraries:
0x00007ff657b70000 - 0x00007ff657ba7000 	D:\JAVA\Java\Jdk_8.0\bin\java.exe
0x00007ffc09e10000 - 0x00007ffc09fe1000 	C:\WINDOWS\SYSTEM32\ntdll.dll
0x00007ffc07690000 - 0x00007ffc0773b000 	C:\WINDOWS\System32\KERNEL32.DLL
0x00007ffc06d50000 - 0x00007ffc06f6d000 	C:\WINDOWS\System32\KERNELBASE.dll
0x00007ffc074b0000 - 0x00007ffc07552000 	C:\WINDOWS\System32\ADVAPI32.dll
0x00007ffc073a0000 - 0x00007ffc0743e000 	C:\WINDOWS\System32\msvcrt.dll
0x00007ffc099d0000 - 0x00007ffc09a29000 	C:\WINDOWS\System32\sechost.dll
0x00007ffc07560000 - 0x00007ffc07681000 	C:\WINDOWS\System32\RPCRT4.dll
0x00007ffc08ef0000 - 0x00007ffc09055000 	C:\WINDOWS\System32\USER32.dll
0x00007ffc07020000 - 0x00007ffc0703e000 	C:\WINDOWS\System32\win32u.dll
0x00007ffc09290000 - 0x00007ffc092c4000 	C:\WINDOWS\System32\GDI32.dll
0x00007ffc07040000 - 0x00007ffc071c2000 	C:\WINDOWS\System32\gdi32full.dll
0x00007ffbfee70000 - 0x00007ffbff0ea000 	C:\WINDOWS\WinSxS\amd64_microsoft.windows.common-controls_6595b64144ccf1df_6.0.14393.351_none_4213128bc687e6d3\COMCTL32.dll
0x00007ffc092d0000 - 0x00007ffc09597000 	C:\WINDOWS\System32\combase.dll
0x00007ffc06450000 - 0x00007ffc06545000 	C:\WINDOWS\System32\ucrtbase.dll
0x00007ffc06600000 - 0x00007ffc0666a000 	C:\WINDOWS\System32\bcryptPrimitives.dll
0x00007ffc09a30000 - 0x00007ffc09a5e000 	C:\WINDOWS\System32\IMM32.DLL
0x00007ffc05160000 - 0x00007ffc05191000 	C:\WINDOWS\system32\nvinitx.dll
0x00007ffc05150000 - 0x00007ffc0515a000 	C:\WINDOWS\SYSTEM32\VERSION.dll
0x00000000553c0000 - 0x0000000055492000 	D:\JAVA\Java\Jdk_8.0\jre\bin\msvcr100.dll
0x0000000055920000 - 0x00000000561b3000 	D:\JAVA\Java\Jdk_8.0\jre\bin\server\jvm.dll
0x00007ffc09280000 - 0x00007ffc09288000 	C:\WINDOWS\System32\PSAPI.DLL
0x00007ffbfd930000 - 0x00007ffbfd939000 	C:\WINDOWS\SYSTEM32\WSOCK32.dll
0x00007ffc09bf0000 - 0x00007ffc09c5a000 	C:\WINDOWS\System32\WS2_32.dll
0x00007ffc045f0000 - 0x00007ffc04613000 	C:\WINDOWS\SYSTEM32\WINMM.dll
0x00007ffc04510000 - 0x00007ffc0453b000 	C:\WINDOWS\SYSTEM32\WINMMBASE.dll
0x00007ffc06360000 - 0x00007ffc063a2000 	C:\WINDOWS\System32\cfgmgr32.dll
0x0000000055830000 - 0x000000005583f000 	D:\JAVA\Java\Jdk_8.0\jre\bin\verify.dll
0x0000000055800000 - 0x0000000055829000 	D:\JAVA\Java\Jdk_8.0\jre\bin\java.dll
0x00000000557e0000 - 0x00000000557f6000 	D:\JAVA\Java\Jdk_8.0\jre\bin\zip.dll
0x00007ffc078e0000 - 0x00007ffc08de9000 	C:\WINDOWS\System32\SHELL32.dll
0x00007ffc06670000 - 0x00007ffc06d4a000 	C:\WINDOWS\System32\windows.storage.dll
0x00007ffc062b0000 - 0x00007ffc062fc000 	C:\WINDOWS\System32\powrprof.dll
0x00007ffc09ac0000 - 0x00007ffc09b12000 	C:\WINDOWS\System32\shlwapi.dll
0x00007ffc06270000 - 0x00007ffc0627f000 	C:\WINDOWS\System32\kernel.appcore.dll
0x00007ffc06550000 - 0x00007ffc065f9000 	C:\WINDOWS\System32\shcore.dll
0x00007ffc06280000 - 0x00007ffc06294000 	C:\WINDOWS\System32\profapi.dll
0x00007ffbf6750000 - 0x00007ffbf68e2000 	C:\WINDOWS\SYSTEM32\dbghelp.dll

VM Arguments:
jvm_args: -Djava.awt.headless=true -Xmx1024M -Dfile.encoding=GBK -Duser.country=CN -Duser.language=zh -Duser.variant 
java_command: com.android.dx.command.Main --dex --force-jumbo --num-threads=4 --multi-dex --output D:\Android_Studio_WorkPace\MyApp\app\build\intermediates\transforms\dex\debug\folders\1000\10\okio-1.9.0_8db4880d8fefb712af7a2bd5db587144c3823205 C:\Users\longl\.gradle\caches\modules-2\files-2.1\com.squareup.okio\okio\1.9.0\f824591a0016efbaeddb8300bee54832a1398cfa\okio-1.9.0.jar
java_class_path (initial): D:\Android_Studio_SDK\build-tools\24.0.2\lib\dx.jar
Launcher Type: SUN_STANDARD

Environment Variables:
JAVA_HOME=D:\JAVA\Java\Jdk_8.0
CLASSPATH=.;D:\JAVA\Java\Jdk_8.0\lib\dt.jar;D:\JAVA\Java\Jdk_8.0\lib\tools.jar
PATH=C:\Program Files (x86)\NVIDIA Corporation\PhysX\Common;C:\WINDOWS\system32;C:\WINDOWS;C:\WINDOWS\System32\Wbem;C:\WINDOWS\System32\WindowsPowerShell\v1.0\;D:\JAVA\Java\Jdk_8.0\bin;D:\JAVA\Java\Jdk_8.0\jre\bin;D:\SVN2\bin;D:\Git\Git\cmd;C:\Users\longl\AppData\Local\Microsoft\WindowsApps
USERNAME=longl
OS=Windows_NT
PROCESSOR_IDENTIFIER=Intel64 Family 6 Model 60 Stepping 3, GenuineIntel



---------------  S Y S T E M  ---------------

OS: Windows 10.0 , 64 bit Build 14393 (10.0.14393.0)

CPU:total 4 (2 cores per cpu, 2 threads per core) family 6 model 60 stepping 3, cmov, cx8, fxsr, mmx, sse, sse2, sse3, ssse3, sse4.1, sse4.2, popcnt, avx, avx2, aes, clmul, erms, lzcnt, ht, tsc, tscinvbit, bmi1, bmi2

Memory: 4k page, physical 8268828k(1367200k free), swap 11204300k(1452436k free)

vm_info: Java HotSpot(TM) 64-Bit Server VM (25.91-b15) for windows-amd64 JRE (1.8.0_91-b15), built on May 20 2016 17:43:15 by "java_re" with MS VC++ 10.0 (VS2010)

time: Mon Feb 13 21:53:19 2017
elapsed time: 4 seconds (0d 0h 0m 4s)

