#
# A fatal error has been detected by the Java Runtime Environment:
#
#  EXCEPTION_ACCESS_VIOLATION (0xc0000005) at pc=0x0000000055d81191, pid=8748, tid=21840
#
# JRE version: Java(TM) SE Runtime Environment (8.0_91-b15) (build 1.8.0_91-b15)
# Java VM: Java HotSpot(TM) 64-Bit Server VM (25.91-b15 mixed mode windows-amd64 compressed oops)
# Problematic frame:
# V  [jvm.dll+0x461191]
#
# Failed to write core dump. Minidumps are not enabled by default on client versions of Windows
#
# If you would like to submit a bug report, please visit:
#   http://bugreport.java.com/bugreport/crash.jsp
#

---------------  T H R E A D  ---------------

Current thread (0x000000001546d000):  JavaThread "C2 CompilerThread1" daemon [_thread_in_native, id=21840, stack(0x0000000016e70000,0x0000000016f70000)]

siginfo: ExceptionCode=0xc0000005, reading address 0x00000000df9d7e70

Registers:
RAX=0x00000000183d7e70, RBX=0x0000000000000001, RCX=0x0000000031d80000, RDX=0x0000000000000197
RSP=0x0000000016f6c3b0, RBP=0xffffffffffffffff, RSI=0x0000000017a3317e, RDI=0x0000000017a81210
R8 =0x0000000000000000, R9 =0x0000000000000001, R10=0x0000000000000062, R11=0x0000000000000050
R12=0x0000000016f6c7c0, R13=0x0000000000000000, R14=0x0000000055920000, R15=0x0000000000000001
RIP=0x0000000055d81191, EFLAGS=0x0000000000010202

Top of Stack: (sp=0x0000000016f6c3b0)
0x0000000016f6c3b0:   00000000183b0ad0 0000000017e89528
0x0000000016f6c3c0:   0000000017a81600 ffffffffffffffff
0x0000000016f6c3d0:   0000000100000197 0000000017a81210
0x0000000016f6c3e0:   0000000000000008 0000000000000197
0x0000000016f6c3f0:   0000000000000000 0000000000000000
0x0000000016f6c400:   0000000016f6c4d0 00000000000003d8
0x0000000016f6c410:   0000000016be3bb8 0000000016be37e0
0x0000000016f6c420:   0000000016f6c550 0000000000000000
0x0000000016f6c430:   0000000016f6c7c0 0000000016be37d0
0x0000000016f6c440:   0000000016f6c8d0 0000000055d84489
0x0000000016f6c450:   0000000016f6c7c0 0000000016f6c501
0x0000000016f6c460:   00000000ffffffff 0000000000000001
0x0000000016f6c470:   0000000000000002 0000000016be37d0
0x0000000016f6c480:   0000000018363e40 00000000183b1320
0x0000000016f6c490:   00000000183b1320 00000000000bbf88
0x0000000016f6c4a0:   0000000000000002 0000000016a9a580 

Instructions: (pc=0x0000000055d81191)
0x0000000055d81171:   48 8b 06 48 8b ce ff 90 c8 00 00 00 44 8b f8 49
0x0000000055d81181:   8b 84 24 28 01 00 00 48 63 4e 28 44 0f b7 46 2e
0x0000000055d81191:   8b 14 88 49 8b 44 24 70 41 83 e0 01 8b da 48 6b
0x0000000055d811a1:   db 70 48 03 58 20 85 d2 0f 84 a2 02 00 00 45 85 


Register to memory mapping:

RAX=0x00000000183d7e70 is an unknown value
RBX=0x0000000000000001 is an unknown value
RCX=0x0000000031d80000 is an unknown value
RDX=0x0000000000000197 is an unknown value
RSP=0x0000000016f6c3b0 is pointing into the stack for thread: 0x000000001546d000
RBP=0xffffffffffffffff is an unknown value
RSI=0x0000000017a3317e is an unknown value
RDI=0x0000000017a81210 is an unknown value
R8 =0x0000000000000000 is an unknown value
R9 =0x0000000000000001 is an unknown value
R10=0x0000000000000062 is an unknown value
R11=0x0000000000000050 is an unknown value
R12=0x0000000016f6c7c0 is pointing into the stack for thread: 0x000000001546d000
R13=0x0000000000000000 is an unknown value
R14=0x0000000055920000 is an unknown value
R15=0x0000000000000001 is an unknown value


Stack: [0x0000000016e70000,0x0000000016f70000],  sp=0x0000000016f6c3b0,  free space=1008k
Native frames: (J=compiled Java code, j=interpreted, Vv=VM code, C=native code)
V  [jvm.dll+0x461191]
V  [jvm.dll+0x464489]
V  [jvm.dll+0x46f55b]
V  [jvm.dll+0x471b72]
V  [jvm.dll+0x454ce2]
V  [jvm.dll+0xa4be2]
V  [jvm.dll+0xa551f]
V  [jvm.dll+0x243ae4]
V  [jvm.dll+0x29a99a]
C  [msvcr100.dll+0x21d9f]
C  [msvcr100.dll+0x21e3b]
C  [KERNEL32.DLL+0x8364]
C  [ntdll.dll+0x65e91]


Current CompileTask:
C2:   6306 1514       4       com.android.dx.dex.code.RopToDop::dopFor (792 bytes)


---------------  P R O C E S S  ---------------

Java Threads: ( => current thread )
  0x0000000016bf2000 JavaThread "pool-1-thread-1" [_thread_new, id=10836, stack(0x0000000000000000,0x0000000000000000)]
  0x0000000016af3000 JavaThread "Service Thread" daemon [_thread_blocked, id=22272, stack(0x0000000017070000,0x0000000017170000)]
  0x0000000016a77800 JavaThread "C1 CompilerThread2" daemon [_thread_blocked, id=9208, stack(0x0000000016f70000,0x0000000017070000)]
=>0x000000001546d000 JavaThread "C2 CompilerThread1" daemon [_thread_in_native, id=21840, stack(0x0000000016e70000,0x0000000016f70000)]
  0x0000000015469800 JavaThread "C2 CompilerThread0" daemon [_thread_blocked, id=20976, stack(0x0000000016970000,0x0000000016a70000)]
  0x0000000015468000 JavaThread "Attach Listener" daemon [_thread_blocked, id=18120, stack(0x0000000016870000,0x0000000016970000)]
  0x000000001541d000 JavaThread "Signal Dispatcher" daemon [_thread_blocked, id=10304, stack(0x0000000016770000,0x0000000016870000)]
  0x00000000153fa800 JavaThread "Finalizer" daemon [_thread_blocked, id=16328, stack(0x0000000016670000,0x0000000016770000)]
  0x0000000002d2f000 JavaThread "Reference Handler" daemon [_thread_blocked, id=21792, stack(0x0000000016570000,0x0000000016670000)]
  0x0000000002c40800 JavaThread "main" [_thread_blocked, id=14052, stack(0x0000000002a30000,0x0000000002b30000)]

Other Threads:
  0x00000000153d8000 VMThread [stack: 0x0000000016470000,0x0000000016570000] [id=3208]
  0x0000000016af8000 WatcherThread [stack: 0x0000000017170000,0x0000000017270000] [id=18352]

VM state:not at safepoint (normal execution)

VM Mutex/Monitor currently owned by a thread: None

Heap:
 PSYoungGen      total 71680K, used 35997K [0x00000000eab00000, 0x00000000ef600000, 0x0000000100000000)
  eden space 66560K, 46% used [0x00000000eab00000,0x00000000ec92d268,0x00000000eec00000)
  from space 5120K, 99% used [0x00000000ef100000,0x00000000ef5fa478,0x00000000ef600000)
  to   space 5120K, 0% used [0x00000000eec00000,0x00000000eec00000,0x00000000ef100000)
 ParOldGen       total 87552K, used 15051K [0x00000000c0000000, 0x00000000c5580000, 0x00000000eab00000)
  object space 87552K, 17% used [0x00000000c0000000,0x00000000c0eb2f40,0x00000000c5580000)
 Metaspace       used 5918K, capacity 6960K, committed 7040K, reserved 1056768K
  class space    used 586K, capacity 616K, committed 640K, reserved 1048576K

Card table byte_map: [0x0000000012100000,0x0000000012310000] byte_map_base: 0x0000000011b00000

Marking Bits: (ParMarkBitMap*) 0x0000000056132f70
 Begin Bits: [0x0000000012870000, 0x0000000013870000)
 End Bits:   [0x0000000013870000, 0x0000000014870000)

Polling page: 0x0000000000ee0000

CodeCache: size=245760Kb used=6754Kb max_used=6768Kb free=239005Kb
 bounds [0x0000000002d40000, 0x00000000033f0000, 0x0000000011d40000]
 total_blobs=1763 nmethods=1499 adapters=177
 compilation: enabled

Compilation events (10 events):
Event: 6.068 Thread 0x000000001546d000 nmethod 1507 0x00000000033d0650 code [0x00000000033d07a0, 0x00000000033d0898]
Event: 6.068 Thread 0x000000001546d000 1513       4       com.android.dx.rop.code.Rop::hashCode (54 bytes)
Event: 6.084 Thread 0x000000001546d000 nmethod 1513 0x00000000033d1310 code [0x00000000033d1480, 0x00000000033d1b98]
Event: 6.084 Thread 0x000000001546d000 1514       4       com.android.dx.dex.code.RopToDop::dopFor (792 bytes)
Event: 6.179 Thread 0x0000000015469800 nmethod 1505 0x00000000033dc950 code [0x00000000033dcce0, 0x00000000033e0760]
Event: 6.180 Thread 0x0000000015469800 1510       4       com.android.dx.rop.code.BasicBlockList::preferredSuccessorOf (77 bytes)
Event: 6.185 Thread 0x0000000015469800 nmethod 1510 0x00000000033bb290 code [0x00000000033bb400, 0x00000000033bb718]
Event: 6.249 Thread 0x0000000015469800 1516       4       com.android.dx.rop.cst.CstBaseMethodRef::compareTo0 (29 bytes)
Event: 6.258 Thread 0x0000000016a77800 1518       3       java.lang.Thread::interrupted (8 bytes)
Event: 6.259 Thread 0x0000000016a77800 nmethod 1518 0x00000000033d0290 code [0x00000000033d0400, 0x00000000033d0588]

GC Heap History (4 events):
Event: 1.857 GC heap before
{Heap before GC invocations=1 (full 0):
 PSYoungGen      total 38400K, used 33280K [0x00000000eab00000, 0x00000000ed580000, 0x0000000100000000)
  eden space 33280K, 100% used [0x00000000eab00000,0x00000000ecb80000,0x00000000ecb80000)
  from space 5120K, 0% used [0x00000000ed080000,0x00000000ed080000,0x00000000ed580000)
  to   space 5120K, 0% used [0x00000000ecb80000,0x00000000ecb80000,0x00000000ed080000)
 ParOldGen       total 87552K, used 0K [0x00000000c0000000, 0x00000000c5580000, 0x00000000eab00000)
  object space 87552K, 0% used [0x00000000c0000000,0x00000000c0000000,0x00000000c5580000)
 Metaspace       used 5808K, capacity 6896K, committed 7040K, reserved 1056768K
  class space    used 577K, capacity 616K, committed 640K, reserved 1048576K
Event: 1.898 GC heap after
Heap after GC invocations=1 (full 0):
 PSYoungGen      total 38400K, used 5117K [0x00000000eab00000, 0x00000000ef600000, 0x0000000100000000)
  eden space 33280K, 0% used [0x00000000eab00000,0x00000000eab00000,0x00000000ecb80000)
  from space 5120K, 99% used [0x00000000ecb80000,0x00000000ed07f6d0,0x00000000ed080000)
  to   space 5120K, 0% used [0x00000000ef100000,0x00000000ef100000,0x00000000ef600000)
 ParOldGen       total 87552K, used 1617K [0x00000000c0000000, 0x00000000c5580000, 0x00000000eab00000)
  object space 87552K, 1% used [0x00000000c0000000,0x00000000c01945d0,0x00000000c5580000)
 Metaspace       used 5808K, capacity 6896K, committed 7040K, reserved 1056768K
  class space    used 577K, capacity 616K, committed 640K, reserved 1048576K
}
Event: 2.615 GC heap before
{Heap before GC invocations=2 (full 0):
 PSYoungGen      total 38400K, used 38397K [0x00000000eab00000, 0x00000000ef600000, 0x0000000100000000)
  eden space 33280K, 100% used [0x00000000eab00000,0x00000000ecb80000,0x00000000ecb80000)
  from space 5120K, 99% used [0x00000000ecb80000,0x00000000ed07f6d0,0x00000000ed080000)
  to   space 5120K, 0% used [0x00000000ef100000,0x00000000ef100000,0x00000000ef600000)
 ParOldGen       total 87552K, used 1617K [0x00000000c0000000, 0x00000000c5580000, 0x00000000eab00000)
  object space 87552K, 1% used [0x00000000c0000000,0x00000000c01945d0,0x00000000c5580000)
 Metaspace       used 5898K, capacity 6960K, committed 7040K, reserved 1056768K
  class space    used 584K, capacity 616K, committed 640K, reserved 1048576K
Event: 2.755 GC heap after
Heap after GC invocations=2 (full 0):
 PSYoungGen      total 71680K, used 5097K [0x00000000eab00000, 0x00000000ef600000, 0x0000000100000000)
  eden space 66560K, 0% used [0x00000000eab00000,0x00000000eab00000,0x00000000eec00000)
  from space 5120K, 99% used [0x00000000ef100000,0x00000000ef5fa478,0x00000000ef600000)
  to   space 5120K, 0% used [0x00000000eec00000,0x00000000eec00000,0x00000000ef100000)
 ParOldGen       total 87552K, used 15051K [0x00000000c0000000, 0x00000000c5580000, 0x00000000eab00000)
  object space 87552K, 17% used [0x00000000c0000000,0x00000000c0eb2f40,0x00000000c5580000)
 Metaspace       used 5898K, capacity 6960K, committed 7040K, reserved 1056768K
  class space    used 584K, capacity 616K, committed 640K, reserved 1048576K
}

Deoptimization events (10 events):
Event: 2.045 Thread 0x0000000016cd3800 Uncommon trap: reason=class_check action=maybe_recompile pc=0x000000000301a9f8 method=com.android.dx.rop.type.Type.equals(Ljava/lang/Object;)Z @ 8
Event: 2.045 Thread 0x0000000016cd3800 Uncommon trap: reason=class_check action=maybe_recompile pc=0x000000000301a9f8 method=com.android.dx.rop.type.Type.equals(Ljava/lang/Object;)Z @ 8
Event: 2.048 Thread 0x0000000016cd3800 Uncommon trap: reason=unstable_if action=reinterpret pc=0x00000000031a5738 method=com.android.dx.cf.code.Ropper.labelToResultIndex(I)I @ 34
Event: 2.051 Thread 0x0000000016cd3800 Uncommon trap: reason=unstable_if action=reinterpret pc=0x000000000328f310 method=com.android.dx.ssa.SCCP.simulateStmt(Lcom/android/dx/ssa/SsaInsn;)V @ 469
Event: 2.056 Thread 0x0000000016cd3800 Uncommon trap: reason=unstable_if action=reinterpret pc=0x00000000031cbd84 method=com.android.dx.ssa.SCCP.simulateBranch(Lcom/android/dx/ssa/SsaInsn;)V @ 53
Event: 4.961 Thread 0x0000000016bea000 Uncommon trap: reason=class_check action=maybe_recompile pc=0x000000000329ae84 method=com.android.dx.ssa.NormalSsaInsn.accept(Lcom/android/dx/ssa/SsaInsn$Visitor;)V @ 9
Event: 5.004 Thread 0x0000000016bea000 Uncommon trap: reason=class_check action=maybe_recompile pc=0x000000000329ae84 method=com.android.dx.ssa.NormalSsaInsn.accept(Lcom/android/dx/ssa/SsaInsn$Visitor;)V @ 9
Event: 5.004 Thread 0x0000000016bea000 Uncommon trap: reason=class_check action=maybe_recompile pc=0x00000000032c4bcc method=com.android.dx.ssa.NormalSsaInsn.accept(Lcom/android/dx/ssa/SsaInsn$Visitor;)V @ 9
Event: 5.004 Thread 0x0000000016bea000 Uncommon trap: reason=class_check action=maybe_recompile pc=0x00000000032c4bcc method=com.android.dx.ssa.NormalSsaInsn.accept(Lcom/android/dx/ssa/SsaInsn$Visitor;)V @ 9
Event: 5.021 Thread 0x0000000016bea000 Uncommon trap: reason=class_check action=maybe_recompile pc=0x000000000329ae84 method=com.android.dx.ssa.NormalSsaInsn.accept(Lcom/android/dx/ssa/SsaInsn$Visitor;)V @ 9

Internal exceptions (3 events):
Event: 0.163 Thread 0x0000000002c40800 Exception <a 'java/lang/NoSuchMethodError': Method sun.misc.Unsafe.defineClass(Ljava/lang/String;[BII)Ljava/lang/Class; name or signature does not match> (0x00000000eab07cc0) thrown at [C:\re\workspace\8-2-build-windows-amd64-cygwin\jdk8u91\7017\hotspot\sr€=J£àÄ?
Event: 0.163 Thread 0x0000000002c40800 Exception <a 'java/lang/NoSuchMethodError': Method sun.misc.Unsafe.prefetchRead(Ljava/lang/Object;J)V name or signature does not match> (0x00000000eab07fa8) thrown at [C:\re\workspace\8-2-build-windows-amd64-cygwin\jdk8u91\7017\hotspot\src\share\vm\prims\jõ“=bÓõþ?
Event: 1.935 Thread 0x0000000016bf3000 Implicit null exception at 0x000000000304f4b9 to 0x0000000003050a45

Events (10 events):
Event: 5.047 Thread 0x0000000016bea000 DEOPT PACKING pc=0x0000000003391c0d sp=0x000000001736e3d0
Event: 5.047 Thread 0x0000000016bea000 DEOPT UNPACKING pc=0x0000000002d8787f sp=0x000000001736e0d0 mode 0
Event: 5.110 Thread 0x0000000016bea000 DEOPT PACKING pc=0x00000000030a3e78 sp=0x000000001736e390
Event: 5.110 Thread 0x0000000016bea000 DEOPT UNPACKING pc=0x0000000002d8787f sp=0x000000001736e0b8 mode 0
Event: 5.232 Thread 0x0000000016bea000 DEOPT PACKING pc=0x000000000317d5c3 sp=0x000000001736e7f0
Event: 5.232 Thread 0x0000000016bea000 DEOPT UNPACKING pc=0x0000000002d8787f sp=0x000000001736e580 mode 0
Event: 5.946 Thread 0x0000000016bea000 DEOPT PACKING pc=0x0000000003228202 sp=0x000000001736e850
Event: 5.946 Thread 0x0000000016bea000 DEOPT UNPACKING pc=0x0000000002d8787f sp=0x000000001736e5b8 mode 0
Event: 5.977 Thread 0x0000000016bea000 DEOPT PACKING pc=0x00000000031621f5 sp=0x000000001736e8e0
Event: 5.977 Thread 0x0000000016bea000 DEOPT UNPACKING pc=0x0000000002d8787f sp=0x000000001736e5d0 mode 0


Dynamic libraries:
0x00007ff657b70000 - 0x00007ff657ba7000 	D:\JAVA\Java\Jdk_8.0\bin\java.exe
0x00007ffc09e10000 - 0x00007ffc09fe1000 	C:\WINDOWS\SYSTEM32\ntdll.dll
0x00007ffc07690000 - 0x00007ffc0773b000 	C:\WINDOWS\System32\KERNEL32.DLL
0x00007ffc06d50000 - 0x00007ffc06f6d000 	C:\WINDOWS\System32\KERNELBASE.dll
0x00007ffc074b0000 - 0x00007ffc07552000 	C:\WINDOWS\System32\ADVAPI32.dll
0x00007ffc073a0000 - 0x00007ffc0743e000 	C:\WINDOWS\System32\msvcrt.dll
0x00007ffc099d0000 - 0x00007ffc09a29000 	C:\WINDOWS\System32\sechost.dll
0x00007ffc07560000 - 0x00007ffc07681000 	C:\WINDOWS\System32\RPCRT4.dll
0x00007ffc08ef0000 - 0x00007ffc09055000 	C:\WINDOWS\System32\USER32.dll
0x00007ffc07020000 - 0x00007ffc0703e000 	C:\WINDOWS\System32\win32u.dll
0x00007ffc09290000 - 0x00007ffc092c4000 	C:\WINDOWS\System32\GDI32.dll
0x00007ffc07040000 - 0x00007ffc071c2000 	C:\WINDOWS\System32\gdi32full.dll
0x00007ffbfee70000 - 0x00007ffbff0ea000 	C:\WINDOWS\WinSxS\amd64_microsoft.windows.common-controls_6595b64144ccf1df_6.0.14393.351_none_4213128bc687e6d3\COMCTL32.dll
0x00007ffc092d0000 - 0x00007ffc09597000 	C:\WINDOWS\System32\combase.dll
0x00007ffc06450000 - 0x00007ffc06545000 	C:\WINDOWS\System32\ucrtbase.dll
0x00007ffc06600000 - 0x00007ffc0666a000 	C:\WINDOWS\System32\bcryptPrimitives.dll
0x00007ffc09a30000 - 0x00007ffc09a5e000 	C:\WINDOWS\System32\IMM32.DLL
0x00007ffc05160000 - 0x00007ffc05191000 	C:\WINDOWS\system32\nvinitx.dll
0x00007ffc05150000 - 0x00007ffc0515a000 	C:\WINDOWS\SYSTEM32\VERSION.dll
0x00000000553c0000 - 0x0000000055492000 	D:\JAVA\Java\Jdk_8.0\jre\bin\msvcr100.dll
0x0000000055920000 - 0x00000000561b3000 	D:\JAVA\Java\Jdk_8.0\jre\bin\server\jvm.dll
0x00007ffc09280000 - 0x00007ffc09288000 	C:\WINDOWS\System32\PSAPI.DLL
0x00007ffbfd930000 - 0x00007ffbfd939000 	C:\WINDOWS\SYSTEM32\WSOCK32.dll
0x00007ffc09bf0000 - 0x00007ffc09c5a000 	C:\WINDOWS\System32\WS2_32.dll
0x00007ffc045f0000 - 0x00007ffc04613000 	C:\WINDOWS\SYSTEM32\WINMM.dll
0x00007ffc04510000 - 0x00007ffc0453b000 	C:\WINDOWS\SYSTEM32\WINMMBASE.dll
0x00007ffc06360000 - 0x00007ffc063a2000 	C:\WINDOWS\System32\cfgmgr32.dll
0x0000000055830000 - 0x000000005583f000 	D:\JAVA\Java\Jdk_8.0\jre\bin\verify.dll
0x0000000055800000 - 0x0000000055829000 	D:\JAVA\Java\Jdk_8.0\jre\bin\java.dll
0x00000000557e0000 - 0x00000000557f6000 	D:\JAVA\Java\Jdk_8.0\jre\bin\zip.dll
0x00007ffc078e0000 - 0x00007ffc08de9000 	C:\WINDOWS\System32\SHELL32.dll
0x00007ffc06670000 - 0x00007ffc06d4a000 	C:\WINDOWS\System32\windows.storage.dll
0x00007ffc062b0000 - 0x00007ffc062fc000 	C:\WINDOWS\System32\powrprof.dll
0x00007ffc09ac0000 - 0x00007ffc09b12000 	C:\WINDOWS\System32\shlwapi.dll
0x00007ffc06270000 - 0x00007ffc0627f000 	C:\WINDOWS\System32\kernel.appcore.dll
0x00007ffc06550000 - 0x00007ffc065f9000 	C:\WINDOWS\System32\shcore.dll
0x00007ffc06280000 - 0x00007ffc06294000 	C:\WINDOWS\System32\profapi.dll
0x00007ffbf6750000 - 0x00007ffbf68e2000 	C:\WINDOWS\SYSTEM32\dbghelp.dll

VM Arguments:
jvm_args: -Djava.awt.headless=true -Xmx1024M -Dfile.encoding=GBK -Duser.country=CN -Duser.language=zh -Duser.variant 
java_command: com.android.dx.command.Main --dex --force-jumbo --num-threads=4 --multi-dex --output D:\Android_Studio_WorkPace\MyApp\app\build\intermediates\transforms\dex\debug\folders\1000\5\slice_0 D:\Android_Studio_WorkPace\MyApp\app\build\intermediates\transforms\instantRunSlicer\debug\folders\1\5\slice_0
java_class_path (initial): D:\Android_Studio_SDK\build-tools\24.0.2\lib\dx.jar
Launcher Type: SUN_STANDARD

Environment Variables:
JAVA_HOME=D:\JAVA\Java\Jdk_8.0
CLASSPATH=.;D:\JAVA\Java\Jdk_8.0\lib\dt.jar;D:\JAVA\Java\Jdk_8.0\lib\tools.jar
PATH=C:\Program Files (x86)\NVIDIA Corporation\PhysX\Common;C:\WINDOWS\system32;C:\WINDOWS;C:\WINDOWS\System32\Wbem;C:\WINDOWS\System32\WindowsPowerShell\v1.0\;D:\JAVA\Java\Jdk_8.0\bin;D:\JAVA\Java\Jdk_8.0\jre\bin;D:\SVN2\bin;D:\Git\Git\cmd;C:\Users\longl\AppData\Local\Microsoft\WindowsApps
USERNAME=longl
OS=Windows_NT
PROCESSOR_IDENTIFIER=Intel64 Family 6 Model 60 Stepping 3, GenuineIntel



---------------  S Y S T E M  ---------------

OS: Windows 10.0 , 64 bit Build 14393 (10.0.14393.0)

CPU:total 4 (2 cores per cpu, 2 threads per core) family 6 model 60 stepping 3, cmov, cx8, fxsr, mmx, sse, sse2, sse3, ssse3, sse4.1, sse4.2, popcnt, avx, avx2, aes, clmul, erms, lzcnt, ht, tsc, tscinvbit, bmi1, bmi2

Memory: 4k page, physical 8268828k(1099120k free), swap 11678932k(2097916k free)

vm_info: Java HotSpot(TM) 64-Bit Server VM (25.91-b15) for windows-amd64 JRE (1.8.0_91-b15), built on May 20 2016 17:43:15 by "java_re" with MS VC++ 10.0 (VS2010)

time: Mon Feb 13 21:52:03 2017
elapsed time: 6 seconds (0d 0h 0m 6s)

