#
# A fatal error has been detected by the Java Runtime Environment:
#
#  EXCEPTION_ACCESS_VIOLATION (0xc0000005) at pc=0x0000000055962f98, pid=10664, tid=13408
#
# JRE version: Java(TM) SE Runtime Environment (8.0_91-b15) (build 1.8.0_91-b15)
# Java VM: Java HotSpot(TM) 64-Bit Server VM (25.91-b15 mixed mode windows-amd64 compressed oops)
# Problematic frame:
# V  [jvm.dll+0x42f98]
#
# Failed to write core dump. Minidumps are not enabled by default on client versions of Windows
#
# If you would like to submit a bug report, please visit:
#   http://bugreport.java.com/bugreport/crash.jsp
#

---------------  T H R E A D  ---------------

Current thread (0x0000000017197000):  JavaThread "C1 CompilerThread2" daemon [_thread_in_vm, id=13408, stack(0x0000000017640000,0x0000000017740000)]

siginfo: ExceptionCode=0xc0000005, reading address 0x0000000000000008

Registers:
RAX=0x0000000017197000, RBX=0x0000000100039478, RCX=0x0000000100039478, RDX=0x0000000100039478
RSP=0x000000001773eb50, RBP=0x00000000171ecb50, RSI=0x0000000100039478, RDI=0x0000000000000000
R8 =0x0000000000000000, R9 =0x0000000000000067, R10=0x00000000171ecd80, R11=0x0000000017fb9d30
R12=0x0000000017197000, R13=0x00000000171ecb50, R14=0x0000000018132c50, R15=0x0000000018136620
RIP=0x0000000055962f98, EFLAGS=0x0000000000010202

Top of Stack: (sp=0x000000001773eb50)
0x000000001773eb50:   00000001000393d8 00000001000393d8
0x000000001773eb60:   00000000171ecb50 000000001773ec60
0x000000001773eb70:   000000001773ee90 0000000055b350ff
0x000000001773eb80:   0000000000000000 00000001000393d8
0x000000001773eb90:   000000000000006a 0000000055963329
0x000000001773eba0:   0000000000000069 00000000171ecb50
0x000000001773ebb0:   0000000000000067 0000000018136890
0x000000001773ebc0:   0000000015a973f0 0000000018136880
0x000000001773ebd0:   0000000000000001 000000005595f010
0x000000001773ebe0:   0000000018136890 0000000100039478
0x000000001773ebf0:   0000000000000018 00000000559ec6a7
0x000000001773ec00:   0000000018136890 000000005595ff61
0x000000001773ec10:   00000000000002e0 0000000017fbb570
0x000000001773ec20:   0000000018136880 00000000156799f0
0x000000001773ec30:   0000000017158090 0000000017158050
0x000000001773ec40:   0000000015a973f0 00000000ffffffff 

Instructions: (pc=0x0000000055962f98)
0x0000000055962f78:   00 48 8b da ff 15 6e 24 59 00 44 0f b6 05 5a 69
0x0000000055962f88:   7a 00 4c 8b e0 45 84 c0 74 39 4c 8b 03 48 8b cb
0x0000000055962f98:   41 ff 50 08 84 c0 74 2b 83 7b 08 00 7e 25 0f b6
0x0000000055962fa8:   83 0e 01 00 00 c0 e8 03 a8 01 74 17 48 8b 03 48 


Register to memory mapping:

RAX=0x0000000017197000 is a thread
RBX=0x0000000100039478 is pointing into metadata
RCX=0x0000000100039478 is pointing into metadata
RDX=0x0000000100039478 is pointing into metadata
RSP=0x000000001773eb50 is pointing into the stack for thread: 0x0000000017197000
RBP=0x00000000171ecb50 is an unknown value
RSI=0x0000000100039478 is pointing into metadata
RDI=0x0000000000000000 is an unknown value
R8 =0x0000000000000000 is an unknown value
R9 =0x0000000000000067 is an unknown value
R10=0x00000000171ecd80 is an unknown value
R11=0x0000000017fb9d30 is an unknown value
R12=0x0000000017197000 is a thread
R13=0x00000000171ecb50 is an unknown value
R14=0x0000000018132c50 is an unknown value
R15=0x0000000018136620 is an unknown value


Stack: [0x0000000017640000,0x0000000017740000],  sp=0x000000001773eb50,  free space=1018k
Native frames: (J=compiled Java code, j=interpreted, Vv=VM code, C=native code)
V  [jvm.dll+0x42f98]
V  [jvm.dll+0x43329]
V  [jvm.dll+0x3f010]
V  [jvm.dll+0x3ff61]
V  [jvm.dll+0x3aa03]
V  [jvm.dll+0x3ab19]
V  [jvm.dll+0x40a463]
V  [jvm.dll+0x40a682]
V  [jvm.dll+0x40a851]
V  [jvm.dll+0x40aa5f]
V  [jvm.dll+0xa4be2]
V  [jvm.dll+0xa551f]
V  [jvm.dll+0x243ae4]
V  [jvm.dll+0x29a99a]
C  [msvcr100.dll+0x21d9f]
C  [msvcr100.dll+0x21e3b]
C  [KERNEL32.DLL+0x8364]
C  [ntdll.dll+0x65e91]


Current CompileTask:
C1:   2652  855       3       com.android.dx.ssa.SsaMethod::computeReachability (131 bytes)


---------------  P R O C E S S  ---------------

Java Threads: ( => current thread )
  0x0000000017332800 JavaThread "pool-2-thread-4" [_thread_in_Java, id=19628, stack(0x0000000017d40000,0x0000000017e40000)]
  0x0000000017332000 JavaThread "pool-2-thread-3" [_thread_blocked, id=10084, stack(0x0000000017c40000,0x0000000017d40000)]
  0x0000000017331000 JavaThread "pool-2-thread-2" [_thread_in_vm, id=10708, stack(0x0000000017b40000,0x0000000017c40000)]
  0x0000000017339000 JavaThread "pool-3-thread-1" [_thread_blocked, id=24432, stack(0x0000000017a40000,0x0000000017b40000)]
  0x000000001732d800 JavaThread "pool-2-thread-1" [_thread_blocked, id=7276, stack(0x0000000017940000,0x0000000017a40000)]
  0x000000001719d800 JavaThread "Service Thread" daemon [_thread_blocked, id=7956, stack(0x0000000017740000,0x0000000017840000)]
=>0x0000000017197000 JavaThread "C1 CompilerThread2" daemon [_thread_in_vm, id=13408, stack(0x0000000017640000,0x0000000017740000)]
  0x0000000017194800 JavaThread "C2 CompilerThread1" daemon [_thread_in_native, id=10024, stack(0x0000000017540000,0x0000000017640000)]
  0x0000000015b29800 JavaThread "C2 CompilerThread0" daemon [_thread_in_native, id=8412, stack(0x0000000017040000,0x0000000017140000)]
  0x0000000015b28800 JavaThread "Attach Listener" daemon [_thread_blocked, id=9896, stack(0x0000000016f40000,0x0000000017040000)]
  0x0000000015add000 JavaThread "Signal Dispatcher" daemon [_thread_blocked, id=12260, stack(0x0000000016e40000,0x0000000016f40000)]
  0x0000000015aba800 JavaThread "Finalizer" daemon [_thread_blocked, id=8356, stack(0x0000000016d40000,0x0000000016e40000)]
  0x00000000033ef000 JavaThread "Reference Handler" daemon [_thread_blocked, id=17304, stack(0x0000000016c40000,0x0000000016d40000)]
  0x0000000003300800 JavaThread "main" [_thread_blocked, id=19084, stack(0x0000000003100000,0x0000000003200000)]

Other Threads:
  0x0000000015a97800 VMThread [stack: 0x0000000016b40000,0x0000000016c40000] [id=21348]
  0x00000000171de000 WatcherThread [stack: 0x0000000017840000,0x0000000017940000] [id=24604]

VM state:not at safepoint (normal execution)

VM Mutex/Monitor currently owned by a thread: None

Heap:
 PSYoungGen      total 38400K, used 17310K [0x00000000eab00000, 0x00000000ed580000, 0x0000000100000000)
  eden space 33280K, 52% used [0x00000000eab00000,0x00000000ebbe7980,0x00000000ecb80000)
  from space 5120K, 0% used [0x00000000ed080000,0x00000000ed080000,0x00000000ed580000)
  to   space 5120K, 0% used [0x00000000ecb80000,0x00000000ecb80000,0x00000000ed080000)
 ParOldGen       total 87552K, used 0K [0x00000000c0000000, 0x00000000c5580000, 0x00000000eab00000)
  object space 87552K, 0% used [0x00000000c0000000,0x00000000c0000000,0x00000000c5580000)
 Metaspace       used 5802K, capacity 6708K, committed 6784K, reserved 1056768K
  class space    used 599K, capacity 620K, committed 640K, reserved 1048576K

Card table byte_map: [0x00000000127c0000,0x00000000129d0000] byte_map_base: 0x00000000121c0000

Marking Bits: (ParMarkBitMap*) 0x0000000056132f70
 Begin Bits: [0x0000000012f30000, 0x0000000013f30000)
 End Bits:   [0x0000000013f30000, 0x0000000014f30000)

Polling page: 0x0000000001570000

CodeCache: size=245760Kb used=3358Kb max_used=3369Kb free=242402Kb
 bounds [0x0000000003400000, 0x0000000003750000, 0x0000000012400000]
 total_blobs=1123 nmethods=852 adapters=184
 compilation: enabled

Compilation events (10 events):
Event: 2.623 Thread 0x0000000017197000 nmethod 847 0x00000000037424d0 code [0x0000000003742680, 0x0000000003742bc8]
Event: 2.623 Thread 0x0000000017197000  846       3       com.android.dx.rop.type.Type::isUninitialized (13 bytes)
Event: 2.623 Thread 0x0000000017197000 nmethod 846 0x000000000373c110 code [0x000000000373c260, 0x000000000373c410]
Event: 2.623 Thread 0x0000000017197000  848       3       com.android.dx.rop.code.PlainCstInsn::<init> (30 bytes)
Event: 2.624 Thread 0x0000000017197000 nmethod 848 0x0000000003741c10 code [0x0000000003741dc0, 0x0000000003742288]
Event: 2.624 Thread 0x0000000017197000  849       3       com.android.dx.rop.code.LocalVariableExtractor::processBlock (327 bytes)
Event: 2.627 Thread 0x0000000015b29800 nmethod 845 0x0000000003740190 code [0x0000000003740300, 0x0000000003740548]
Event: 2.627 Thread 0x0000000015b29800  854  s    4       java.util.Vector::elementAt (48 bytes)
Event: 2.628 Thread 0x0000000017197000 nmethod 849 0x0000000003744750 code [0x0000000003744bc0, 0x0000000003748658]
Event: 2.629 Thread 0x0000000017197000  855       3       com.android.dx.ssa.SsaMethod::computeReachability (131 bytes)

GC Heap History (0 events):
No events

Deoptimization events (5 events):
Event: 2.386 Thread 0x0000000017332000 Uncommon trap: reason=unstable_if action=reinterpret pc=0x000000000361f024 method=java.util.HashMap.getNode(ILjava/lang/Object;)Ljava/util/HashMap$Node; @ 129
Event: 2.530 Thread 0x0000000017331000 Uncommon trap: reason=unstable_if action=reinterpret pc=0x000000000365e734 method=java.util.BitSet.ensureCapacity(I)V @ 6
Event: 2.530 Thread 0x0000000017331000 Uncommon trap: reason=unstable_if action=reinterpret pc=0x0000000003620a30 method=java.util.BitSet.nextSetBit(I)I @ 87
Event: 2.597 Thread 0x0000000017331000 Uncommon trap: reason=unstable_if action=reinterpret pc=0x00000000036ba2f8 method=com.android.dx.rop.code.RegisterSpec.equals(ILcom/android/dx/rop/type/TypeBearer;Lcom/android/dx/rop/code/LocalItem;)Z @ 16
Event: 2.616 Thread 0x0000000017331000 Uncommon trap: reason=null_check action=make_not_entrant pc=0x00000000037289b4 method=com.android.dx.ssa.SsaRenamer.getLocalForNewReg(I)Lcom/android/dx/rop/code/LocalItem; @ 19

Internal exceptions (3 events):
Event: 0.122 Thread 0x0000000003300800 Exception <a 'java/lang/NoSuchMethodError': Method sun.misc.Unsafe.defineClass(Ljava/lang/String;[BII)Ljava/lang/Class; name or signature does not match> (0x00000000eab07cc0) thrown at [C:\re\workspace\8-2-build-windows-amd64-cygwin\jdk8u91\7017\hotspot\sr³Z” -¿?
Event: 0.122 Thread 0x0000000003300800 Exception <a 'java/lang/NoSuchMethodError': Method sun.misc.Unsafe.prefetchRead(Ljava/lang/Object;J)V name or signature does not match> (0x00000000eab07fa8) thrown at [C:\re\workspace\8-2-build-windows-amd64-cygwin\jdk8u91\7017\hotspot\src\share\vm\prims\jW¢Æ–Žì@
Event: 2.616 Thread 0x0000000017331000 Implicit null exception at 0x00000000037270e7 to 0x0000000003728969

Events (10 events):
Event: 2.530 Thread 0x0000000017331000 DEOPT PACKING pc=0x0000000003620a30 sp=0x0000000017c3ef50
Event: 2.531 Thread 0x0000000017331000 DEOPT UNPACKING pc=0x000000000344582a sp=0x0000000017c3eee8 mode 2
Event: 2.588 Executing VM operation: ForceSafepoint
Event: 2.590 Executing VM operation: ForceSafepoint done
Event: 2.597 Thread 0x0000000017331000 Uncommon trap: trap_request=0xffffff65 fr.pc=0x00000000036ba2f8
Event: 2.597 Thread 0x0000000017331000 DEOPT PACKING pc=0x00000000036ba2f8 sp=0x0000000017c3ed00
Event: 2.597 Thread 0x0000000017331000 DEOPT UNPACKING pc=0x000000000344582a sp=0x0000000017c3eb40 mode 2
Event: 2.616 Thread 0x0000000017331000 Uncommon trap: trap_request=0xfffffff4 fr.pc=0x00000000037289b4
Event: 2.616 Thread 0x0000000017331000 DEOPT PACKING pc=0x00000000037289b4 sp=0x0000000017c3ed60
Event: 2.616 Thread 0x0000000017331000 DEOPT UNPACKING pc=0x000000000344582a sp=0x0000000017c3ebb8 mode 2


Dynamic libraries:
0x00007ff657b70000 - 0x00007ff657ba7000 	D:\JAVA\Java\Jdk_8.0\bin\java.exe
0x00007ffc09e10000 - 0x00007ffc09fe1000 	C:\WINDOWS\SYSTEM32\ntdll.dll
0x00007ffc07690000 - 0x00007ffc0773b000 	C:\WINDOWS\System32\KERNEL32.DLL
0x00007ffc06d50000 - 0x00007ffc06f6d000 	C:\WINDOWS\System32\KERNELBASE.dll
0x00007ffc074b0000 - 0x00007ffc07552000 	C:\WINDOWS\System32\ADVAPI32.dll
0x00007ffc073a0000 - 0x00007ffc0743e000 	C:\WINDOWS\System32\msvcrt.dll
0x00007ffc099d0000 - 0x00007ffc09a29000 	C:\WINDOWS\System32\sechost.dll
0x00007ffc07560000 - 0x00007ffc07681000 	C:\WINDOWS\System32\RPCRT4.dll
0x00007ffc08ef0000 - 0x00007ffc09055000 	C:\WINDOWS\System32\USER32.dll
0x00007ffc07020000 - 0x00007ffc0703e000 	C:\WINDOWS\System32\win32u.dll
0x00007ffc09290000 - 0x00007ffc092c4000 	C:\WINDOWS\System32\GDI32.dll
0x00007ffc07040000 - 0x00007ffc071c2000 	C:\WINDOWS\System32\gdi32full.dll
0x00007ffbfee70000 - 0x00007ffbff0ea000 	C:\WINDOWS\WinSxS\amd64_microsoft.windows.common-controls_6595b64144ccf1df_6.0.14393.351_none_4213128bc687e6d3\COMCTL32.dll
0x00007ffc092d0000 - 0x00007ffc09597000 	C:\WINDOWS\System32\combase.dll
0x00007ffc06450000 - 0x00007ffc06545000 	C:\WINDOWS\System32\ucrtbase.dll
0x00007ffc06600000 - 0x00007ffc0666a000 	C:\WINDOWS\System32\bcryptPrimitives.dll
0x00007ffc09a30000 - 0x00007ffc09a5e000 	C:\WINDOWS\System32\IMM32.DLL
0x00007ffc05160000 - 0x00007ffc05191000 	C:\WINDOWS\system32\nvinitx.dll
0x00007ffc05150000 - 0x00007ffc0515a000 	C:\WINDOWS\SYSTEM32\VERSION.dll
0x00000000553c0000 - 0x0000000055492000 	D:\JAVA\Java\Jdk_8.0\jre\bin\msvcr100.dll
0x0000000055920000 - 0x00000000561b3000 	D:\JAVA\Java\Jdk_8.0\jre\bin\server\jvm.dll
0x00007ffc09280000 - 0x00007ffc09288000 	C:\WINDOWS\System32\PSAPI.DLL
0x00007ffbfd930000 - 0x00007ffbfd939000 	C:\WINDOWS\SYSTEM32\WSOCK32.dll
0x00007ffc09bf0000 - 0x00007ffc09c5a000 	C:\WINDOWS\System32\WS2_32.dll
0x00007ffc045f0000 - 0x00007ffc04613000 	C:\WINDOWS\SYSTEM32\WINMM.dll
0x00007ffc04510000 - 0x00007ffc0453b000 	C:\WINDOWS\SYSTEM32\WINMMBASE.dll
0x00007ffc06360000 - 0x00007ffc063a2000 	C:\WINDOWS\System32\cfgmgr32.dll
0x0000000055830000 - 0x000000005583f000 	D:\JAVA\Java\Jdk_8.0\jre\bin\verify.dll
0x0000000055800000 - 0x0000000055829000 	D:\JAVA\Java\Jdk_8.0\jre\bin\java.dll
0x00000000557e0000 - 0x00000000557f6000 	D:\JAVA\Java\Jdk_8.0\jre\bin\zip.dll
0x00007ffc078e0000 - 0x00007ffc08de9000 	C:\WINDOWS\System32\SHELL32.dll
0x00007ffc06670000 - 0x00007ffc06d4a000 	C:\WINDOWS\System32\windows.storage.dll
0x00007ffc062b0000 - 0x00007ffc062fc000 	C:\WINDOWS\System32\powrprof.dll
0x00007ffc09ac0000 - 0x00007ffc09b12000 	C:\WINDOWS\System32\shlwapi.dll
0x00007ffc06270000 - 0x00007ffc0627f000 	C:\WINDOWS\System32\kernel.appcore.dll
0x00007ffc06550000 - 0x00007ffc065f9000 	C:\WINDOWS\System32\shcore.dll
0x00007ffc06280000 - 0x00007ffc06294000 	C:\WINDOWS\System32\profapi.dll
0x00007ffbf6750000 - 0x00007ffbf68e2000 	C:\WINDOWS\SYSTEM32\dbghelp.dll

VM Arguments:
jvm_args: -Djava.awt.headless=true -Xmx1024M -Dfile.encoding=GBK -Duser.country=CN -Duser.language=zh -Duser.variant 
java_command: com.android.dx.command.Main --dex --force-jumbo --num-threads=4 --multi-dex --output D:\Android_Studio_WorkPace\MyApp\app\build\intermediates\transforms\dex\debug\folders\1000\10\com.android.databinding-adapters-1.1_283e62eecc67ceb7f469467faa82d353cd9b6d75 D:\Android_Studio_WorkPace\MyApp\app\build\intermediates\exploded-aar\com.android.databinding\adapters\1.1\jars\classes.jar
java_class_path (initial): D:\Android_Studio_SDK\build-tools\24.0.2\lib\dx.jar
Launcher Type: SUN_STANDARD

Environment Variables:
JAVA_HOME=D:\JAVA\Java\Jdk_8.0
CLASSPATH=.;D:\JAVA\Java\Jdk_8.0\lib\dt.jar;D:\JAVA\Java\Jdk_8.0\lib\tools.jar
PATH=C:\Program Files (x86)\NVIDIA Corporation\PhysX\Common;C:\WINDOWS\system32;C:\WINDOWS;C:\WINDOWS\System32\Wbem;C:\WINDOWS\System32\WindowsPowerShell\v1.0\;D:\JAVA\Java\Jdk_8.0\bin;D:\JAVA\Java\Jdk_8.0\jre\bin;D:\SVN2\bin;D:\Git\Git\cmd;C:\Users\longl\AppData\Local\Microsoft\WindowsApps
USERNAME=longl
OS=Windows_NT
PROCESSOR_IDENTIFIER=Intel64 Family 6 Model 60 Stepping 3, GenuineIntel



---------------  S Y S T E M  ---------------

OS: Windows 10.0 , 64 bit Build 14393 (10.0.14393.0)

CPU:total 4 (2 cores per cpu, 2 threads per core) family 6 model 60 stepping 3, cmov, cx8, fxsr, mmx, sse, sse2, sse3, ssse3, sse4.1, sse4.2, popcnt, avx, avx2, aes, clmul, erms, lzcnt, ht, tsc, tscinvbit, bmi1, bmi2

Memory: 4k page, physical 8268828k(1512440k free), swap 11204300k(2142836k free)

vm_info: Java HotSpot(TM) 64-Bit Server VM (25.91-b15) for windows-amd64 JRE (1.8.0_91-b15), built on May 20 2016 17:43:15 by "java_re" with MS VC++ 10.0 (VS2010)

time: Mon Feb 13 21:53:53 2017
elapsed time: 2 seconds (0d 0h 0m 2s)

