#
# A fatal error has been detected by the Java Runtime Environment:
#
#  EXCEPTION_ACCESS_VIOLATION (0xc0000005) at pc=0x0000000055f90a78, pid=20916, tid=4004
#
# JRE version: Java(TM) SE Runtime Environment (8.0_91-b15) (build 1.8.0_91-b15)
# Java VM: Java HotSpot(TM) 64-Bit Server VM (25.91-b15 mixed mode windows-amd64 compressed oops)
# Problematic frame:
# V  [jvm.dll+0x670a78]
#
# Failed to write core dump. Minidumps are not enabled by default on client versions of Windows
#
# If you would like to submit a bug report, please visit:
#   http://bugreport.java.com/bugreport/crash.jsp
#

---------------  T H R E A D  ---------------

Current thread (0x0000000016555800):  JavaThread "C2 CompilerThread1" daemon [_thread_in_native, id=4004, stack(0x0000000016900000,0x0000000016a00000)]

siginfo: ExceptionCode=0xc0000005, ExceptionInformation=0x0000000000000008 0x0000000055f90a78

Registers:
RAX=0x00000000187ea998, RBX=0x000000000000008b, RCX=0x00000000173689b8, RDX=0x00000000000000fa
RSP=0x00000000169fc5b8, RBP=0x00000000169fc609, RSI=0x00000000169fd2e0, RDI=0x0000000000000000
R8 =0x00000000ffffffff, R9 =0x0000000000000013, R10=0x0000000000000003, R11=0x00000000000014ab
R12=0x00000000173689b8, R13=0x00000000169fc930, R14=0x0000000017c22898, R15=0x0000000000000023
RIP=0x0000000055f90a78, EFLAGS=0x0000000000010206

Top of Stack: (sp=0x00000000169fc5b8)
0x00000000169fc5b8:   0000000055dfec1a 000000000000008b
0x00000000169fc5c8:   00000000169fc609 00000000169fd2e0
0x00000000169fc5d8:   0000000000000000 00000000181a4c00
0x00000000169fc5e8:   00000000181c3550 00000000181a4a70
0x00000000169fc5f8:   0000000014e769b0 0000000055f8f2e8
0x00000000169fc608:   0000000014e769b0 0000000000000200
0x00000000169fc618:   0000000017cb8690 00000000173b0880
0x00000000169fc628:   0000000000000000 0000000000000008
0x00000000169fc638:   0000000000000000 0000000000000004
0x00000000169fc648:   00000000169fc930 0000000000000001
0x00000000169fc658:   0000000000000050 00000000169fc6c0
0x00000000169fc668:   0000000055e015d8 00000000169fc930
0x00000000169fc678:   0000000017b17a00 00000000169fc6c0
0x00000000169fc688:   00000000169fd2e0 0000000000000000
0x00000000169fc698:   0000000000000000 4000000000000000
0x00000000169fc6a8:   0000000000000000 0000000000000000 

Instructions: (pc=0x0000000055f90a78)
0x0000000055f90a58:   40 56 be 55 00 00 00 00 10 0c e5 55 00 00 00 00
0x0000000055f90a68:   10 ac e4 55 00 00 00 00 28 26 03 56 00 00 00 00
0x0000000055f90a78:   f0 b1 e4 55 00 00 00 00 90 ee e4 55 00 00 00 00
0x0000000055f90a88:   40 56 be 55 00 00 00 00 40 56 be 55 00 00 00 00 


Register to memory mapping:

RAX=0x00000000187ea998 is an unknown value
RBX=0x000000000000008b is an unknown value
RCX=0x00000000173689b8 is an unknown value
RDX=0x00000000000000fa is an unknown value
RSP=0x00000000169fc5b8 is pointing into the stack for thread: 0x0000000016555800
RBP=0x00000000169fc609 is pointing into the stack for thread: 0x0000000016555800
RSI=0x00000000169fd2e0 is pointing into the stack for thread: 0x0000000016555800
RDI=0x0000000000000000 is an unknown value
R8 =0x00000000ffffffff is an unallocated location in the heap
R9 =0x0000000000000013 is an unknown value
R10=0x0000000000000003 is an unknown value
R11=0x00000000000014ab is an unknown value
R12=0x00000000173689b8 is an unknown value
R13=0x00000000169fc930 is pointing into the stack for thread: 0x0000000016555800
R14=0x0000000017c22898 is an unknown value
R15=0x0000000000000023 is an unknown value


Stack: [0x0000000016900000,0x0000000016a00000],  sp=0x00000000169fc5b8,  free space=1009k
Native frames: (J=compiled Java code, j=interpreted, Vv=VM code, C=native code)
V  [jvm.dll+0x670a78]


Current CompileTask:
C2:   3640 1659       4       com.android.dx.ssa.LocalVariableExtractor::processBlock (383 bytes)


---------------  P R O C E S S  ---------------

Java Threads: ( => current thread )
  0x00000000167b8800 JavaThread "pool-2-thread-4" [_thread_blocked, id=5856, stack(0x0000000017100000,0x0000000017200000)]
  0x00000000167b7000 JavaThread "pool-2-thread-3" [_thread_blocked, id=4764, stack(0x0000000017000000,0x0000000017100000)]
  0x00000000167b6000 JavaThread "pool-2-thread-2" [_thread_in_Java, id=5640, stack(0x0000000016f00000,0x0000000017000000)]
  0x000000001676c800 JavaThread "pool-3-thread-1" [_thread_blocked, id=24952, stack(0x0000000016e00000,0x0000000016f00000)]
  0x000000001679e000 JavaThread "pool-2-thread-1" [_thread_blocked, id=280, stack(0x0000000016d00000,0x0000000016e00000)]
  0x000000001655e800 JavaThread "Service Thread" daemon [_thread_blocked, id=24308, stack(0x0000000016b00000,0x0000000016c00000)]
  0x0000000016558000 JavaThread "C1 CompilerThread2" daemon [_thread_blocked, id=5032, stack(0x0000000016a00000,0x0000000016b00000)]
=>0x0000000016555800 JavaThread "C2 CompilerThread1" daemon [_thread_in_native, id=4004, stack(0x0000000016900000,0x0000000016a00000)]
  0x0000000014f0a800 JavaThread "C2 CompilerThread0" daemon [_thread_in_native, id=15588, stack(0x0000000016400000,0x0000000016500000)]
  0x0000000014ebe000 JavaThread "Attach Listener" daemon [_thread_blocked, id=24392, stack(0x0000000016300000,0x0000000016400000)]
  0x0000000014f09000 JavaThread "Signal Dispatcher" daemon [_thread_blocked, id=19076, stack(0x0000000016200000,0x0000000016300000)]
  0x0000000014e9a000 JavaThread "Finalizer" daemon [_thread_blocked, id=18604, stack(0x0000000016100000,0x0000000016200000)]
  0x0000000014e78800 JavaThread "Reference Handler" daemon [_thread_blocked, id=15860, stack(0x0000000016000000,0x0000000016100000)]
  0x00000000026e0800 JavaThread "main" [_thread_blocked, id=15388, stack(0x0000000002500000,0x0000000002600000)]

Other Threads:
  0x0000000014e77000 VMThread [stack: 0x0000000015f00000,0x0000000016000000] [id=5428]
  0x0000000016577000 WatcherThread [stack: 0x0000000016c00000,0x0000000016d00000] [id=15384]

VM state:not at safepoint (normal execution)

VM Mutex/Monitor currently owned by a thread: None

Heap:
 PSYoungGen      total 38400K, used 5844K [0x00000000eab00000, 0x00000000ef600000, 0x0000000100000000)
  eden space 33280K, 2% used [0x00000000eab00000,0x00000000eabb7370,0x00000000ecb80000)
  from space 5120K, 99% used [0x00000000ecb80000,0x00000000ed07e058,0x00000000ed080000)
  to   space 5120K, 0% used [0x00000000ef100000,0x00000000ef100000,0x00000000ef600000)
 ParOldGen       total 87552K, used 11057K [0x00000000c0000000, 0x00000000c5580000, 0x00000000eab00000)
  object space 87552K, 12% used [0x00000000c0000000,0x00000000c0acc4a0,0x00000000c5580000)
 Metaspace       used 6315K, capacity 7092K, committed 7296K, reserved 1056768K
  class space    used 600K, capacity 620K, committed 640K, reserved 1048576K

Card table byte_map: [0x0000000011ba0000,0x0000000011db0000] byte_map_base: 0x00000000115a0000

Marking Bits: (ParMarkBitMap*) 0x0000000056132f70
 Begin Bits: [0x0000000012310000, 0x0000000013310000)
 End Bits:   [0x0000000013310000, 0x0000000014310000)

Polling page: 0x0000000000a60000

CodeCache: size=245760Kb used=6779Kb max_used=6779Kb free=238980Kb
 bounds [0x00000000027e0000, 0x0000000002e90000, 0x00000000117e0000]
 total_blobs=1965 nmethods=1693 adapters=184
 compilation: enabled

Compilation events (10 events):
Event: 3.492 Thread 0x0000000016558000 1703       2       com.android.dx.dex.file.EncodedField::<init> (25 bytes)
Event: 3.492 Thread 0x0000000016558000 nmethod 1703 0x0000000002e63f50 code [0x0000000002e640c0, 0x0000000002e642e8]
Event: 3.494 Thread 0x0000000016558000 1705 % !   3       com.android.dx.cf.cst.ConstantPoolParser::determineOffsets @ 5 (285 bytes)
Event: 3.496 Thread 0x0000000016558000 nmethod 1705% 0x0000000002e60c50 code [0x0000000002e60fe0, 0x0000000002e62b58]
Event: 3.496 Thread 0x0000000016558000 1707 %     3       com.android.dx.cf.cst.ConstantPoolParser::parse @ 96 (365 bytes)
Event: 3.500 Thread 0x0000000016558000 nmethod 1707% 0x0000000002e5ad50 code [0x0000000002e5b2e0, 0x0000000002e5e948]
Event: 3.514 Thread 0x0000000016558000 1708       2       com.android.dx.ssa.back.FirstFitLocalCombiningAllocator::processPhiInsn (255 bytes)
Event: 3.517 Thread 0x0000000016558000 nmethod 1708 0x0000000002e58e50 code [0x0000000002e59100, 0x0000000002e59c98]
Event: 3.532 Thread 0x0000000016558000 1709       2       com.android.dx.rop.cst.Constant::compareTo (33 bytes)
Event: 3.532 Thread 0x0000000016558000 nmethod 1709 0x0000000002e58890 code [0x0000000002e58a20, 0x0000000002e58c98]

GC Heap History (6 events):
Event: 2.571 GC heap before
{Heap before GC invocations=1 (full 0):
 PSYoungGen      total 38400K, used 33280K [0x00000000eab00000, 0x00000000ed580000, 0x0000000100000000)
  eden space 33280K, 100% used [0x00000000eab00000,0x00000000ecb80000,0x00000000ecb80000)
  from space 5120K, 0% used [0x00000000ed080000,0x00000000ed080000,0x00000000ed580000)
  to   space 5120K, 0% used [0x00000000ecb80000,0x00000000ecb80000,0x00000000ed080000)
 ParOldGen       total 87552K, used 0K [0x00000000c0000000, 0x00000000c5580000, 0x00000000eab00000)
  object space 87552K, 0% used [0x00000000c0000000,0x00000000c0000000,0x00000000c5580000)
 Metaspace       used 6036K, capacity 6900K, committed 7040K, reserved 1056768K
  class space    used 600K, capacity 620K, committed 640K, reserved 1048576K
Event: 2.584 GC heap after
Heap after GC invocations=1 (full 0):
 PSYoungGen      total 38400K, used 5099K [0x00000000eab00000, 0x00000000ed580000, 0x0000000100000000)
  eden space 33280K, 0% used [0x00000000eab00000,0x00000000eab00000,0x00000000ecb80000)
  from space 5120K, 99% used [0x00000000ecb80000,0x00000000ed07aeb8,0x00000000ed080000)
  to   space 5120K, 0% used [0x00000000ed080000,0x00000000ed080000,0x00000000ed580000)
 ParOldGen       total 87552K, used 1182K [0x00000000c0000000, 0x00000000c5580000, 0x00000000eab00000)
  object space 87552K, 1% used [0x00000000c0000000,0x00000000c0127be0,0x00000000c5580000)
 Metaspace       used 6036K, capacity 6900K, committed 7040K, reserved 1056768K
  class space    used 600K, capacity 620K, committed 640K, reserved 1048576K
}
Event: 3.129 GC heap before
{Heap before GC invocations=2 (full 0):
 PSYoungGen      total 38400K, used 38379K [0x00000000eab00000, 0x00000000ed580000, 0x0000000100000000)
  eden space 33280K, 100% used [0x00000000eab00000,0x00000000ecb80000,0x00000000ecb80000)
  from space 5120K, 99% used [0x00000000ecb80000,0x00000000ed07aeb8,0x00000000ed080000)
  to   space 5120K, 0% used [0x00000000ed080000,0x00000000ed080000,0x00000000ed580000)
 ParOldGen       total 87552K, used 1182K [0x00000000c0000000, 0x00000000c5580000, 0x00000000eab00000)
  object space 87552K, 1% used [0x00000000c0000000,0x00000000c0127be0,0x00000000c5580000)
 Metaspace       used 6258K, capacity 7092K, committed 7296K, reserved 1056768K
  class space    used 600K, capacity 620K, committed 640K, reserved 1048576K
Event: 3.154 GC heap after
Heap after GC invocations=2 (full 0):
 PSYoungGen      total 38400K, used 5106K [0x00000000eab00000, 0x00000000ef600000, 0x0000000100000000)
  eden space 33280K, 0% used [0x00000000eab00000,0x00000000eab00000,0x00000000ecb80000)
  from space 5120K, 99% used [0x00000000ed080000,0x00000000ed57cad8,0x00000000ed580000)
  to   space 5120K, 0% used [0x00000000ecb80000,0x00000000ecb80000,0x00000000ed080000)
 ParOldGen       total 87552K, used 5705K [0x00000000c0000000, 0x00000000c5580000, 0x00000000eab00000)
  object space 87552K, 6% used [0x00000000c0000000,0x00000000c0592458,0x00000000c5580000)
 Metaspace       used 6258K, capacity 7092K, committed 7296K, reserved 1056768K
  class space    used 600K, capacity 620K, committed 640K, reserved 1048576K
}
Event: 3.554 GC heap before
{Heap before GC invocations=3 (full 0):
 PSYoungGen      total 38400K, used 38386K [0x00000000eab00000, 0x00000000ef600000, 0x0000000100000000)
  eden space 33280K, 100% used [0x00000000eab00000,0x00000000ecb80000,0x00000000ecb80000)
  from space 5120K, 99% used [0x00000000ed080000,0x00000000ed57cad8,0x00000000ed580000)
  to   space 5120K, 0% used [0x00000000ecb80000,0x00000000ecb80000,0x00000000ed080000)
 ParOldGen       total 87552K, used 5705K [0x00000000c0000000, 0x00000000c5580000, 0x00000000eab00000)
  object space 87552K, 6% used [0x00000000c0000000,0x00000000c0592458,0x00000000c5580000)
 Metaspace       used 6314K, capacity 7092K, committed 7296K, reserved 1056768K
  class space    used 600K, capacity 620K, committed 640K, reserved 1048576K
Event: 3.628 GC heap after
Heap after GC invocations=3 (full 0):
 PSYoungGen      total 38400K, used 5112K [0x00000000eab00000, 0x00000000ef600000, 0x0000000100000000)
  eden space 33280K, 0% used [0x00000000eab00000,0x00000000eab00000,0x00000000ecb80000)
  from space 5120K, 99% used [0x00000000ecb80000,0x00000000ed07e058,0x00000000ed080000)
  to   space 5120K, 0% used [0x00000000ef100000,0x00000000ef100000,0x00000000ef600000)
 ParOldGen       total 87552K, used 11057K [0x00000000c0000000, 0x00000000c5580000, 0x00000000eab00000)
  object space 87552K, 12% used [0x00000000c0000000,0x00000000c0acc4a0,0x00000000c5580000)
 Metaspace       used 6314K, capacity 7092K, committed 7296K, reserved 1056768K
  class space    used 600K, capacity 620K, committed 640K, reserved 1048576K
}

Deoptimization events (10 events):
Event: 2.102 Thread 0x00000000167b7000 Uncommon trap: reason=class_check action=maybe_recompile pc=0x0000000002a1ee30 method=com.android.dx.ssa.NormalSsaInsn.accept(Lcom/android/dx/ssa/SsaInsn$Visitor;)V @ 9
Event: 2.102 Thread 0x00000000167b7000 Uncommon trap: reason=class_check action=maybe_recompile pc=0x0000000002a1ee30 method=com.android.dx.ssa.NormalSsaInsn.accept(Lcom/android/dx/ssa/SsaInsn$Visitor;)V @ 9
Event: 2.147 Thread 0x00000000026e0800 Uncommon trap: reason=unstable_if action=reinterpret pc=0x0000000002a72968 method=java.util.HashMap.getNode(ILjava/lang/Object;)Ljava/util/HashMap$Node; @ 129
Event: 2.169 Thread 0x00000000026e0800 Uncommon trap: reason=unstable_if action=reinterpret pc=0x00000000029fa370 method=java.util.BitSet.nextSetBit(I)I @ 87
Event: 2.235 Thread 0x00000000167b6000 Uncommon trap: reason=unstable_if action=reinterpret pc=0x0000000002ad307c method=com.android.dx.rop.code.RegisterSpec.equals(ILcom/android/dx/rop/type/TypeBearer;Lcom/android/dx/rop/code/LocalItem;)Z @ 42
Event: 2.235 Thread 0x00000000167b6000 Uncommon trap: reason=null_check action=make_not_entrant pc=0x0000000002ad9184 method=com.android.dx.ssa.SsaRenamer.getLocalForNewReg(I)Lcom/android/dx/rop/code/LocalItem; @ 19
Event: 2.236 Thread 0x00000000167b6000 Uncommon trap: reason=class_check action=maybe_recompile pc=0x0000000002a1ee30 method=com.android.dx.ssa.NormalSsaInsn.accept(Lcom/android/dx/ssa/SsaInsn$Visitor;)V @ 9
Event: 2.404 Thread 0x00000000026e0800 Uncommon trap: reason=unstable_if action=reinterpret pc=0x0000000002957f68 method=java.lang.String.startsWith(Ljava/lang/String;I)Z @ 25
Event: 2.821 Thread 0x00000000167b8800 Uncommon trap: reason=unstable_if action=reinterpret pc=0x0000000002b99ebc method=com.android.dx.util.IntList.binarysearch(I)I @ 105
Event: 3.523 Thread 0x000000001679e000 Uncommon trap: reason=unstable_if action=reinterpret pc=0x0000000002aa25dc method=com.android.dx.rop.cst.Constant.compareTo(Lcom/android/dx/rop/cst/Constant;)I @ 12

Internal exceptions (3 events):
Event: 0.235 Thread 0x00000000026e0800 Exception <a 'java/lang/NoSuchMethodError': Method sun.misc.Unsafe.defineClass(Ljava/lang/String;[BII)Ljava/lang/Class; name or signature does not match> (0x00000000eab07cc0) thrown at [C:\re\workspace\8-2-build-windows-amd64-cygwin\jdk8u91\7017\hotspot\sr“Ï,Î?
Event: 0.235 Thread 0x00000000026e0800 Exception <a 'java/lang/NoSuchMethodError': Method sun.misc.Unsafe.prefetchRead(Ljava/lang/Object;J)V name or signature does not match> (0x00000000eab07fa8) thrown at [C:\re\workspace\8-2-build-windows-amd64-cygwin\jdk8u91\7017\hotspot\src\share\vm\prims\j|:lI:â@
Event: 2.235 Thread 0x00000000167b6000 Implicit null exception at 0x0000000002ad7837 to 0x0000000002ad9139

Events (10 events):
Event: 2.821 Thread 0x00000000167b8800 Uncommon trap: trap_request=0xffffff65 fr.pc=0x0000000002b99ebc
Event: 2.821 Thread 0x00000000167b8800 DEOPT PACKING pc=0x0000000002b99ebc sp=0x00000000171fe540
Event: 2.821 Thread 0x00000000167b8800 DEOPT UNPACKING pc=0x000000000282582a sp=0x00000000171fe4b8 mode 2
Event: 3.129 Executing VM operation: ParallelGCFailedAllocation
Event: 3.154 Executing VM operation: ParallelGCFailedAllocation done
Event: 3.523 Thread 0x000000001679e000 Uncommon trap: trap_request=0xffffff65 fr.pc=0x0000000002aa25dc
Event: 3.523 Thread 0x000000001679e000 DEOPT PACKING pc=0x0000000002aa25dc sp=0x0000000016dfe200
Event: 3.523 Thread 0x000000001679e000 DEOPT UNPACKING pc=0x000000000282582a sp=0x0000000016dfe1a0 mode 2
Event: 3.551 Executing VM operation: ParallelGCFailedAllocation
Event: 3.628 Executing VM operation: ParallelGCFailedAllocation done


Dynamic libraries:
0x00007ff657b70000 - 0x00007ff657ba7000 	D:\JAVA\Java\Jdk_8.0\bin\java.exe
0x00007ffc09e10000 - 0x00007ffc09fe1000 	C:\WINDOWS\SYSTEM32\ntdll.dll
0x00007ffc07690000 - 0x00007ffc0773b000 	C:\WINDOWS\System32\KERNEL32.DLL
0x00007ffc06d50000 - 0x00007ffc06f6d000 	C:\WINDOWS\System32\KERNELBASE.dll
0x00007ffc074b0000 - 0x00007ffc07552000 	C:\WINDOWS\System32\ADVAPI32.dll
0x00007ffc073a0000 - 0x00007ffc0743e000 	C:\WINDOWS\System32\msvcrt.dll
0x00007ffc099d0000 - 0x00007ffc09a29000 	C:\WINDOWS\System32\sechost.dll
0x00007ffc07560000 - 0x00007ffc07681000 	C:\WINDOWS\System32\RPCRT4.dll
0x00007ffc08ef0000 - 0x00007ffc09055000 	C:\WINDOWS\System32\USER32.dll
0x00007ffc07020000 - 0x00007ffc0703e000 	C:\WINDOWS\System32\win32u.dll
0x00007ffc09290000 - 0x00007ffc092c4000 	C:\WINDOWS\System32\GDI32.dll
0x00007ffc07040000 - 0x00007ffc071c2000 	C:\WINDOWS\System32\gdi32full.dll
0x00007ffbfee70000 - 0x00007ffbff0ea000 	C:\WINDOWS\WinSxS\amd64_microsoft.windows.common-controls_6595b64144ccf1df_6.0.14393.351_none_4213128bc687e6d3\COMCTL32.dll
0x00007ffc092d0000 - 0x00007ffc09597000 	C:\WINDOWS\System32\combase.dll
0x00007ffc06450000 - 0x00007ffc06545000 	C:\WINDOWS\System32\ucrtbase.dll
0x00007ffc06600000 - 0x00007ffc0666a000 	C:\WINDOWS\System32\bcryptPrimitives.dll
0x00007ffc09a30000 - 0x00007ffc09a5e000 	C:\WINDOWS\System32\IMM32.DLL
0x00007ffc05160000 - 0x00007ffc05191000 	C:\WINDOWS\system32\nvinitx.dll
0x00007ffc05150000 - 0x00007ffc0515a000 	C:\WINDOWS\SYSTEM32\VERSION.dll
0x00000000553c0000 - 0x0000000055492000 	D:\JAVA\Java\Jdk_8.0\jre\bin\msvcr100.dll
0x0000000055920000 - 0x00000000561b3000 	D:\JAVA\Java\Jdk_8.0\jre\bin\server\jvm.dll
0x00007ffc09280000 - 0x00007ffc09288000 	C:\WINDOWS\System32\PSAPI.DLL
0x00007ffc045f0000 - 0x00007ffc04613000 	C:\WINDOWS\SYSTEM32\WINMM.dll
0x00007ffc04510000 - 0x00007ffc0453b000 	C:\WINDOWS\SYSTEM32\WINMMBASE.dll
0x00007ffc06360000 - 0x00007ffc063a2000 	C:\WINDOWS\System32\cfgmgr32.dll
0x00007ffbfd930000 - 0x00007ffbfd939000 	C:\WINDOWS\SYSTEM32\WSOCK32.dll
0x00007ffc09bf0000 - 0x00007ffc09c5a000 	C:\WINDOWS\System32\WS2_32.dll
0x0000000055830000 - 0x000000005583f000 	D:\JAVA\Java\Jdk_8.0\jre\bin\verify.dll
0x0000000055800000 - 0x0000000055829000 	D:\JAVA\Java\Jdk_8.0\jre\bin\java.dll
0x00000000557e0000 - 0x00000000557f6000 	D:\JAVA\Java\Jdk_8.0\jre\bin\zip.dll
0x00007ffc078e0000 - 0x00007ffc08de9000 	C:\WINDOWS\System32\SHELL32.dll
0x00007ffc06670000 - 0x00007ffc06d4a000 	C:\WINDOWS\System32\windows.storage.dll
0x00007ffc062b0000 - 0x00007ffc062fc000 	C:\WINDOWS\System32\powrprof.dll
0x00007ffc09ac0000 - 0x00007ffc09b12000 	C:\WINDOWS\System32\shlwapi.dll
0x00007ffc06270000 - 0x00007ffc0627f000 	C:\WINDOWS\System32\kernel.appcore.dll
0x00007ffc06550000 - 0x00007ffc065f9000 	C:\WINDOWS\System32\shcore.dll
0x00007ffc06280000 - 0x00007ffc06294000 	C:\WINDOWS\System32\profapi.dll
0x00007ffbf6750000 - 0x00007ffbf68e2000 	C:\WINDOWS\SYSTEM32\dbghelp.dll

VM Arguments:
jvm_args: -Djava.awt.headless=true -Xmx1024M -Dfile.encoding=GBK -Duser.country=CN -Duser.language=zh -Duser.variant 
java_command: com.android.dx.command.Main --dex --force-jumbo --num-threads=4 --multi-dex --output D:\Android_Studio_WorkPace\MyApp\app\build\intermediates\transforms\dex\debug\folders\1000\10\junit-4.12_f3c10f936af4512d84c6762cdee1098e54bbda61 C:\Users\longl\.gradle\caches\modules-2\files-2.1\junit\junit\4.12\2973d150c0dc1fefe998f834810d68f278ea58ec\junit-4.12.jar
java_class_path (initial): D:\Android_Studio_SDK\build-tools\24.0.2\lib\dx.jar
Launcher Type: SUN_STANDARD

Environment Variables:
JAVA_HOME=D:\JAVA\Java\Jdk_8.0
CLASSPATH=.;D:\JAVA\Java\Jdk_8.0\lib\dt.jar;D:\JAVA\Java\Jdk_8.0\lib\tools.jar
PATH=C:\Program Files (x86)\NVIDIA Corporation\PhysX\Common;C:\WINDOWS\system32;C:\WINDOWS;C:\WINDOWS\System32\Wbem;C:\WINDOWS\System32\WindowsPowerShell\v1.0\;D:\JAVA\Java\Jdk_8.0\bin;D:\JAVA\Java\Jdk_8.0\jre\bin;D:\SVN2\bin;D:\Git\Git\cmd;C:\Users\longl\AppData\Local\Microsoft\WindowsApps
USERNAME=longl
OS=Windows_NT
PROCESSOR_IDENTIFIER=Intel64 Family 6 Model 60 Stepping 3, GenuineIntel



---------------  S Y S T E M  ---------------

OS: Windows 10.0 , 64 bit Build 14393 (10.0.14393.0)

CPU:total 4 (2 cores per cpu, 2 threads per core) family 6 model 60 stepping 3, cmov, cx8, fxsr, mmx, sse, sse2, sse3, ssse3, sse4.1, sse4.2, popcnt, avx, avx2, aes, clmul, erms, lzcnt, ht, tsc, tscinvbit, bmi1, bmi2

Memory: 4k page, physical 8268828k(1428144k free), swap 11204300k(1681040k free)

vm_info: Java HotSpot(TM) 64-Bit Server VM (25.91-b15) for windows-amd64 JRE (1.8.0_91-b15), built on May 20 2016 17:43:15 by "java_re" with MS VC++ 10.0 (VS2010)

time: Mon Feb 13 21:53:52 2017
elapsed time: 3 seconds (0d 0h 0m 3s)

