#
# A fatal error has been detected by the Java Runtime Environment:
#
#  EXCEPTION_ACCESS_VIOLATION (0xc0000005) at pc=0x0000000300000003, pid=11728, tid=23328
#
# JRE version: Java(TM) SE Runtime Environment (8.0_91-b15) (build 1.8.0_91-b15)
# Java VM: Java HotSpot(TM) 64-Bit Server VM (25.91-b15 mixed mode windows-amd64 compressed oops)
# Problematic frame:
# C  0x0000000300000003
#
# Failed to write core dump. Minidumps are not enabled by default on client versions of Windows
#
# If you would like to submit a bug report, please visit:
#   http://bugreport.java.com/bugreport/crash.jsp
#

---------------  T H R E A D  ---------------

Current thread (0x000000001534a800):  JavaThread "C2 CompilerThread0" daemon [_thread_in_native, id=23328, stack(0x0000000016840000,0x0000000016940000)]

siginfo: ExceptionCode=0xc0000005, ExceptionInformation=0x0000000000000008 0x0000000300000003

Registers:
RAX=0x0000000017b21030, RBX=0x0000000017b21018, RCX=0x0000000017b21018, RDX=0x0000000017b21018
RSP=0x000000001693be48, RBP=0x0000000000000014, RSI=0x000000001693c9f0, RDI=0x000000001693d370
R8 =0x000000000061b000, R9 =0x000000001693d408, R10=0x00000000ffffffff, R11=0x0000000000000013
R12=0x0000000017ad7b00, R13=0x0000000000000e80, R14=0x0000000000000000, R15=0x0000000055efa6f8
RIP=0x0000000300000003, EFLAGS=0x0000000000010206

Top of Stack: (sp=0x000000001693be48)
0x000000001693be48:   0000000055e26429 0000000055efa6f8
0x000000001693be58:   0000000000000000 0000000017ad7aa0
0x000000001693be68:   0000000000000e7f 0000000017b21018
0x000000001693be78:   0000000055e293b4 000000001693c9f0
0x000000001693be88:   000000001693c9f0 0000000017b22f38
0x000000001693be98:   0000000017cd6e18 0000000000000e80
0x000000001693bea8:   000000001693ead0 0000000017b21018
0x000000001693beb8:   0000000055e28e1a 0000000000000013
0x000000001693bec8:   0000000017ad7b00 000000001693c9f0
0x000000001693bed8:   0000000016b91990 0000000000040298
0x000000001693bee8:   0000000016ae20b8 00000000152b7070
0x000000001693bef8:   0000000055d9028a 000000001693c000
0x000000001693bf08:   000000001693ead0 0000000016ada0d0
0x000000001693bf18:   0000000016ae0650 0000000017734100
0x000000001693bf28:   00000000177308e0 0000000000000021
0x000000001693bf38:   0000000000000000 0000000017734de8 

Instructions: (pc=0x0000000300000003)
0x00000002ffffffe3:   
[error occurred during error reporting (printing registers, top of stack, instructions near pc), id 0xc0000005]

Register to memory mapping:

RAX=0x0000000017b21030 is an unknown value
RBX=0x0000000017b21018 is an unknown value
RCX=0x0000000017b21018 is an unknown value
RDX=0x0000000017b21018 is an unknown value
RSP=0x000000001693be48 is pointing into the stack for thread: 0x000000001534a800
RBP=0x0000000000000014 is an unknown value
RSI=0x000000001693c9f0 is pointing into the stack for thread: 0x000000001534a800
RDI=0x000000001693d370 is pointing into the stack for thread: 0x000000001534a800
R8 =0x000000000061b000 is an unknown value
R9 =0x000000001693d408 is pointing into the stack for thread: 0x000000001534a800
R10=0x00000000ffffffff is an unallocated location in the heap
R11=0x0000000000000013 is an unknown value
R12=0x0000000017ad7b00 is an unknown value
R13=0x0000000000000e80 is an unknown value
R14=0x0000000000000000 is an unknown value
R15=0x0000000055efa6f8 is an unknown value


Stack: [0x0000000016840000,0x0000000016940000],  sp=0x000000001693be48,  free space=1007k
Native frames: (J=compiled Java code, j=interpreted, Vv=VM code, C=native code)
C  0x0000000300000003


Current CompileTask:
C2:   1694 1139   !   4       com.android.dx.cf.code.BytecodeArray::parseInstruction (2764 bytes)


---------------  P R O C E S S  ---------------

Java Threads: ( => current thread )
  0x0000000016b9a000 JavaThread "pool-2-thread-4" [_thread_blocked, id=12560, stack(0x0000000017540000,0x0000000017640000)]
  0x0000000016b96000 JavaThread "pool-2-thread-3" [_thread_blocked, id=23568, stack(0x0000000017440000,0x0000000017540000)]
  0x0000000016ac9800 JavaThread "pool-2-thread-2" [_thread_blocked, id=19228, stack(0x0000000017340000,0x0000000017440000)]
  0x0000000016ac7000 JavaThread "pool-3-thread-1" [_thread_blocked, id=9724, stack(0x0000000017240000,0x0000000017340000)]
  0x0000000016ac3800 JavaThread "pool-2-thread-1" [_thread_in_Java, id=17136, stack(0x0000000017140000,0x0000000017240000)]
  0x00000000169a8000 JavaThread "Service Thread" daemon [_thread_blocked, id=4528, stack(0x0000000016f40000,0x0000000017040000)]
  0x00000000169a3800 JavaThread "C1 CompilerThread2" daemon [_thread_blocked, id=18144, stack(0x0000000016e40000,0x0000000016f40000)]
  0x0000000016995800 JavaThread "C2 CompilerThread1" daemon [_thread_in_native, id=11648, stack(0x0000000016d40000,0x0000000016e40000)]
=>0x000000001534a800 JavaThread "C2 CompilerThread0" daemon [_thread_in_native, id=23328, stack(0x0000000016840000,0x0000000016940000)]
  0x00000000152fd800 JavaThread "Attach Listener" daemon [_thread_blocked, id=22892, stack(0x0000000016740000,0x0000000016840000)]
  0x0000000015349000 JavaThread "Signal Dispatcher" daemon [_thread_blocked, id=18652, stack(0x0000000016640000,0x0000000016740000)]
  0x0000000002c14800 JavaThread "Finalizer" daemon [_thread_blocked, id=15988, stack(0x0000000016540000,0x0000000016640000)]
  0x0000000002c0f000 JavaThread "Reference Handler" daemon [_thread_blocked, id=21340, stack(0x0000000016440000,0x0000000016540000)]
  0x0000000002b20800 JavaThread "main" [_thread_in_Java, id=24012, stack(0x0000000002920000,0x0000000002a20000)]

Other Threads:
  0x00000000152b8000 VMThread [stack: 0x0000000016340000,0x0000000016440000] [id=12780]
  0x0000000016a22800 WatcherThread [stack: 0x0000000017040000,0x0000000017140000] [id=18588]

VM state:not at safepoint (normal execution)

VM Mutex/Monitor currently owned by a thread: None

Heap:
 PSYoungGen      total 38400K, used 29560K [0x00000000eab00000, 0x00000000ed580000, 0x0000000100000000)
  eden space 33280K, 88% used [0x00000000eab00000,0x00000000ec7de350,0x00000000ecb80000)
  from space 5120K, 0% used [0x00000000ed080000,0x00000000ed080000,0x00000000ed580000)
  to   space 5120K, 0% used [0x00000000ecb80000,0x00000000ecb80000,0x00000000ed080000)
 ParOldGen       total 87552K, used 0K [0x00000000c0000000, 0x00000000c5580000, 0x00000000eab00000)
  object space 87552K, 0% used [0x00000000c0000000,0x00000000c0000000,0x00000000c5580000)
 Metaspace       used 5767K, capacity 6832K, committed 7040K, reserved 1056768K
  class space    used 577K, capacity 616K, committed 640K, reserved 1048576K

Card table byte_map: [0x0000000011fe0000,0x00000000121f0000] byte_map_base: 0x00000000119e0000

Marking Bits: (ParMarkBitMap*) 0x0000000056132f70
 Begin Bits: [0x0000000012750000, 0x0000000013750000)
 End Bits:   [0x0000000013750000, 0x0000000014750000)

Polling page: 0x00000000024d0000

CodeCache: size=245760Kb used=4601Kb max_used=4612Kb free=241158Kb
 bounds [0x0000000002c20000, 0x00000000030b0000, 0x0000000011c20000]
 total_blobs=1422 nmethods=1159 adapters=176
 compilation: enabled

Compilation events (10 events):
Event: 1.678 Thread 0x00000000169a3800 1163       3       com.android.dx.ssa.BasicRegisterMapper::oldToNew (22 bytes)
Event: 1.678 Thread 0x00000000169a3800 nmethod 1163 0x0000000003098f90 code [0x0000000003099100, 0x00000000030993e8]
Event: 1.678 Thread 0x00000000169a3800 1164       3       com.android.dx.ssa.SsaBasicBlock::addMoveToEnd (172 bytes)
Event: 1.681 Thread 0x0000000016995800 nmethod 1149 0x000000000309ab50 code [0x000000000309aca0, 0x000000000309aed8]
Event: 1.681 Thread 0x00000000169a3800 nmethod 1164 0x000000000309ed90 code [0x000000000309f120, 0x00000000030a1048]
Event: 1.681 Thread 0x0000000016995800 1151       4       com.android.dx.ssa.SsaMethod$2::visitNonMoveInsn (6 bytes)
Event: 1.681 Thread 0x00000000169a3800 1165       3       com.android.dx.rop.type.StdTypeList::equalContents (56 bytes)
Event: 1.682 Thread 0x0000000016995800 nmethod 1151 0x000000000309a8d0 code [0x000000000309aa20, 0x000000000309aaa8]
Event: 1.682 Thread 0x0000000016995800 1161       4       com.android.dx.rop.code.BasicBlockList$RegCountVisitor::visitPlainInsn (6 bytes)
Event: 1.682 Thread 0x00000000169a3800 nmethod 1165 0x000000000309b810 code [0x000000000309b9e0, 0x000000000309c2a8]

GC Heap History (0 events):
No events

Deoptimization events (10 events):
Event: 0.983 Thread 0x0000000016b9a000 Uncommon trap: reason=class_check action=maybe_recompile pc=0x0000000002dd0df4 method=com.android.dx.rop.cst.CstMemberRef.compareTo0(Lcom/android/dx/rop/cst/Constant;)I @ 1
Event: 0.992 Thread 0x0000000016b9a000 Uncommon trap: reason=unstable_if action=reinterpret pc=0x0000000002e34f00 method=java.util.HashMap.getNode(ILjava/lang/Object;)Ljava/util/HashMap$Node; @ 62
Event: 0.995 Thread 0x0000000016ac3800 Uncommon trap: reason=speculate_class_check action=maybe_recompile pc=0x0000000002dda6b0 method=com.android.dx.rop.cst.Constant.compareTo(Lcom/android/dx/rop/cst/Constant;)I @ 29
Event: 0.995 Thread 0x0000000016ac3800 Uncommon trap: reason=class_check action=maybe_recompile pc=0x0000000002dd0df4 method=com.android.dx.rop.cst.CstMemberRef.compareTo0(Lcom/android/dx/rop/cst/Constant;)I @ 1
Event: 1.130 Thread 0x0000000016ac3800 Uncommon trap: reason=unstable_if action=reinterpret pc=0x0000000002ed12cc method=com.android.dx.rop.cst.CstFieldRef.compareTo0(Lcom/android/dx/rop/cst/Constant;)I @ 7
Event: 1.157 Thread 0x0000000016b96000 Uncommon trap: reason=unstable_if action=reinterpret pc=0x0000000002dd0378 method=com.android.dx.rop.cst.CstFieldRef.compareTo0(Lcom/android/dx/rop/cst/Constant;)I @ 7
Event: 1.252 Thread 0x0000000002b20800 Uncommon trap: reason=unstable_if action=reinterpret pc=0x0000000002f17930 method=java.util.HashMap.getNode(ILjava/lang/Object;)Ljava/util/HashMap$Node; @ 129
Event: 1.436 Thread 0x0000000002b20800 Uncommon trap: reason=unstable_if action=reinterpret pc=0x0000000002dc61d4 method=com.android.dx.rop.cst.CstInteger.make(I)Lcom/android/dx/rop/cst/CstInteger; @ 25
Event: 1.451 Thread 0x0000000002b20800 Uncommon trap: reason=unstable_if action=reinterpret pc=0x0000000002f6f7b0 method=com.android.dx.rop.code.RegisterSpec.equals(ILcom/android/dx/rop/type/TypeBearer;Lcom/android/dx/rop/code/LocalItem;)Z @ 24
Event: 1.455 Thread 0x0000000002b20800 Uncommon trap: reason=unstable_if action=reinterpret pc=0x0000000002f4828c method=com.android.dx.rop.code.RegisterSpec.equals(ILcom/android/dx/rop/type/TypeBearer;Lcom/android/dx/rop/code/LocalItem;)Z @ 24

Internal exceptions (2 events):
Event: 0.212 Thread 0x0000000002b20800 Exception <a 'java/lang/NoSuchMethodError': Method sun.misc.Unsafe.defineClass(Ljava/lang/String;[BII)Ljava/lang/Class; name or signature does not match> (0x00000000eab07cc0) thrown at [C:\re\workspace\8-2-build-windows-amd64-cygwin\jdk8u91\7017\hotspot\sr’6Y‡›2Ë?
Event: 0.212 Thread 0x0000000002b20800 Exception <a 'java/lang/NoSuchMethodError': Method sun.misc.Unsafe.prefetchRead(Ljava/lang/Object;J)V name or signature does not match> (0x00000000eab07fa8) thrown at [C:\re\workspace\8-2-build-windows-amd64-cygwin\jdk8u91\7017\hotspot\src\share\vm\prims\j

Events (10 events):
Event: 1.436 Thread 0x0000000002b20800 DEOPT PACKING pc=0x0000000002dc61d4 sp=0x0000000002a1e3b0
Event: 1.436 Thread 0x0000000002b20800 DEOPT UNPACKING pc=0x0000000002c6582a sp=0x0000000002a1e2e0 mode 2
Event: 1.451 Thread 0x0000000002b20800 Uncommon trap: trap_request=0xffffff65 fr.pc=0x0000000002f6f7b0
Event: 1.451 Thread 0x0000000002b20800 DEOPT PACKING pc=0x0000000002f6f7b0 sp=0x0000000002a1dc60
Event: 1.451 Thread 0x0000000002b20800 DEOPT UNPACKING pc=0x0000000002c6582a sp=0x0000000002a1d9e0 mode 2
Event: 1.455 Thread 0x0000000002b20800 Uncommon trap: trap_request=0xffffff65 fr.pc=0x0000000002f4828c
Event: 1.456 Thread 0x0000000002b20800 DEOPT PACKING pc=0x0000000002f4828c sp=0x0000000002a1db00
Event: 1.456 Thread 0x0000000002b20800 DEOPT UNPACKING pc=0x0000000002c6582a sp=0x0000000002a1da90 mode 2
Event: 1.457 Executing VM operation: ForceSafepoint
Event: 1.464 Executing VM operation: ForceSafepoint done


Dynamic libraries:
0x00007ff657b70000 - 0x00007ff657ba7000 	D:\JAVA\Java\Jdk_8.0\bin\java.exe
0x00007ffc09e10000 - 0x00007ffc09fe1000 	C:\WINDOWS\SYSTEM32\ntdll.dll
0x00007ffc07690000 - 0x00007ffc0773b000 	C:\WINDOWS\System32\KERNEL32.DLL
0x00007ffc06d50000 - 0x00007ffc06f6d000 	C:\WINDOWS\System32\KERNELBASE.dll
0x00007ffc074b0000 - 0x00007ffc07552000 	C:\WINDOWS\System32\ADVAPI32.dll
0x00007ffc073a0000 - 0x00007ffc0743e000 	C:\WINDOWS\System32\msvcrt.dll
0x00007ffc099d0000 - 0x00007ffc09a29000 	C:\WINDOWS\System32\sechost.dll
0x00007ffc07560000 - 0x00007ffc07681000 	C:\WINDOWS\System32\RPCRT4.dll
0x00007ffc08ef0000 - 0x00007ffc09055000 	C:\WINDOWS\System32\USER32.dll
0x00007ffc07020000 - 0x00007ffc0703e000 	C:\WINDOWS\System32\win32u.dll
0x00007ffc09290000 - 0x00007ffc092c4000 	C:\WINDOWS\System32\GDI32.dll
0x00007ffc07040000 - 0x00007ffc071c2000 	C:\WINDOWS\System32\gdi32full.dll
0x00007ffbfee70000 - 0x00007ffbff0ea000 	C:\WINDOWS\WinSxS\amd64_microsoft.windows.common-controls_6595b64144ccf1df_6.0.14393.351_none_4213128bc687e6d3\COMCTL32.dll
0x00007ffc092d0000 - 0x00007ffc09597000 	C:\WINDOWS\System32\combase.dll
0x00007ffc06450000 - 0x00007ffc06545000 	C:\WINDOWS\System32\ucrtbase.dll
0x00007ffc06600000 - 0x00007ffc0666a000 	C:\WINDOWS\System32\bcryptPrimitives.dll
0x00007ffc09a30000 - 0x00007ffc09a5e000 	C:\WINDOWS\System32\IMM32.DLL
0x00007ffc05160000 - 0x00007ffc05191000 	C:\WINDOWS\system32\nvinitx.dll
0x00007ffc05150000 - 0x00007ffc0515a000 	C:\WINDOWS\SYSTEM32\VERSION.dll
0x00000000553c0000 - 0x0000000055492000 	D:\JAVA\Java\Jdk_8.0\jre\bin\msvcr100.dll
0x0000000055920000 - 0x00000000561b3000 	D:\JAVA\Java\Jdk_8.0\jre\bin\server\jvm.dll
0x00007ffc09280000 - 0x00007ffc09288000 	C:\WINDOWS\System32\PSAPI.DLL
0x00007ffbfd930000 - 0x00007ffbfd939000 	C:\WINDOWS\SYSTEM32\WSOCK32.dll
0x00007ffc09bf0000 - 0x00007ffc09c5a000 	C:\WINDOWS\System32\WS2_32.dll
0x00007ffc045f0000 - 0x00007ffc04613000 	C:\WINDOWS\SYSTEM32\WINMM.dll
0x00007ffc04510000 - 0x00007ffc0453b000 	C:\WINDOWS\SYSTEM32\WINMMBASE.dll
0x00007ffc06360000 - 0x00007ffc063a2000 	C:\WINDOWS\System32\cfgmgr32.dll
0x0000000055830000 - 0x000000005583f000 	D:\JAVA\Java\Jdk_8.0\jre\bin\verify.dll
0x0000000055800000 - 0x0000000055829000 	D:\JAVA\Java\Jdk_8.0\jre\bin\java.dll
0x00000000557e0000 - 0x00000000557f6000 	D:\JAVA\Java\Jdk_8.0\jre\bin\zip.dll
0x00007ffc078e0000 - 0x00007ffc08de9000 	C:\WINDOWS\System32\SHELL32.dll
0x00007ffc06670000 - 0x00007ffc06d4a000 	C:\WINDOWS\System32\windows.storage.dll
0x00007ffc062b0000 - 0x00007ffc062fc000 	C:\WINDOWS\System32\powrprof.dll
0x00007ffc09ac0000 - 0x00007ffc09b12000 	C:\WINDOWS\System32\shlwapi.dll
0x00007ffc06270000 - 0x00007ffc0627f000 	C:\WINDOWS\System32\kernel.appcore.dll
0x00007ffc06550000 - 0x00007ffc065f9000 	C:\WINDOWS\System32\shcore.dll
0x00007ffc06280000 - 0x00007ffc06294000 	C:\WINDOWS\System32\profapi.dll
0x00007ffbf6750000 - 0x00007ffbf68e2000 	C:\WINDOWS\SYSTEM32\dbghelp.dll

VM Arguments:
jvm_args: -Djava.awt.headless=true -Xmx1024M -Dfile.encoding=GBK -Duser.country=CN -Duser.language=zh -Duser.variant 
java_command: com.android.dx.command.Main --dex --force-jumbo --num-threads=4 --multi-dex --output D:\Android_Studio_WorkPace\MyApp\app\build\intermediates\transforms\dex\debug\folders\1000\5\slice_0 D:\Android_Studio_WorkPace\MyApp\app\build\intermediates\transforms\instantRunSlicer\debug\folders\1\5\slice_0
java_class_path (initial): D:\Android_Studio_SDK\build-tools\24.0.2\lib\dx.jar
Launcher Type: SUN_STANDARD

Environment Variables:
JAVA_HOME=D:\JAVA\Java\Jdk_8.0
CLASSPATH=.;D:\JAVA\Java\Jdk_8.0\lib\dt.jar;D:\JAVA\Java\Jdk_8.0\lib\tools.jar
PATH=C:\Program Files (x86)\NVIDIA Corporation\PhysX\Common;C:\WINDOWS\system32;C:\WINDOWS;C:\WINDOWS\System32\Wbem;C:\WINDOWS\System32\WindowsPowerShell\v1.0\;D:\JAVA\Java\Jdk_8.0\bin;D:\JAVA\Java\Jdk_8.0\jre\bin;D:\SVN2\bin;D:\Git\Git\cmd;C:\Users\longl\AppData\Local\Microsoft\WindowsApps
USERNAME=longl
OS=Windows_NT
PROCESSOR_IDENTIFIER=Intel64 Family 6 Model 60 Stepping 3, GenuineIntel



---------------  S Y S T E M  ---------------

OS: Windows 10.0 , 64 bit Build 14393 (10.0.14393.0)

CPU:total 4 (2 cores per cpu, 2 threads per core) family 6 model 60 stepping 3, cmov, cx8, fxsr, mmx, sse, sse2, sse3, ssse3, sse4.1, sse4.2, popcnt, avx, avx2, aes, clmul, erms, lzcnt, ht, tsc, tscinvbit, bmi1, bmi2

Memory: 4k page, physical 8268828k(1448724k free), swap 11204300k(1541772k free)

vm_info: Java HotSpot(TM) 64-Bit Server VM (25.91-b15) for windows-amd64 JRE (1.8.0_91-b15), built on May 20 2016 17:43:15 by "java_re" with MS VC++ 10.0 (VS2010)

time: Mon Feb 13 21:53:47 2017
elapsed time: 1 seconds (0d 0h 0m 1s)

