#
# A fatal error has been detected by the Java Runtime Environment:
#
#  EXCEPTION_ACCESS_VIOLATION (0xc0000005) at pc=0x0000000055db8683, pid=20200, tid=17360
#
# JRE version: Java(TM) SE Runtime Environment (8.0_91-b15) (build 1.8.0_91-b15)
# Java VM: Java HotSpot(TM) 64-Bit Server VM (25.91-b15 mixed mode windows-amd64 compressed oops)
# Problematic frame:
# V  [jvm.dll+0x498683]
#
# Failed to write core dump. Minidumps are not enabled by default on client versions of Windows
#
# If you would like to submit a bug report, please visit:
#   http://bugreport.java.com/bugreport/crash.jsp
#

---------------  T H R E A D  ---------------

Current thread (0x0000000016b0d800):  JavaThread "C2 CompilerThread1" daemon [_thread_in_native, id=17360, stack(0x0000000016ec0000,0x0000000016fc0000)]

siginfo: ExceptionCode=0xc0000005, reading address 0x0000000000000020

Registers:
RAX=0x0000000000000000, RBX=0x0000000000000002, RCX=0x0000000017f23eba, RDX=0x0000000000000828
RSP=0x0000000016fbc560, RBP=0x0000000018a7d140, RSI=0x0000000017894980, RDI=0x0000000017f23eba
R8 =0x0000000000000020, R9 =0x00000000178776e0, R10=0x0000000016fbc670, R11=0x0000000016fbc530
R12=0x0000000000000010, R13=0x00000000561336a8, R14=0x00000000000001e8, R15=0x0000000016fbc960
RIP=0x0000000055db8683, EFLAGS=0x0000000000010293

Top of Stack: (sp=0x0000000016fbc560)
0x0000000016fbc560:   0000000000000001 0000000000000008
0x0000000016fbc570:   0000000018a7d000 000000000000000b
0x0000000016fbc580:   0000000000000000 0000000000000828
0x0000000016fbc590:   0000000018a7d140 0000000017894980
0x0000000016fbc5a0:   0000000016fbc670 0000000016b54818
0x0000000016fbc5b0:   0000000016b54440 0000000000000000
0x0000000016fbc5c0:   0000000016fbc960 0000000016b54430
0x0000000016fbc5d0:   0000000016fbc6f0 0000000016fbca70
0x0000000016fbc5e0:   00000000000003d8 0000000055d8426a
0x0000000016fbc5f0:   00000000000001e4 0000000000000000
0x0000000016fbc600:   0000000000000105 0000000000000000
0x0000000016fbc610:   0000000000000002 0000000016b54430
0x0000000016fbc620:   0000000018ade1f0 0000000018af2ec0
0x0000000016fbc630:   0000000018af2ec0 00000000001586a0
0x0000000016fbc640:   0000000000000002 0000000016b55fc0
0x0000000016fbc650:   0000000016b55fc0 0000000016b55fd0 

Instructions: (pc=0x0000000055db8683)
0x0000000055db8663:   48 03 68 10 48 89 6c 24 30 3b 5e 18 73 0a 48 8b
0x0000000055db8673:   46 20 48 8b 3c d8 eb 02 33 ff 48 8b 07 48 8b cf
0x0000000055db8683:   ff 50 20 48 3b c7 74 03 2b 5e 48 ff c3 48 63 c3
0x0000000055db8693:   83 fb 01 0f 86 46 03 00 00 8d 4b ff 48 8d 14 c5 


Register to memory mapping:

RAX=0x0000000000000000 is an unknown value
RBX=0x0000000000000002 is an unknown value
RCX=0x0000000017f23eba is an unknown value
RDX=0x0000000000000828 is an unknown value
RSP=0x0000000016fbc560 is pointing into the stack for thread: 0x0000000016b0d800
RBP=0x0000000018a7d140 is an unknown value
RSI=0x0000000017894980 is an unknown value
RDI=0x0000000017f23eba is an unknown value
R8 =0x0000000000000020 is an unknown value
R9 =0x00000000178776e0 is an unknown value
R10=0x0000000016fbc670 is pointing into the stack for thread: 0x0000000016b0d800
R11=0x0000000016fbc530 is pointing into the stack for thread: 0x0000000016b0d800
R12=0x0000000000000010 is an unknown value
R13=0x00000000561336a8 is an unknown value
R14=0x00000000000001e8 is an unknown value
R15=0x0000000016fbc960 is pointing into the stack for thread: 0x0000000016b0d800


Stack: [0x0000000016ec0000,0x0000000016fc0000],  sp=0x0000000016fbc560,  free space=1009k
Native frames: (J=compiled Java code, j=interpreted, Vv=VM code, C=native code)
V  [jvm.dll+0x498683]
V  [jvm.dll+0x46426a]
V  [jvm.dll+0x46f55b]
V  [jvm.dll+0x471b72]
V  [jvm.dll+0x454ce2]
V  [jvm.dll+0xa4be2]
V  [jvm.dll+0xa551f]
V  [jvm.dll+0x243ae4]
V  [jvm.dll+0x29a99a]
C  [msvcr100.dll+0x21d9f]
C  [msvcr100.dll+0x21e3b]
C  [KERNEL32.DLL+0x8364]
C  [ntdll.dll+0x65e91]


Current CompileTask:
C2:  11702 1213   !   4       com.android.dx.cf.code.BytecodeArray::parseInstruction (2764 bytes)


---------------  P R O C E S S  ---------------

Java Threads: ( => current thread )
  0x0000000017a75000 JavaThread "pool-1-thread-1" [_thread_new, id=13940, stack(0x0000000000000000,0x0000000000000000)]
  0x0000000016b21800 JavaThread "Service Thread" daemon [_thread_blocked, id=25444, stack(0x00000000170c0000,0x00000000171c0000)]
  0x0000000016b1b800 JavaThread "C1 CompilerThread2" daemon [_thread_blocked, id=8276, stack(0x0000000016fc0000,0x00000000170c0000)]
=>0x0000000016b0d800 JavaThread "C2 CompilerThread1" daemon [_thread_in_native, id=17360, stack(0x0000000016ec0000,0x0000000016fc0000)]
  0x00000000154ba800 JavaThread "C2 CompilerThread0" daemon [_thread_in_native, id=17672, stack(0x00000000169c0000,0x0000000016ac0000)]
  0x000000001546e000 JavaThread "Attach Listener" daemon [_thread_blocked, id=17892, stack(0x00000000168c0000,0x00000000169c0000)]
  0x00000000154b9000 JavaThread "Signal Dispatcher" daemon [_thread_blocked, id=16512, stack(0x00000000167c0000,0x00000000168c0000)]
  0x000000001544a800 JavaThread "Finalizer" daemon [_thread_blocked, id=23808, stack(0x00000000166c0000,0x00000000167c0000)]
  0x0000000002d7f000 JavaThread "Reference Handler" daemon [_thread_blocked, id=21700, stack(0x00000000165c0000,0x00000000166c0000)]
  0x0000000002c90800 JavaThread "main" [_thread_blocked, id=21620, stack(0x00000000029e0000,0x0000000002ae0000)]

Other Threads:
  0x0000000015428000 VMThread [stack: 0x00000000164c0000,0x00000000165c0000] [id=20004]
  0x0000000016b7c000 WatcherThread [stack: 0x00000000171c0000,0x00000000172c0000] [id=20508]

VM state:not at safepoint (normal execution)

VM Mutex/Monitor currently owned by a thread: None

Heap:
 PSYoungGen      total 38400K, used 10124K [0x00000000eab00000, 0x00000000ed580000, 0x0000000100000000)
  eden space 33280K, 15% used [0x00000000eab00000,0x00000000eafe4378,0x00000000ecb80000)
  from space 5120K, 99% used [0x00000000ecb80000,0x00000000ed07eda8,0x00000000ed080000)
  to   space 5120K, 0% used [0x00000000ed080000,0x00000000ed080000,0x00000000ed580000)
 ParOldGen       total 87552K, used 1343K [0x00000000c0000000, 0x00000000c5580000, 0x00000000eab00000)
  object space 87552K, 1% used [0x00000000c0000000,0x00000000c014ff18,0x00000000c5580000)
 Metaspace       used 6082K, capacity 6966K, committed 7040K, reserved 1056768K
  class space    used 606K, capacity 622K, committed 640K, reserved 1048576K

Card table byte_map: [0x0000000012150000,0x0000000012360000] byte_map_base: 0x0000000011b50000

Marking Bits: (ParMarkBitMap*) 0x0000000056132f70
 Begin Bits: [0x00000000128c0000, 0x00000000138c0000)
 End Bits:   [0x00000000138c0000, 0x00000000148c0000)

Polling page: 0x0000000000d50000

CodeCache: size=245760Kb used=5131Kb max_used=5131Kb free=240628Kb
 bounds [0x0000000002d90000, 0x00000000032a0000, 0x0000000011d90000]
 total_blobs=1541 nmethods=1270 adapters=184
 compilation: enabled

Compilation events (10 events):
Event: 11.629 Thread 0x0000000016b1b800 1280       3       com.android.dx.dex.file.Section::throwIfPrepared (18 bytes)
Event: 11.629 Thread 0x0000000016b1b800 nmethod 1280 0x0000000003292b50 code [0x0000000003292cc0, 0x0000000003292f08]
Event: 11.629 Thread 0x0000000016b1b800 1281  s    3       com.android.dx.dex.file.FieldIdsSection::intern (55 bytes)
Event: 11.630 Thread 0x0000000016b1b800 nmethod 1281 0x0000000003292fd0 code [0x0000000003293200, 0x0000000003293f28]
Event: 11.630 Thread 0x0000000016b1b800 1282       3       com.android.dx.rop.type.Prototype::compareTo (120 bytes)
Event: 11.632 Thread 0x0000000016b1b800 nmethod 1282 0x0000000003294a10 code [0x0000000003294c20, 0x0000000003295ab8]
Event: 11.632 Thread 0x0000000016b1b800 1285       3       java.util.concurrent.locks.AbstractOwnableSynchronizer::setExclusiveOwnerThread (6 bytes)
Event: 11.632 Thread 0x0000000016b1b800 nmethod 1285 0x00000000032961d0 code [0x0000000003296320, 0x0000000003296490]
Event: 11.632 Thread 0x0000000016b1b800 1283       1       java.util.concurrent.locks.AbstractQueuedSynchronizer::getState (5 bytes)
Event: 11.632 Thread 0x0000000016b1b800 nmethod 1283 0x0000000003296510 code [0x0000000003296660, 0x0000000003296770]

GC Heap History (2 events):
Event: 11.524 GC heap before
{Heap before GC invocations=1 (full 0):
 PSYoungGen      total 38400K, used 33280K [0x00000000eab00000, 0x00000000ed580000, 0x0000000100000000)
  eden space 33280K, 100% used [0x00000000eab00000,0x00000000ecb80000,0x00000000ecb80000)
  from space 5120K, 0% used [0x00000000ed080000,0x00000000ed080000,0x00000000ed580000)
  to   space 5120K, 0% used [0x00000000ecb80000,0x00000000ecb80000,0x00000000ed080000)
 ParOldGen       total 87552K, used 0K [0x00000000c0000000, 0x00000000c5580000, 0x00000000eab00000)
  object space 87552K, 0% used [0x00000000c0000000,0x00000000c0000000,0x00000000c5580000)
 Metaspace       used 6065K, capacity 6966K, committed 7040K, reserved 1056768K
  class space    used 606K, capacity 622K, committed 640K, reserved 1048576K
Event: 11.554 GC heap after
Heap after GC invocations=1 (full 0):
 PSYoungGen      total 38400K, used 5115K [0x00000000eab00000, 0x00000000ed580000, 0x0000000100000000)
  eden space 33280K, 0% used [0x00000000eab00000,0x00000000eab00000,0x00000000ecb80000)
  from space 5120K, 99% used [0x00000000ecb80000,0x00000000ed07eda8,0x00000000ed080000)
  to   space 5120K, 0% used [0x00000000ed080000,0x00000000ed080000,0x00000000ed580000)
 ParOldGen       total 87552K, used 1343K [0x00000000c0000000, 0x00000000c5580000, 0x00000000eab00000)
  object space 87552K, 1% used [0x00000000c0000000,0x00000000c014ff18,0x00000000c5580000)
 Metaspace       used 6065K, capacity 6966K, committed 7040K, reserved 1056768K
  class space    used 606K, capacity 622K, committed 640K, reserved 1048576K
}

Deoptimization events (10 events):
Event: 10.598 Thread 0x0000000002c90800 Uncommon trap: reason=unstable_if action=reinterpret pc=0x0000000002fc193c method=java.util.HashMap.getNode(ILjava/lang/Object;)Ljava/util/HashMap$Node; @ 62
Event: 10.759 Thread 0x0000000002c90800 Uncommon trap: reason=unstable_if action=reinterpret pc=0x000000000300274c method=java.util.HashMap.getNode(ILjava/lang/Object;)Ljava/util/HashMap$Node; @ 129
Event: 11.256 Thread 0x0000000016d29000 Uncommon trap: reason=null_check action=make_not_entrant pc=0x0000000003067428 method=com.android.dx.rop.type.Type.equals(Ljava/lang/Object;)Z @ 8
Event: 11.279 Thread 0x0000000016d29000 Uncommon trap: reason=unstable_if action=reinterpret pc=0x000000000305ce3c method=com.android.dx.rop.code.RegisterSpec.equals(ILcom/android/dx/rop/type/TypeBearer;Lcom/android/dx/rop/code/LocalItem;)Z @ 42
Event: 11.484 Thread 0x0000000016c54000 Uncommon trap: reason=unstable_if action=reinterpret pc=0x00000000030f426c method=com.android.dx.rop.code.RegisterSpecSet.put(Lcom/android/dx/rop/code/RegisterSpec;)V @ 77
Event: 11.484 Thread 0x0000000016c54000 Uncommon trap: reason=unstable_if action=reinterpret pc=0x00000000030fadac method=com.android.dx.rop.code.RegisterSpecSet.put(Lcom/android/dx/rop/code/RegisterSpec;)V @ 77
Event: 11.488 Thread 0x0000000016c54000 Uncommon trap: reason=bimorphic action=maybe_recompile pc=0x0000000003067ec4 method=java.util.HashMap.getNode(ILjava/lang/Object;)Ljava/util/HashMap$Node; @ 126
Event: 11.488 Thread 0x0000000016c54000 Uncommon trap: reason=class_check action=maybe_recompile pc=0x000000000321c1b4 method=java.util.HashMap.putVal(ILjava/lang/Object;Ljava/lang/Object;ZZ)Ljava/lang/Object; @ 203
Event: 11.512 Thread 0x0000000016c4c800 Uncommon trap: reason=bimorphic action=maybe_recompile pc=0x0000000003067ec4 method=java.util.HashMap.getNode(ILjava/lang/Object;)Ljava/util/HashMap$Node; @ 126
Event: 11.512 Thread 0x0000000016c4c800 Uncommon trap: reason=class_check action=maybe_recompile pc=0x000000000321c1b4 method=java.util.HashMap.putVal(ILjava/lang/Object;Ljava/lang/Object;ZZ)Ljava/lang/Object; @ 203

Internal exceptions (3 events):
Event: 0.284 Thread 0x0000000002c90800 Exception <a 'java/lang/NoSuchMethodError': Method sun.misc.Unsafe.defineClass(Ljava/lang/String;[BII)Ljava/lang/Class; name or signature does not match> (0x00000000eab07cc0) thrown at [C:\re\workspace\8-2-build-windows-amd64-cygwin\jdk8u91\7017\hotspot\srÛì1Ý+Ò?
Event: 0.284 Thread 0x0000000002c90800 Exception <a 'java/lang/NoSuchMethodError': Method sun.misc.Unsafe.prefetchRead(Ljava/lang/Object;J)V name or signature does not match> (0x00000000eab07fa8) thrown at [C:\re\workspace\8-2-build-windows-amd64-cygwin\jdk8u91\7017\hotspot\src\share\vm\prims\jï’Ñü‚&@
Event: 11.256 Thread 0x0000000016d29000 Implicit null exception at 0x0000000003067322 to 0x000000000306741a

Events (10 events):
Event: 11.512 Thread 0x0000000016c4c800 DEOPT PACKING pc=0x000000000321c1b4 sp=0x00000000173be4b0
Event: 11.512 Thread 0x0000000016c4c800 DEOPT UNPACKING pc=0x0000000002dd582a sp=0x00000000173be3e8 mode 2
Event: 11.518 Executing VM operation: ParallelGCFailedAllocation
Event: 11.554 Executing VM operation: ParallelGCFailedAllocation done
Event: 11.573 Thread 0x0000000016c54000 Thread exited: 0x0000000016c54000
Event: 11.631 Thread 0x0000000016c51000 Thread exited: 0x0000000016c51000
Event: 11.631 loading class com/android/dx/command/dexer/Main$DexWriter
Event: 11.631 loading class com/android/dx/command/dexer/Main$DexWriter done
Event: 11.632 Thread 0x0000000017a75000 Thread added: 0x0000000017a75000
Event: 11.632 Thread 0x0000000016c4c800 Thread exited: 0x0000000016c4c800


Dynamic libraries:
0x00007ff657b70000 - 0x00007ff657ba7000 	D:\JAVA\Java\Jdk_8.0\bin\java.exe
0x00007ffc09e10000 - 0x00007ffc09fe1000 	C:\WINDOWS\SYSTEM32\ntdll.dll
0x00007ffc07690000 - 0x00007ffc0773b000 	C:\WINDOWS\System32\KERNEL32.DLL
0x00007ffc06d50000 - 0x00007ffc06f6d000 	C:\WINDOWS\System32\KERNELBASE.dll
0x00007ffc074b0000 - 0x00007ffc07552000 	C:\WINDOWS\System32\ADVAPI32.dll
0x00007ffc073a0000 - 0x00007ffc0743e000 	C:\WINDOWS\System32\msvcrt.dll
0x00007ffc099d0000 - 0x00007ffc09a29000 	C:\WINDOWS\System32\sechost.dll
0x00007ffc07560000 - 0x00007ffc07681000 	C:\WINDOWS\System32\RPCRT4.dll
0x00007ffc08ef0000 - 0x00007ffc09055000 	C:\WINDOWS\System32\USER32.dll
0x00007ffc07020000 - 0x00007ffc0703e000 	C:\WINDOWS\System32\win32u.dll
0x00007ffc09290000 - 0x00007ffc092c4000 	C:\WINDOWS\System32\GDI32.dll
0x00007ffc07040000 - 0x00007ffc071c2000 	C:\WINDOWS\System32\gdi32full.dll
0x00007ffbfee70000 - 0x00007ffbff0ea000 	C:\WINDOWS\WinSxS\amd64_microsoft.windows.common-controls_6595b64144ccf1df_6.0.14393.351_none_4213128bc687e6d3\COMCTL32.dll
0x00007ffc092d0000 - 0x00007ffc09597000 	C:\WINDOWS\System32\combase.dll
0x00007ffc06450000 - 0x00007ffc06545000 	C:\WINDOWS\System32\ucrtbase.dll
0x00007ffc06600000 - 0x00007ffc0666a000 	C:\WINDOWS\System32\bcryptPrimitives.dll
0x00007ffc09a30000 - 0x00007ffc09a5e000 	C:\WINDOWS\System32\IMM32.DLL
0x00007ffc05160000 - 0x00007ffc05191000 	C:\WINDOWS\system32\nvinitx.dll
0x00007ffc05150000 - 0x00007ffc0515a000 	C:\WINDOWS\SYSTEM32\VERSION.dll
0x00000000553c0000 - 0x0000000055492000 	D:\JAVA\Java\Jdk_8.0\jre\bin\msvcr100.dll
0x0000000055920000 - 0x00000000561b3000 	D:\JAVA\Java\Jdk_8.0\jre\bin\server\jvm.dll
0x00007ffc09280000 - 0x00007ffc09288000 	C:\WINDOWS\System32\PSAPI.DLL
0x00007ffbfd930000 - 0x00007ffbfd939000 	C:\WINDOWS\SYSTEM32\WSOCK32.dll
0x00007ffc09bf0000 - 0x00007ffc09c5a000 	C:\WINDOWS\System32\WS2_32.dll
0x00007ffc045f0000 - 0x00007ffc04613000 	C:\WINDOWS\SYSTEM32\WINMM.dll
0x00007ffc04510000 - 0x00007ffc0453b000 	C:\WINDOWS\SYSTEM32\WINMMBASE.dll
0x00007ffc06360000 - 0x00007ffc063a2000 	C:\WINDOWS\System32\cfgmgr32.dll
0x0000000055830000 - 0x000000005583f000 	D:\JAVA\Java\Jdk_8.0\jre\bin\verify.dll
0x0000000055800000 - 0x0000000055829000 	D:\JAVA\Java\Jdk_8.0\jre\bin\java.dll
0x00000000557e0000 - 0x00000000557f6000 	D:\JAVA\Java\Jdk_8.0\jre\bin\zip.dll
0x00007ffc078e0000 - 0x00007ffc08de9000 	C:\WINDOWS\System32\SHELL32.dll
0x00007ffc06670000 - 0x00007ffc06d4a000 	C:\WINDOWS\System32\windows.storage.dll
0x00007ffc062b0000 - 0x00007ffc062fc000 	C:\WINDOWS\System32\powrprof.dll
0x00007ffc09ac0000 - 0x00007ffc09b12000 	C:\WINDOWS\System32\shlwapi.dll
0x00007ffc06270000 - 0x00007ffc0627f000 	C:\WINDOWS\System32\kernel.appcore.dll
0x00007ffc06550000 - 0x00007ffc065f9000 	C:\WINDOWS\System32\shcore.dll
0x00007ffc06280000 - 0x00007ffc06294000 	C:\WINDOWS\System32\profapi.dll
0x00007ffbf6750000 - 0x00007ffbf68e2000 	C:\WINDOWS\SYSTEM32\dbghelp.dll

VM Arguments:
jvm_args: -Djava.awt.headless=true -Xmx1024M -Dfile.encoding=GBK -Duser.country=CN -Duser.language=zh -Duser.variant 
java_command: com.android.dx.command.Main --dex --force-jumbo --num-threads=4 --multi-dex --output D:\Android_Studio_WorkPace\MyApp\app\build\intermediates\transforms\dex\debug\folders\1000\10\com.android.support-support-vector-drawable-23.4.0_81ab740c6a23c27271ac12a6e472386055334d05 D:\Android_Studio_WorkPace\MyApp\app\build\intermediates\exploded-aar\com.android.support\support-vector-drawable\23.4.0\jars\classes.jar
java_class_path (initial): D:\Android_Studio_SDK\build-tools\24.0.2\lib\dx.jar
Launcher Type: SUN_STANDARD

Environment Variables:
JAVA_HOME=D:\JAVA\Java\Jdk_8.0
CLASSPATH=.;D:\JAVA\Java\Jdk_8.0\lib\dt.jar;D:\JAVA\Java\Jdk_8.0\lib\tools.jar
PATH=C:\Program Files (x86)\NVIDIA Corporation\PhysX\Common;C:\WINDOWS\system32;C:\WINDOWS;C:\WINDOWS\System32\Wbem;C:\WINDOWS\System32\WindowsPowerShell\v1.0\;D:\JAVA\Java\Jdk_8.0\bin;D:\JAVA\Java\Jdk_8.0\jre\bin;D:\SVN2\bin;D:\Git\Git\cmd;C:\Users\longl\AppData\Local\Microsoft\WindowsApps
USERNAME=longl
OS=Windows_NT
PROCESSOR_IDENTIFIER=Intel64 Family 6 Model 60 Stepping 3, GenuineIntel



---------------  S Y S T E M  ---------------

OS: Windows 10.0 , 64 bit Build 14393 (10.0.14393.0)

CPU:total 4 (2 cores per cpu, 2 threads per core) family 6 model 60 stepping 3, cmov, cx8, fxsr, mmx, sse, sse2, sse3, ssse3, sse4.1, sse4.2, popcnt, avx, avx2, aes, clmul, erms, lzcnt, ht, tsc, tscinvbit, bmi1, bmi2

Memory: 4k page, physical 8268828k(1313360k free), swap 11204300k(1771376k free)

vm_info: Java HotSpot(TM) 64-Bit Server VM (25.91-b15) for windows-amd64 JRE (1.8.0_91-b15), built on May 20 2016 17:43:15 by "java_re" with MS VC++ 10.0 (VS2010)

time: Mon Feb 13 21:53:41 2017
elapsed time: 11 seconds (0d 0h 0m 11s)

