#
# A fatal error has been detected by the Java Runtime Environment:
#
#  EXCEPTION_ACCESS_VIOLATION (0xc0000005) at pc=0x0000000055947628, pid=780, tid=23448
#
# JRE version: Java(TM) SE Runtime Environment (8.0_91-b15) (build 1.8.0_91-b15)
# Java VM: Java HotSpot(TM) 64-Bit Server VM (25.91-b15 mixed mode windows-amd64 compressed oops)
# Problematic frame:
# V  [jvm.dll+0x27628]
#
# Failed to write core dump. Minidumps are not enabled by default on client versions of Windows
#
# If you would like to submit a bug report, please visit:
#   http://bugreport.java.com/bugreport/crash.jsp
#

---------------  T H R E A D  ---------------

Current thread (0x00000000170e2000):  JavaThread "C1 CompilerThread2" daemon [_thread_in_vm, id=23448, stack(0x0000000017580000,0x0000000017680000)]

siginfo: ExceptionCode=0xc0000005, reading address 0x00000038154d7278

Registers:
RAX=0xffffffffffffffff, RBX=0x00000038154d7278, RCX=0x0000000000000000, RDX=0x0000000000000048
RSP=0x000000001767eb00, RBP=0x000000001767ebb9, RSI=0x0000000000000002, RDI=0x000000001767f190
R8 =0x000000001767eb01, R9 =0x0000000055920000, R10=0x0000000000000000, R11=0x00000000170a1afe
R12=0x0000000055efa278, R13=0x000000000000f000, R14=0x0000000000000000, R15=0x000000000000c000
RIP=0x0000000055947628, EFLAGS=0x0000000000010213

Top of Stack: (sp=0x000000001767eb00)
0x000000001767eb00:   000000001767f138 000000000315d640
0x000000001767eb10:   0000000000000001 0000000055bbfd24
0x000000001767eb20:   0000000200000001 0000000000000000
0x000000001767eb30:   000000000000000f 0000000018087410
0x000000001767eb40:   0000000000000000 00000000170a1afe
0x000000001767eb50:   00000000170a1f16 0000000000000000
0x000000001767eb60:   00000000033d63ba 000000000000000a
0x000000001767eb70:   000000001767eb68 0000000000000000
0x000000001767eb80:   00000000034505a0 00000000033d05a0
0x000000001767eb90:   000000000344fc20 00000000034505a0
0x000000001767eba0:   00000000033d9b34 0000000003450191
0x000000001767ebb0:   0000000055efa278 000000001767eb40
0x000000001767ebc0:   0000000000000000 0000000000000001
0x000000001767ebd0:   0000000000000004 ffffffffffffffff
0x000000001767ebe0:   00000000173bcf30 0000000015a8c270
0x000000001767ebf0:   00000000170e2000 000000001767f0f8 

Instructions: (pc=0x0000000055947628)
0x0000000055947608:   f7 e8 f2 60 07 00 48 8b d8 48 85 c0 0f 84 55 ff
0x0000000055947618:   ff ff e8 81 91 0c 00 48 3b d8 0f 84 47 ff ff ff
0x0000000055947628:   48 8b 13 48 8b cb ff 52 18 84 c0 74 04 48 8b 5b
0x0000000055947638:   08 48 8b 03 48 8b cb ff 50 10 84 c0 74 0c 48 8b 


Register to memory mapping:

RAX=0xffffffffffffffff is an unknown value
RBX=0x00000038154d7278 is an unknown value
RCX=0x0000000000000000 is an unknown value
RDX=0x0000000000000048 is an unknown value
RSP=0x000000001767eb00 is pointing into the stack for thread: 0x00000000170e2000
RBP=0x000000001767ebb9 is pointing into the stack for thread: 0x00000000170e2000
RSI=0x0000000000000002 is an unknown value
RDI=0x000000001767f190 is pointing into the stack for thread: 0x00000000170e2000
R8 =0x000000001767eb01 is pointing into the stack for thread: 0x00000000170e2000
R9 =0x0000000055920000 is an unknown value
R10=0x0000000000000000 is an unknown value
R11=0x00000000170a1afe is an unknown value
R12=0x0000000055efa278 is an unknown value
R13=0x000000000000f000 is an unknown value
R14=0x0000000000000000 is an unknown value
R15=0x000000000000c000 is an unknown value


Stack: [0x0000000017580000,0x0000000017680000],  sp=0x000000001767eb00,  free space=1018k
Native frames: (J=compiled Java code, j=interpreted, Vv=VM code, C=native code)
V  [jvm.dll+0x27628]
V  [jvm.dll+0x9c4c5]
V  [jvm.dll+0x3069e]
V  [jvm.dll+0x4096e9]
V  [jvm.dll+0x40a6a4]
V  [jvm.dll+0x40a851]
V  [jvm.dll+0x40aa5f]
V  [jvm.dll+0xa4be2]
V  [jvm.dll+0xa551f]
V  [jvm.dll+0x243ae4]
V  [jvm.dll+0x29a99a]
C  [msvcr100.dll+0x21d9f]
C  [msvcr100.dll+0x21e3b]
C  [KERNEL32.DLL+0x8364]
C  [ntdll.dll+0x65e91]


Current CompileTask:
C1:   2416  826   !   3       com.android.dx.cf.code.Ropper::processBlock (1101 bytes)


---------------  P R O C E S S  ---------------

Java Threads: ( => current thread )
  0x0000000017304000 JavaThread "pool-2-thread-4" [_thread_blocked, id=11148, stack(0x0000000017c80000,0x0000000017d80000)]
  0x0000000017300800 JavaThread "pool-2-thread-3" [_thread_blocked, id=3740, stack(0x0000000017b80000,0x0000000017c80000)]
  0x00000000172ff800 JavaThread "pool-2-thread-2" [_thread_blocked, id=5068, stack(0x0000000017a80000,0x0000000017b80000)]
  0x00000000171cb000 JavaThread "pool-3-thread-1" [_thread_blocked, id=22928, stack(0x0000000017980000,0x0000000017a80000)]
  0x00000000171ca000 JavaThread "pool-2-thread-1" [_thread_blocked, id=21908, stack(0x0000000017880000,0x0000000017980000)]
  0x00000000170ec800 JavaThread "Service Thread" daemon [_thread_blocked, id=3008, stack(0x0000000017680000,0x0000000017780000)]
=>0x00000000170e2000 JavaThread "C1 CompilerThread2" daemon [_thread_in_vm, id=23448, stack(0x0000000017580000,0x0000000017680000)]
  0x000000001709a000 JavaThread "C2 CompilerThread1" daemon [_thread_blocked, id=7156, stack(0x0000000017480000,0x0000000017580000)]
  0x0000000015a89800 JavaThread "C2 CompilerThread0" daemon [_thread_blocked, id=6360, stack(0x0000000016f80000,0x0000000017080000)]
  0x0000000015a88000 JavaThread "Attach Listener" daemon [_thread_blocked, id=512, stack(0x0000000016e80000,0x0000000016f80000)]
  0x0000000015a3d800 JavaThread "Signal Dispatcher" daemon [_thread_blocked, id=4392, stack(0x0000000016d80000,0x0000000016e80000)]
  0x0000000003354800 JavaThread "Finalizer" daemon [_thread_blocked, id=23536, stack(0x0000000016c80000,0x0000000016d80000)]
  0x000000000334f000 JavaThread "Reference Handler" daemon [_thread_blocked, id=15724, stack(0x0000000016b80000,0x0000000016c80000)]
  0x0000000003260800 JavaThread "main" [_thread_blocked, id=22164, stack(0x0000000002fa0000,0x00000000030a0000)]

Other Threads:
  0x00000000159f8000 VMThread [stack: 0x0000000016a80000,0x0000000016b80000] [id=14148]
  0x0000000017143800 WatcherThread [stack: 0x0000000017780000,0x0000000017880000] [id=25244]

VM state:not at safepoint (normal execution)

VM Mutex/Monitor currently owned by a thread:  ([mutex/lock_event])
[0x000000000315d640] Compile_lock - owner thread: 0x00000000170e2000
[0x000000000315e2c0] MethodCompileQueue_lock - owner thread: 0x00000000170e2000

Heap:
 PSYoungGen      total 38400K, used 16941K [0x00000000eab00000, 0x00000000ed580000, 0x0000000100000000)
  eden space 33280K, 50% used [0x00000000eab00000,0x00000000ebb8b6d8,0x00000000ecb80000)
  from space 5120K, 0% used [0x00000000ed080000,0x00000000ed080000,0x00000000ed580000)
  to   space 5120K, 0% used [0x00000000ecb80000,0x00000000ecb80000,0x00000000ed080000)
 ParOldGen       total 87552K, used 0K [0x00000000c0000000, 0x00000000c5580000, 0x00000000eab00000)
  object space 87552K, 0% used [0x00000000c0000000,0x00000000c0000000,0x00000000c5580000)
 Metaspace       used 5639K, capacity 6704K, committed 6784K, reserved 1056768K
  class space    used 579K, capacity 616K, committed 640K, reserved 1048576K

Card table byte_map: [0x0000000012720000,0x0000000012930000] byte_map_base: 0x0000000012120000

Marking Bits: (ParMarkBitMap*) 0x0000000056132f70
 Begin Bits: [0x0000000012e90000, 0x0000000013e90000)
 End Bits:   [0x0000000013e90000, 0x0000000014e90000)

Polling page: 0x0000000002c10000

CodeCache: size=245760Kb used=3429Kb max_used=3440Kb free=242330Kb
 bounds [0x0000000003360000, 0x00000000036c0000, 0x0000000012360000]
 total_blobs=1083 nmethods=819 adapters=177
 compilation: enabled

Compilation events (10 events):
Event: 2.324 Thread 0x00000000170e2000 nmethod 818 0x00000000036bc310 code [0x00000000036bc4a0, 0x00000000036bc908]
Event: 2.324 Thread 0x00000000170e2000  826   !   3       com.android.dx.cf.code.Ropper::processBlock (1101 bytes)
Event: 2.324 Thread 0x0000000015a89800  830       4       com.android.dx.rop.code.Insn::<init> (69 bytes)
Event: 2.325 Thread 0x0000000015a89800 nmethod 830 0x00000000036b2590 code [0x00000000036b26c0, 0x00000000036b27b8]
Event: 2.329 Thread 0x000000001709a000  833       4       com.android.dx.ssa.NormalSsaInsn::hasSideEffect (76 bytes)
Event: 2.329 Thread 0x0000000015a89800  834       4       java.util.Collections$UnmodifiableCollection$1::hasNext (10 bytes)
Event: 2.330 Thread 0x0000000015a89800 nmethod 834 0x00000000036bd850 code [0x00000000036bd9a0, 0x00000000036bda58]
Event: 2.332 Thread 0x000000001709a000 nmethod 833 0x00000000036ba550 code [0x00000000036ba6a0, 0x00000000036ba818]
Event: 2.336 Thread 0x0000000015a89800  840       4       com.android.dx.util.LabeledList::indexOfLabel (22 bytes)
Event: 2.337 Thread 0x0000000015a89800 nmethod 840 0x00000000036afed0 code [0x00000000036b0020, 0x00000000036b00d8]

GC Heap History (0 events):
No events

Deoptimization events (4 events):
Event: 1.608 Thread 0x00000000172ff800 Uncommon trap: reason=unstable_if action=reinterpret pc=0x0000000003579000 method=java.util.HashMap.getNode(ILjava/lang/Object;)Ljava/util/HashMap$Node; @ 62
Event: 1.624 Thread 0x00000000172ff800 Uncommon trap: reason=unstable_if action=reinterpret pc=0x00000000035c467c method=java.util.HashMap.getNode(ILjava/lang/Object;)Ljava/util/HashMap$Node; @ 62
Event: 1.740 Thread 0x0000000017304000 Uncommon trap: reason=null_check action=make_not_entrant pc=0x0000000003657c88 method=com.android.dx.ssa.SsaRenamer.getLocalForNewReg(I)Lcom/android/dx/rop/code/LocalItem; @ 19
Event: 2.232 Thread 0x00000000172ff800 Uncommon trap: reason=null_check action=make_not_entrant pc=0x000000000367cabc method=com.android.dx.ssa.SsaRenamer.getLocalForNewReg(I)Lcom/android/dx/rop/code/LocalItem; @ 19

Internal exceptions (4 events):
Event: 0.208 Thread 0x0000000003260800 Exception <a 'java/lang/NoSuchMethodError': Method sun.misc.Unsafe.defineClass(Ljava/lang/String;[BII)Ljava/lang/Class; name or signature does not match> (0x00000000eab07cc0) thrown at [C:\re\workspace\8-2-build-windows-amd64-cygwin\jdk8u91\7017\hotspot\srh¶(õ·° ?
Event: 0.208 Thread 0x0000000003260800 Exception <a 'java/lang/NoSuchMethodError': Method sun.misc.Unsafe.prefetchRead(Ljava/lang/Object;J)V name or signature does not match> (0x00000000eab07fa8) thrown at [C:\re\workspace\8-2-build-windows-amd64-cygwin\jdk8u91\7017\hotspot\src\share\vm\prims\j%¯¬iÅÿ˚?
Event: 1.740 Thread 0x0000000017304000 Implicit null exception at 0x0000000003656660 to 0x0000000003657c6d
Event: 2.232 Thread 0x00000000172ff800 Implicit null exception at 0x000000000367b75d to 0x000000000367ca71

Events (10 events):
Event: 1.740 Thread 0x0000000017304000 Uncommon trap: trap_request=0xfffffff4 fr.pc=0x0000000003657c88
Event: 1.740 Thread 0x0000000017304000 DEOPT PACKING pc=0x0000000003657c88 sp=0x0000000017d7eb60
Event: 1.740 Thread 0x0000000017304000 DEOPT UNPACKING pc=0x00000000033a582a sp=0x0000000017d7ea08 mode 2
Event: 2.197 loading class java/util/ArrayList$1
Event: 2.197 loading class java/util/ArrayList$1 done
Event: 2.232 Thread 0x00000000172ff800 Uncommon trap: trap_request=0xfffffff4 fr.pc=0x000000000367cabc
Event: 2.232 Thread 0x00000000172ff800 DEOPT PACKING pc=0x000000000367cabc sp=0x0000000017b7e9d0
Event: 2.232 Thread 0x00000000172ff800 DEOPT UNPACKING pc=0x00000000033a582a sp=0x0000000017b7e828 mode 2
Event: 2.251 Executing VM operation: ForceSafepoint
Event: 2.254 Executing VM operation: ForceSafepoint done


Dynamic libraries:
0x00007ff657b70000 - 0x00007ff657ba7000 	D:\JAVA\Java\Jdk_8.0\bin\java.exe
0x00007ffc09e10000 - 0x00007ffc09fe1000 	C:\WINDOWS\SYSTEM32\ntdll.dll
0x00007ffc07690000 - 0x00007ffc0773b000 	C:\WINDOWS\System32\KERNEL32.DLL
0x00007ffc06d50000 - 0x00007ffc06f6d000 	C:\WINDOWS\System32\KERNELBASE.dll
0x00007ffc074b0000 - 0x00007ffc07552000 	C:\WINDOWS\System32\ADVAPI32.dll
0x00007ffc073a0000 - 0x00007ffc0743e000 	C:\WINDOWS\System32\msvcrt.dll
0x00007ffc099d0000 - 0x00007ffc09a29000 	C:\WINDOWS\System32\sechost.dll
0x00007ffc07560000 - 0x00007ffc07681000 	C:\WINDOWS\System32\RPCRT4.dll
0x00007ffc08ef0000 - 0x00007ffc09055000 	C:\WINDOWS\System32\USER32.dll
0x00007ffc07020000 - 0x00007ffc0703e000 	C:\WINDOWS\System32\win32u.dll
0x00007ffc09290000 - 0x00007ffc092c4000 	C:\WINDOWS\System32\GDI32.dll
0x00007ffc07040000 - 0x00007ffc071c2000 	C:\WINDOWS\System32\gdi32full.dll
0x00007ffbfee70000 - 0x00007ffbff0ea000 	C:\WINDOWS\WinSxS\amd64_microsoft.windows.common-controls_6595b64144ccf1df_6.0.14393.351_none_4213128bc687e6d3\COMCTL32.dll
0x00007ffc092d0000 - 0x00007ffc09597000 	C:\WINDOWS\System32\combase.dll
0x00007ffc06450000 - 0x00007ffc06545000 	C:\WINDOWS\System32\ucrtbase.dll
0x00007ffc06600000 - 0x00007ffc0666a000 	C:\WINDOWS\System32\bcryptPrimitives.dll
0x00007ffc09a30000 - 0x00007ffc09a5e000 	C:\WINDOWS\System32\IMM32.DLL
0x00007ffc05160000 - 0x00007ffc05191000 	C:\WINDOWS\system32\nvinitx.dll
0x00007ffc05150000 - 0x00007ffc0515a000 	C:\WINDOWS\SYSTEM32\VERSION.dll
0x00000000553c0000 - 0x0000000055492000 	D:\JAVA\Java\Jdk_8.0\jre\bin\msvcr100.dll
0x0000000055920000 - 0x00000000561b3000 	D:\JAVA\Java\Jdk_8.0\jre\bin\server\jvm.dll
0x00007ffc09280000 - 0x00007ffc09288000 	C:\WINDOWS\System32\PSAPI.DLL
0x00007ffbfd930000 - 0x00007ffbfd939000 	C:\WINDOWS\SYSTEM32\WSOCK32.dll
0x00007ffc09bf0000 - 0x00007ffc09c5a000 	C:\WINDOWS\System32\WS2_32.dll
0x00007ffc045f0000 - 0x00007ffc04613000 	C:\WINDOWS\SYSTEM32\WINMM.dll
0x00007ffc04510000 - 0x00007ffc0453b000 	C:\WINDOWS\SYSTEM32\WINMMBASE.dll
0x00007ffc06360000 - 0x00007ffc063a2000 	C:\WINDOWS\System32\cfgmgr32.dll
0x0000000055830000 - 0x000000005583f000 	D:\JAVA\Java\Jdk_8.0\jre\bin\verify.dll
0x0000000055800000 - 0x0000000055829000 	D:\JAVA\Java\Jdk_8.0\jre\bin\java.dll
0x00000000557e0000 - 0x00000000557f6000 	D:\JAVA\Java\Jdk_8.0\jre\bin\zip.dll
0x00007ffc078e0000 - 0x00007ffc08de9000 	C:\WINDOWS\System32\SHELL32.dll
0x00007ffc06670000 - 0x00007ffc06d4a000 	C:\WINDOWS\System32\windows.storage.dll
0x00007ffc062b0000 - 0x00007ffc062fc000 	C:\WINDOWS\System32\powrprof.dll
0x00007ffc09ac0000 - 0x00007ffc09b12000 	C:\WINDOWS\System32\shlwapi.dll
0x00007ffc06270000 - 0x00007ffc0627f000 	C:\WINDOWS\System32\kernel.appcore.dll
0x00007ffc06550000 - 0x00007ffc065f9000 	C:\WINDOWS\System32\shcore.dll
0x00007ffc06280000 - 0x00007ffc06294000 	C:\WINDOWS\System32\profapi.dll
0x00007ffbf6750000 - 0x00007ffbf68e2000 	C:\WINDOWS\SYSTEM32\dbghelp.dll

VM Arguments:
jvm_args: -Djava.awt.headless=true -Xmx1024M -Dfile.encoding=GBK -Duser.country=CN -Duser.language=zh -Duser.variant 
java_command: com.android.dx.command.Main --dex --force-jumbo --num-threads=4 --multi-dex --output D:\Android_Studio_WorkPace\MyApp\app\build\intermediates\transforms\dex\debug\folders\1000\5\slice_1 D:\Android_Studio_WorkPace\MyApp\app\build\intermediates\transforms\instantRunSlicer\debug\folders\1\5\slice_1
java_class_path (initial): D:\Android_Studio_SDK\build-tools\24.0.2\lib\dx.jar
Launcher Type: SUN_STANDARD

Environment Variables:
JAVA_HOME=D:\JAVA\Java\Jdk_8.0
CLASSPATH=.;D:\JAVA\Java\Jdk_8.0\lib\dt.jar;D:\JAVA\Java\Jdk_8.0\lib\tools.jar
PATH=C:\Program Files (x86)\NVIDIA Corporation\PhysX\Common;C:\WINDOWS\system32;C:\WINDOWS;C:\WINDOWS\System32\Wbem;C:\WINDOWS\System32\WindowsPowerShell\v1.0\;D:\JAVA\Java\Jdk_8.0\bin;D:\JAVA\Java\Jdk_8.0\jre\bin;D:\SVN2\bin;D:\Git\Git\cmd;C:\Users\longl\AppData\Local\Microsoft\WindowsApps
USERNAME=longl
OS=Windows_NT
PROCESSOR_IDENTIFIER=Intel64 Family 6 Model 60 Stepping 3, GenuineIntel



---------------  S Y S T E M  ---------------

OS: Windows 10.0 , 64 bit Build 14393 (10.0.14393.0)

CPU:total 4 (2 cores per cpu, 2 threads per core) family 6 model 60 stepping 3, cmov, cx8, fxsr, mmx, sse, sse2, sse3, ssse3, sse4.1, sse4.2, popcnt, avx, avx2, aes, clmul, erms, lzcnt, ht, tsc, tscinvbit, bmi1, bmi2

Memory: 4k page, physical 8268828k(1429168k free), swap 11204300k(1534304k free)

vm_info: Java HotSpot(TM) 64-Bit Server VM (25.91-b15) for windows-amd64 JRE (1.8.0_91-b15), built on May 20 2016 17:43:15 by "java_re" with MS VC++ 10.0 (VS2010)

time: Mon Feb 13 21:53:44 2017
elapsed time: 2 seconds (0d 0h 0m 2s)

